<?xml version="1.0" encoding="UTF-8"?>
<!-- Generated by org.testng.reporters.JUnitXMLReporter -->
<testsuite ignored="14" hostname="NMS-Karthick" failures="3" tests="32" name="Regression" time="506.71" errors="0" timestamp="2026-01-01T16:33:08 IST">
  <testcase classname="testcases.SessionNavigationTest" name="logout" time="2.616"/>
  <testcase classname="testcases.LoginTest" name="testInvalidEmailFormat" time="1.376"/>
  <testcase classname="testcases.RegistrationTest" name="testInvalidRegistrationScenarios" time="3.793"/>
  <testcase classname="testcases.RegistrationTest" name="testInvalidRegistrationScenarios" time="5.238"/>
  <testcase classname="testcases.RegistrationTest" name="testInvalidRegistrationScenarios" time="6.205"/>
  <testcase classname="testcases.RegistrationTest" name="testInvalidRegistrationScenarios" time="4.069"/>
  <testcase classname="testcases.RegistrationTest" name="testInvalidRegistrationScenarios" time="5.092"/>
  <testcase classname="testcases.RegistrationTest" name="testInvalidRegistrationScenarios" time="3.871"/>
  <testcase classname="testcases.LoginTest" name="testLoginWithEmptyFields" time="1.567"/>
  <testcase classname="testcases.LoginTest" name="testLoginWithIncorrectPassword" time="2.2"/>
  <testcase classname="testcases.LoginTest" name="testPasswordMasking" time="0.094"/>
  <testcase classname="testcases.RegistrationTest" name="testRegistrationWithExistingEmail" time="10.909"/>
  <testcase classname="testcases.LoginTest" name="testValidLogin" time="3.091"/>
  <testcase classname="testcases.RegistrationTest" name="testValidSignup" time="5.948"/>
  <testcase classname="testcases.SessionNavigationTest" name="verifyBackAfterLogout" time="23.724"/>
  <testcase classname="testcases.SessionNavigationTest" name="verifyLoginPersistsOnRefresh" time="1.408"/>
  <testcase classname="testcases.SessionNavigationTest" name="verifyLoginRequiredForContactList" time="10.883">
    <failure type="org.openqa.selenium.TimeoutException" message="Expected condition failed: waiting for url to be &amp;quot;https://thinking-tester-contact-list.herokuapp.com/&amp;quot;. Current url: &amp;quot;https://thinking-tester-contact-list.herokuapp.com/contactList&amp;quot; (tried for 10 second(s) with 500 milliseconds interval)
Build info: version: &amp;apos;4.39.0&amp;apos;, revision: &amp;apos;126f156aee&amp;apos;
System info: os.name: &amp;apos;Windows 11&amp;apos;, os.arch: &amp;apos;amd64&amp;apos;, os.version: &amp;apos;10.0&amp;apos;, java.version: &amp;apos;25&amp;apos;
Driver info: org.openqa.selenium.chrome.ChromeDriver
Capabilities {acceptInsecureCerts: false, browserName: chrome, browserVersion: 143.0.7499.170, chrome: {chromedriverVersion: 143.0.7499.169 (164b20aab62..., userDataDir: C:\Users\KARTHI~1\AppData\L...}, fedcm:accounts: true, goog:chromeOptions: {debuggerAddress: localhost:57279}, goog:processID: 33108, networkConnectionEnabled: false, pageLoadStrategy: normal, platformName: windows, proxy: Proxy(), se:cdp: ws://localhost:57279/devtoo..., se:cdpVersion: 143.0.7499.170, setWindowRect: true, strictFileInteractability: false, timeouts: {implicit: 0, pageLoad: 300000, script: 30000}, unhandledPromptBehavior: dismiss and notify, webauthn:extension:credBlob: true, webauthn:extension:largeBlob: true, webauthn:extension:minPinLength: true, webauthn:extension:prf: true, webauthn:virtualAuthenticators: true}
Session ID: 45e940d5740867368570d5fbf2b5b28e">
      <![CDATA[org.openqa.selenium.TimeoutException: Expected condition failed: waiting for url to be "https://thinking-tester-contact-list.herokuapp.com/". Current url: "https://thinking-tester-contact-list.herokuapp.com/contactList" (tried for 10 second(s) with 500 milliseconds interval)
Build info: version: '4.39.0', revision: '126f156aee'
System info: os.name: 'Windows 11', os.arch: 'amd64', os.version: '10.0', java.version: '25'
Driver info: org.openqa.selenium.chrome.ChromeDriver
Capabilities {acceptInsecureCerts: false, browserName: chrome, browserVersion: 143.0.7499.170, chrome: {chromedriverVersion: 143.0.7499.169 (164b20aab62..., userDataDir: C:\Users\KARTHI~1\AppData\L...}, fedcm:accounts: true, goog:chromeOptions: {debuggerAddress: localhost:57279}, goog:processID: 33108, networkConnectionEnabled: false, pageLoadStrategy: normal, platformName: windows, proxy: Proxy(), se:cdp: ws://localhost:57279/devtoo..., se:cdpVersion: 143.0.7499.170, setWindowRect: true, strictFileInteractability: false, timeouts: {implicit: 0, pageLoad: 300000, script: 30000}, unhandledPromptBehavior: dismiss and notify, webauthn:extension:credBlob: true, webauthn:extension:largeBlob: true, webauthn:extension:minPinLength: true, webauthn:extension:prf: true, webauthn:virtualAuthenticators: true}
Session ID: 45e940d5740867368570d5fbf2b5b28e
at org.openqa.selenium.support.ui.WebDriverWait.timeoutException(WebDriverWait.java:84)
at org.openqa.selenium.support.ui.FluentWait.until(FluentWait.java:228)
at testcases.SessionNavigationTest.verifyLoginRequiredForContactList(SessionNavigationTest.java:106)
at java.base/java.util.ArrayList.forEach(ArrayList.java:1604)
at java.base/java.util.concurrent.FutureTask.run(FutureTask.java:328)
at java.base/java.util.concurrent.ThreadPoolExecutor.runWorker(ThreadPoolExecutor.java:1090)
at java.base/java.util.concurrent.ThreadPoolExecutor$Worker.run(ThreadPoolExecutor.java:614)
at java.base/java.lang.Thread.run(Thread.java:1474)
... Removed 15 stack frames]]>
    </failure>
  </testcase> <!-- verifyLoginRequiredForContactList -->
  <testcase classname="testcases.AddContactTest" name="testAddValidContact" time="9.882"/>
  <testcase classname="testcases.UITest" name="testContactFormAlignment" time="2.351">
    <failure type="java.lang.AssertionError" message="Right Column Alignment Failed (Phone vs LastName) expected [451] but found [361]">
      <![CDATA[java.lang.AssertionError: Right Column Alignment Failed (Phone vs LastName) expected [451] but found [361]
at testcases.UITest.testContactFormAlignment(UITest.java:81)
at java.base/java.util.ArrayList.forEach(ArrayList.java:1604)
at java.base/java.util.concurrent.FutureTask.run(FutureTask.java:328)
at java.base/java.util.concurrent.ThreadPoolExecutor.runWorker(ThreadPoolExecutor.java:1090)
at java.base/java.util.concurrent.ThreadPoolExecutor$Worker.run(ThreadPoolExecutor.java:614)
at java.base/java.lang.Thread.run(Thread.java:1474)
... Removed 21 stack frames]]>
    </failure>
  </testcase> <!-- testContactFormAlignment -->
  <testcase classname="testcases.EditContactTest" name="testEditContactSuccessfully" time="9.812"/>
  <testcase classname="testcases.InputValidationTest" name="testMaxCharacterLimit" time="7.225"/>
  <testcase classname="testcases.DeleteContactTest" name="testSelectSpecificContact" time="2.453"/>
  <testcase classname="testcases.UITest" name="testActionSuccessIndicator" time="5.966"/>
  <testcase classname="testcases.AddContactTest" name="testAddContactMissingRequiredFields" time="7.632"/>
  <testcase classname="testcases.EditContactTest" name="testCancelEdit" time="10.337"/>
  <testcase classname="testcases.DeleteContactTest" name="testDeleteContactAlert" time="2.213"/>
  <testcase classname="testcases.InputValidationTest" name="testUnicodeAndEmojis" time="11.247"/>
  <testcase classname="testcases.EditContactTest" name="testEditValidationMissingField" time="8.173"/>
  <testcase classname="testcases.AddContactTest" name="testInvalidPhoneInput" time="19.348"/>
  <testcase classname="testcases.AddContactTest" name="testDuplicateContactBehavior" time="15.763"/>
  <testcase classname="testcases.DeleteContactTest" name="testDeleteContactPermanently" time="5.024">
    <failure type="java.lang.AssertionError" message="Contact was not deleted successfully.">
      <![CDATA[java.lang.AssertionError: Contact was not deleted successfully.
at testcases.DeleteContactTest.testDeleteContactPermanently(DeleteContactTest.java:146)
at java.base/java.util.ArrayList.forEach(ArrayList.java:1604)
at java.base/java.util.concurrent.FutureTask.run(FutureTask.java:328)
at java.base/java.util.concurrent.ThreadPoolExecutor.runWorker(ThreadPoolExecutor.java:1090)
at java.base/java.util.concurrent.ThreadPoolExecutor$Worker.run(ThreadPoolExecutor.java:614)
at java.base/java.lang.Thread.run(Thread.java:1474)
... Removed 16 stack frames]]>
    </failure>
  </testcase> <!-- testDeleteContactPermanently -->
  <testcase classname="testcases.AddContactTest" name="testFormResetAfterAddition" time="5.748"/>
  <testcase classname="Baseclass.BaseTest" name="@AfterSuite saveReport" time="0.0">
    <ignored/>
  </testcase> <!-- @AfterSuite saveReport -->
  <testcase classname="Baseclass.BaseTest" name="@BeforeSuite setupReport" time="0.0">
    <ignored/>
  </testcase> <!-- @BeforeSuite setupReport -->
  <testcase classname="Baseclass.BaseTest" name="@BeforeSuite setupReport" time="0.0">
    <ignored/>
  </testcase> <!-- @BeforeSuite setupReport -->
  <testcase classname="Baseclass.BaseTest" name="@BeforeSuite setupReport" time="0.0">
    <ignored/>
  </testcase> <!-- @BeforeSuite setupReport -->
  <testcase classname="Baseclass.BaseTest" name="@AfterSuite saveReport" time="0.0">
    <ignored/>
  </testcase> <!-- @AfterSuite saveReport -->
  <testcase classname="Baseclass.BaseTest" name="@BeforeSuite setupReport" time="0.0">
    <ignored/>
  </testcase> <!-- @BeforeSuite setupReport -->
  <testcase classname="Baseclass.BaseTest" name="@AfterSuite saveReport" time="0.0">
    <ignored/>
  </testcase> <!-- @AfterSuite saveReport -->
  <testcase classname="Baseclass.BaseTest" name="@AfterSuite saveReport" time="0.0">
    <ignored/>
  </testcase> <!-- @AfterSuite saveReport -->
  <testcase classname="Baseclass.BaseTest" name="@BeforeSuite setupReport" time="0.0">
    <ignored/>
  </testcase> <!-- @BeforeSuite setupReport -->
  <testcase classname="Baseclass.BaseTest" name="@AfterSuite saveReport" time="0.0">
    <ignored/>
  </testcase> <!-- @AfterSuite saveReport -->
  <testcase classname="Baseclass.BaseTest" name="@BeforeSuite setupReport" time="0.0">
    <ignored/>
  </testcase> <!-- @BeforeSuite setupReport -->
  <testcase classname="Baseclass.BaseTest" name="@BeforeSuite setupReport" time="0.0">
    <ignored/>
  </testcase> <!-- @BeforeSuite setupReport -->
  <testcase classname="Baseclass.BaseTest" name="@AfterSuite saveReport" time="0.0">
    <ignored/>
  </testcase> <!-- @AfterSuite saveReport -->
  <testcase classname="Baseclass.BaseTest" name="@AfterSuite saveReport" time="0.0">
    <ignored/>
  </testcase> <!-- @AfterSuite saveReport -->
</testsuite> <!-- Regression -->
