<?xml version="1.0" encoding="UTF-8"?>
<testng-results ignored="0" total="64" passed="50" failed="14" skipped="0">
  <reporter-output>
  </reporter-output>
  <suite started-at="2025-12-26T17:27:31 IST" name="CrossBrowserSuite" finished-at="2025-12-26T17:37:54 IST" duration-ms="623627">
    <groups>
    </groups>
    <test started-at="2025-12-26T17:27:31 IST" name="Chrome Test" finished-at="2025-12-26T17:35:08 IST" duration-ms="457375">
      <class name="testcases.UITest">
        <test-method is-config="true" signature="setup(java.lang.String)[pri:0, instance:testcases.UITest@3023df74]" started-at="2025-12-26T17:31:23 IST" name="setup" finished-at="2025-12-26T17:31:27 IST" duration-ms="3846" status="PASS">
          <params>
            <param index="0">
              <value>
                <![CDATA[chrome]]>
              </value>
            </param>
          </params>
          <reporter-output>
          </reporter-output>
        </test-method> <!-- setup -->
        <test-method is-config="true" signature="setup()[pri:0, instance:testcases.UITest@3023df74]" started-at="2025-12-26T17:31:27 IST" name="setup" finished-at="2025-12-26T17:31:29 IST" duration-ms="1964" status="PASS">
          <reporter-output>
          </reporter-output>
        </test-method> <!-- setup -->
        <test-method signature="testContactFormAlignment()[pri:1, instance:testcases.UITest@3023df74]" started-at="2025-12-26T17:31:29 IST" name="testContactFormAlignment" finished-at="2025-12-26T17:31:30 IST" duration-ms="1501" status="FAIL">
          <exception class="java.lang.AssertionError">
            <message>
              <![CDATA[Right Column Alignment Failed (Phone vs LastName) expected [451] but found [361]]]>
            </message>
            <full-stacktrace>
              <![CDATA[java.lang.AssertionError: Right Column Alignment Failed (Phone vs LastName) expected [451] but found [361]
at org.testng.Assert.fail(Assert.java:111)
at org.testng.Assert.failNotEquals(Assert.java:1590)
at org.testng.Assert.assertEqualsImpl(Assert.java:150)
at org.testng.Assert.assertEquals(Assert.java:132)
at org.testng.Assert.assertEquals(Assert.java:1431)
at org.testng.Assert.assertEquals(Assert.java:1395)
at testcases.UITest.testContactFormAlignment(UITest.java:78)
at java.base/jdk.internal.reflect.DirectMethodHandleAccessor.invoke(DirectMethodHandleAccessor.java:104)
at java.base/java.lang.reflect.Method.invoke(Method.java:565)
at org.testng.internal.invokers.MethodInvocationHelper.invokeMethod(MethodInvocationHelper.java:141)
at org.testng.internal.invokers.TestInvoker.invokeMethod(TestInvoker.java:687)
at org.testng.internal.invokers.TestInvoker.invokeTestMethod(TestInvoker.java:230)
at org.testng.internal.invokers.MethodRunner.runInSequence(MethodRunner.java:63)
at org.testng.internal.invokers.TestInvoker$MethodInvocationAgent.invoke(TestInvoker.java:995)
at org.testng.internal.invokers.TestInvoker.invokeTestMethods(TestInvoker.java:203)
at org.testng.internal.invokers.TestMethodWorker.invokeTestMethods(TestMethodWorker.java:154)
at org.testng.internal.invokers.TestMethodWorker.run(TestMethodWorker.java:134)
at java.base/java.util.ArrayList.forEach(ArrayList.java:1604)
at org.testng.TestRunner.privateRun(TestRunner.java:741)
at org.testng.TestRunner.run(TestRunner.java:616)
at org.testng.SuiteRunner.runTest(SuiteRunner.java:421)
at org.testng.SuiteRunner$SuiteWorker.run(SuiteRunner.java:463)
at org.testng.internal.thread.ThreadUtil.lambda$execute$0(ThreadUtil.java:64)
at java.base/java.util.concurrent.FutureTask.run(FutureTask.java:328)
at java.base/java.util.concurrent.ThreadPoolExecutor.runWorker(ThreadPoolExecutor.java:1090)
at java.base/java.util.concurrent.ThreadPoolExecutor$Worker.run(ThreadPoolExecutor.java:614)
at java.base/java.lang.Thread.run(Thread.java:1474)
]]>
            </full-stacktrace>
          </exception> <!-- java.lang.AssertionError -->
          <reporter-output>
          </reporter-output>
        </test-method> <!-- testContactFormAlignment -->
        <test-method is-config="true" signature="tearDown()[pri:0, instance:testcases.UITest@3023df74]" started-at="2025-12-26T17:31:30 IST" name="tearDown" finished-at="2025-12-26T17:31:30 IST" duration-ms="420" status="PASS">
          <reporter-output>
          </reporter-output>
        </test-method> <!-- tearDown -->
        <test-method is-config="true" signature="setup(java.lang.String)[pri:0, instance:testcases.UITest@3023df74]" started-at="2025-12-26T17:32:18 IST" name="setup" finished-at="2025-12-26T17:32:24 IST" duration-ms="5577" status="PASS">
          <params>
            <param index="0">
              <value>
                <![CDATA[chrome]]>
              </value>
            </param>
          </params>
          <reporter-output>
          </reporter-output>
        </test-method> <!-- setup -->
        <test-method is-config="true" signature="setup()[pri:0, instance:testcases.UITest@3023df74]" started-at="2025-12-26T17:32:24 IST" name="setup" finished-at="2025-12-26T17:32:26 IST" duration-ms="2189" status="PASS">
          <reporter-output>
          </reporter-output>
        </test-method> <!-- setup -->
        <test-method signature="testActionSuccessIndicator()[pri:2, instance:testcases.UITest@3023df74]" started-at="2025-12-26T17:32:26 IST" name="testActionSuccessIndicator" finished-at="2025-12-26T17:32:31 IST" duration-ms="5073" status="PASS">
          <reporter-output>
          </reporter-output>
        </test-method> <!-- testActionSuccessIndicator -->
        <test-method is-config="true" signature="tearDown()[pri:0, instance:testcases.UITest@3023df74]" started-at="2025-12-26T17:32:31 IST" name="tearDown" finished-at="2025-12-26T17:32:31 IST" duration-ms="541" status="PASS">
          <reporter-output>
          </reporter-output>
        </test-method> <!-- tearDown -->
      </class> <!-- testcases.UITest -->
      <class name="testcases.AddContactTest">
        <test-method is-config="true" signature="setup(java.lang.String)[pri:0, instance:testcases.AddContactTest@59662a0b]" started-at="2025-12-26T17:31:11 IST" name="setup" finished-at="2025-12-26T17:31:15 IST" duration-ms="4516" status="PASS">
          <params>
            <param index="0">
              <value>
                <![CDATA[chrome]]>
              </value>
            </param>
          </params>
          <reporter-output>
          </reporter-output>
        </test-method> <!-- setup -->
        <test-method is-config="true" signature="setupAndLogin()[pri:0, instance:testcases.AddContactTest@59662a0b]" started-at="2025-12-26T17:31:15 IST" name="setupAndLogin" finished-at="2025-12-26T17:31:16 IST" duration-ms="580" status="PASS">
          <reporter-output>
          </reporter-output>
        </test-method> <!-- setupAndLogin -->
        <test-method signature="testAddValidContact()[pri:1, instance:testcases.AddContactTest@59662a0b]" started-at="2025-12-26T17:31:16 IST" name="testAddValidContact" finished-at="2025-12-26T17:31:22 IST" duration-ms="6283" status="PASS">
          <reporter-output>
          </reporter-output>
        </test-method> <!-- testAddValidContact -->
        <test-method is-config="true" signature="tearDown()[pri:0, instance:testcases.AddContactTest@59662a0b]" started-at="2025-12-26T17:31:22 IST" name="tearDown" finished-at="2025-12-26T17:31:23 IST" duration-ms="354" status="PASS">
          <reporter-output>
          </reporter-output>
        </test-method> <!-- tearDown -->
        <test-method is-config="true" signature="setup(java.lang.String)[pri:0, instance:testcases.AddContactTest@59662a0b]" started-at="2025-12-26T17:32:31 IST" name="setup" finished-at="2025-12-26T17:32:36 IST" duration-ms="4477" status="PASS">
          <params>
            <param index="0">
              <value>
                <![CDATA[chrome]]>
              </value>
            </param>
          </params>
          <reporter-output>
          </reporter-output>
        </test-method> <!-- setup -->
        <test-method is-config="true" signature="setupAndLogin()[pri:0, instance:testcases.AddContactTest@59662a0b]" started-at="2025-12-26T17:32:36 IST" name="setupAndLogin" finished-at="2025-12-26T17:32:36 IST" duration-ms="491" status="PASS">
          <reporter-output>
          </reporter-output>
        </test-method> <!-- setupAndLogin -->
        <test-method signature="testAddContactMissingRequiredFields()[pri:2, instance:testcases.AddContactTest@59662a0b]" started-at="2025-12-26T17:32:36 IST" name="testAddContactMissingRequiredFields" finished-at="2025-12-26T17:32:40 IST" duration-ms="3740" status="PASS">
          <reporter-output>
          </reporter-output>
        </test-method> <!-- testAddContactMissingRequiredFields -->
        <test-method is-config="true" signature="tearDown()[pri:0, instance:testcases.AddContactTest@59662a0b]" started-at="2025-12-26T17:32:40 IST" name="tearDown" finished-at="2025-12-26T17:32:41 IST" duration-ms="416" status="PASS">
          <reporter-output>
          </reporter-output>
        </test-method> <!-- tearDown -->
        <test-method is-config="true" signature="setup(java.lang.String)[pri:0, instance:testcases.AddContactTest@59662a0b]" started-at="2025-12-26T17:34:13 IST" name="setup" finished-at="2025-12-26T17:34:17 IST" duration-ms="3318" status="PASS">
          <params>
            <param index="0">
              <value>
                <![CDATA[chrome]]>
              </value>
            </param>
          </params>
          <reporter-output>
          </reporter-output>
        </test-method> <!-- setup -->
        <test-method is-config="true" signature="setupAndLogin()[pri:0, instance:testcases.AddContactTest@59662a0b]" started-at="2025-12-26T17:34:17 IST" name="setupAndLogin" finished-at="2025-12-26T17:34:18 IST" duration-ms="1600" status="PASS">
          <reporter-output>
          </reporter-output>
        </test-method> <!-- setupAndLogin -->
        <test-method signature="testInvalidPhoneInput()[pri:3, instance:testcases.AddContactTest@59662a0b]" started-at="2025-12-26T17:34:18 IST" name="testInvalidPhoneInput" finished-at="2025-12-26T17:34:24 IST" duration-ms="6120" status="PASS">
          <reporter-output>
          </reporter-output>
        </test-method> <!-- testInvalidPhoneInput -->
        <test-method is-config="true" signature="tearDown()[pri:0, instance:testcases.AddContactTest@59662a0b]" started-at="2025-12-26T17:34:24 IST" name="tearDown" finished-at="2025-12-26T17:34:25 IST" duration-ms="513" status="PASS">
          <reporter-output>
          </reporter-output>
        </test-method> <!-- tearDown -->
        <test-method is-config="true" signature="setup(java.lang.String)[pri:0, instance:testcases.AddContactTest@59662a0b]" started-at="2025-12-26T17:34:25 IST" name="setup" finished-at="2025-12-26T17:34:30 IST" duration-ms="4836" status="PASS">
          <params>
            <param index="0">
              <value>
                <![CDATA[chrome]]>
              </value>
            </param>
          </params>
          <reporter-output>
          </reporter-output>
        </test-method> <!-- setup -->
        <test-method is-config="true" signature="setupAndLogin()[pri:0, instance:testcases.AddContactTest@59662a0b]" started-at="2025-12-26T17:34:30 IST" name="setupAndLogin" finished-at="2025-12-26T17:34:30 IST" duration-ms="657" status="PASS">
          <reporter-output>
          </reporter-output>
        </test-method> <!-- setupAndLogin -->
        <test-method signature="testDuplicateContactBehavior()[pri:4, instance:testcases.AddContactTest@59662a0b]" started-at="2025-12-26T17:34:30 IST" name="testDuplicateContactBehavior" finished-at="2025-12-26T17:34:38 IST" duration-ms="7938" status="PASS">
          <reporter-output>
          </reporter-output>
        </test-method> <!-- testDuplicateContactBehavior -->
        <test-method is-config="true" signature="tearDown()[pri:0, instance:testcases.AddContactTest@59662a0b]" started-at="2025-12-26T17:34:38 IST" name="tearDown" finished-at="2025-12-26T17:34:39 IST" duration-ms="684" status="PASS">
          <reporter-output>
          </reporter-output>
        </test-method> <!-- tearDown -->
        <test-method is-config="true" signature="setup(java.lang.String)[pri:0, instance:testcases.AddContactTest@59662a0b]" started-at="2025-12-26T17:34:54 IST" name="setup" finished-at="2025-12-26T17:34:59 IST" duration-ms="5110" status="PASS">
          <params>
            <param index="0">
              <value>
                <![CDATA[chrome]]>
              </value>
            </param>
          </params>
          <reporter-output>
          </reporter-output>
        </test-method> <!-- setup -->
        <test-method is-config="true" signature="setupAndLogin()[pri:0, instance:testcases.AddContactTest@59662a0b]" started-at="2025-12-26T17:34:59 IST" name="setupAndLogin" finished-at="2025-12-26T17:35:00 IST" duration-ms="1248" status="PASS">
          <reporter-output>
          </reporter-output>
        </test-method> <!-- setupAndLogin -->
        <test-method signature="testFormResetAfterAddition()[pri:5, instance:testcases.AddContactTest@59662a0b]" started-at="2025-12-26T17:35:00 IST" name="testFormResetAfterAddition" finished-at="2025-12-26T17:35:08 IST" duration-ms="7269" status="PASS">
          <reporter-output>
          </reporter-output>
        </test-method> <!-- testFormResetAfterAddition -->
        <test-method is-config="true" signature="tearDown()[pri:0, instance:testcases.AddContactTest@59662a0b]" started-at="2025-12-26T17:35:08 IST" name="tearDown" finished-at="2025-12-26T17:35:08 IST" duration-ms="497" status="PASS">
          <reporter-output>
          </reporter-output>
        </test-method> <!-- tearDown -->
      </class> <!-- testcases.AddContactTest -->
      <class name="testcases.EditContactTest">
        <test-method is-config="true" signature="setup(java.lang.String)[pri:0, instance:testcases.EditContactTest@799f10e1]" started-at="2025-12-26T17:31:30 IST" name="setup" finished-at="2025-12-26T17:31:35 IST" duration-ms="4788" status="PASS">
          <params>
            <param index="0">
              <value>
                <![CDATA[chrome]]>
              </value>
            </param>
          </params>
          <reporter-output>
          </reporter-output>
        </test-method> <!-- setup -->
        <test-method is-config="true" signature="setup()[pri:0, instance:testcases.EditContactTest@799f10e1]" started-at="2025-12-26T17:31:35 IST" name="setup" finished-at="2025-12-26T17:31:36 IST" duration-ms="756" status="PASS">
          <reporter-output>
          </reporter-output>
        </test-method> <!-- setup -->
        <test-method signature="testEditContactSuccessfully()[pri:1, instance:testcases.EditContactTest@799f10e1]" started-at="2025-12-26T17:31:36 IST" name="testEditContactSuccessfully" finished-at="2025-12-26T17:31:55 IST" duration-ms="19165" status="FAIL">
          <exception class="org.openqa.selenium.TimeoutException">
            <message>
              <![CDATA[Expected condition failed: waiting for text ('update1766750501050@test.com') to be present in element [[ChromeDriver: chrome on windows (e856d5ef94adedf7d3530c4ec3f6d4aa)] -> id: email] (tried for 10 second(s) with 500 milliseconds interval)
Build info: version: '4.39.0', revision: '126f156aee'
System info: os.name: 'Windows 11', os.arch: 'amd64', os.version: '10.0', java.version: '25'
Driver info: org.openqa.selenium.chrome.ChromeDriver
Capabilities {acceptInsecureCerts: false, browserName: chrome, browserVersion: 143.0.7499.170, chrome: {chromedriverVersion: 143.0.7499.169 (164b20aab62..., userDataDir: C:\Users\KARTHI~1\AppData\L...}, fedcm:accounts: true, goog:chromeOptions: {debuggerAddress: localhost:56178}, goog:processID: 12712, networkConnectionEnabled: false, pageLoadStrategy: normal, platformName: windows, proxy: Proxy(), se:cdp: ws://localhost:56178/devtoo..., se:cdpVersion: 143.0.7499.170, setWindowRect: true, strictFileInteractability: false, timeouts: {implicit: 0, pageLoad: 300000, script: 30000}, unhandledPromptBehavior: dismiss and notify, webauthn:extension:credBlob: true, webauthn:extension:largeBlob: true, webauthn:extension:minPinLength: true, webauthn:extension:prf: true, webauthn:virtualAuthenticators: true}
Session ID: e856d5ef94adedf7d3530c4ec3f6d4aa]]>
            </message>
            <full-stacktrace>
              <![CDATA[org.openqa.selenium.TimeoutException: Expected condition failed: waiting for text ('update1766750501050@test.com') to be present in element [[ChromeDriver: chrome on windows (e856d5ef94adedf7d3530c4ec3f6d4aa)] -> id: email] (tried for 10 second(s) with 500 milliseconds interval)
Build info: version: '4.39.0', revision: '126f156aee'
System info: os.name: 'Windows 11', os.arch: 'amd64', os.version: '10.0', java.version: '25'
Driver info: org.openqa.selenium.chrome.ChromeDriver
Capabilities {acceptInsecureCerts: false, browserName: chrome, browserVersion: 143.0.7499.170, chrome: {chromedriverVersion: 143.0.7499.169 (164b20aab62..., userDataDir: C:\Users\KARTHI~1\AppData\L...}, fedcm:accounts: true, goog:chromeOptions: {debuggerAddress: localhost:56178}, goog:processID: 12712, networkConnectionEnabled: false, pageLoadStrategy: normal, platformName: windows, proxy: Proxy(), se:cdp: ws://localhost:56178/devtoo..., se:cdpVersion: 143.0.7499.170, setWindowRect: true, strictFileInteractability: false, timeouts: {implicit: 0, pageLoad: 300000, script: 30000}, unhandledPromptBehavior: dismiss and notify, webauthn:extension:credBlob: true, webauthn:extension:largeBlob: true, webauthn:extension:minPinLength: true, webauthn:extension:prf: true, webauthn:virtualAuthenticators: true}
Session ID: e856d5ef94adedf7d3530c4ec3f6d4aa
at org.openqa.selenium.support.ui.WebDriverWait.timeoutException(WebDriverWait.java:84)
at org.openqa.selenium.support.ui.FluentWait.until(FluentWait.java:228)
at pageclass.ContactDetailsPage.waitForUpdatedEmail(ContactDetailsPage.java:45)
at testcases.EditContactTest.testEditContactSuccessfully(EditContactTest.java:58)
at java.base/jdk.internal.reflect.DirectMethodHandleAccessor.invoke(DirectMethodHandleAccessor.java:104)
at java.base/java.lang.reflect.Method.invoke(Method.java:565)
at org.testng.internal.invokers.MethodInvocationHelper.invokeMethod(MethodInvocationHelper.java:141)
at org.testng.internal.invokers.TestInvoker.invokeMethod(TestInvoker.java:687)
at org.testng.internal.invokers.TestInvoker.invokeTestMethod(TestInvoker.java:230)
at org.testng.internal.invokers.MethodRunner.runInSequence(MethodRunner.java:63)
at org.testng.internal.invokers.TestInvoker$MethodInvocationAgent.invoke(TestInvoker.java:995)
at org.testng.internal.invokers.TestInvoker.invokeTestMethods(TestInvoker.java:203)
at org.testng.internal.invokers.TestMethodWorker.invokeTestMethods(TestMethodWorker.java:154)
at org.testng.internal.invokers.TestMethodWorker.run(TestMethodWorker.java:134)
at java.base/java.util.ArrayList.forEach(ArrayList.java:1604)
at org.testng.TestRunner.privateRun(TestRunner.java:741)
at org.testng.TestRunner.run(TestRunner.java:616)
at org.testng.SuiteRunner.runTest(SuiteRunner.java:421)
at org.testng.SuiteRunner$SuiteWorker.run(SuiteRunner.java:463)
at org.testng.internal.thread.ThreadUtil.lambda$execute$0(ThreadUtil.java:64)
at java.base/java.util.concurrent.FutureTask.run(FutureTask.java:328)
at java.base/java.util.concurrent.ThreadPoolExecutor.runWorker(ThreadPoolExecutor.java:1090)
at java.base/java.util.concurrent.ThreadPoolExecutor$Worker.run(ThreadPoolExecutor.java:614)
at java.base/java.lang.Thread.run(Thread.java:1474)
]]>
            </full-stacktrace>
          </exception> <!-- org.openqa.selenium.TimeoutException -->
          <reporter-output>
          </reporter-output>
        </test-method> <!-- testEditContactSuccessfully -->
        <test-method is-config="true" signature="tearDown()[pri:0, instance:testcases.EditContactTest@799f10e1]" started-at="2025-12-26T17:31:55 IST" name="tearDown" finished-at="2025-12-26T17:31:56 IST" duration-ms="1163" status="PASS">
          <reporter-output>
          </reporter-output>
        </test-method> <!-- tearDown -->
        <test-method is-config="true" signature="setup(java.lang.String)[pri:0, instance:testcases.EditContactTest@799f10e1]" started-at="2025-12-26T17:32:41 IST" name="setup" finished-at="2025-12-26T17:32:45 IST" duration-ms="4463" status="PASS">
          <params>
            <param index="0">
              <value>
                <![CDATA[chrome]]>
              </value>
            </param>
          </params>
          <reporter-output>
          </reporter-output>
        </test-method> <!-- setup -->
        <test-method is-config="true" signature="setup()[pri:0, instance:testcases.EditContactTest@799f10e1]" started-at="2025-12-26T17:32:45 IST" name="setup" finished-at="2025-12-26T17:32:46 IST" duration-ms="691" status="PASS">
          <reporter-output>
          </reporter-output>
        </test-method> <!-- setup -->
        <test-method signature="testCancelEdit()[pri:2, instance:testcases.EditContactTest@799f10e1]" started-at="2025-12-26T17:32:46 IST" name="testCancelEdit" finished-at="2025-12-26T17:32:53 IST" duration-ms="7145" status="PASS">
          <reporter-output>
          </reporter-output>
        </test-method> <!-- testCancelEdit -->
        <test-method is-config="true" signature="tearDown()[pri:0, instance:testcases.EditContactTest@799f10e1]" started-at="2025-12-26T17:32:53 IST" name="tearDown" finished-at="2025-12-26T17:32:54 IST" duration-ms="785" status="PASS">
          <reporter-output>
          </reporter-output>
        </test-method> <!-- tearDown -->
        <test-method is-config="true" signature="setup(java.lang.String)[pri:0, instance:testcases.EditContactTest@799f10e1]" started-at="2025-12-26T17:33:20 IST" name="setup" finished-at="2025-12-26T17:33:24 IST" duration-ms="4480" status="PASS">
          <params>
            <param index="0">
              <value>
                <![CDATA[chrome]]>
              </value>
            </param>
          </params>
          <reporter-output>
          </reporter-output>
        </test-method> <!-- setup -->
        <test-method is-config="true" signature="setup()[pri:0, instance:testcases.EditContactTest@799f10e1]" started-at="2025-12-26T17:33:24 IST" name="setup" finished-at="2025-12-26T17:33:25 IST" duration-ms="807" status="PASS">
          <reporter-output>
          </reporter-output>
        </test-method> <!-- setup -->
        <test-method signature="testEditValidationMissingField()[pri:3, instance:testcases.EditContactTest@799f10e1]" started-at="2025-12-26T17:33:25 IST" name="testEditValidationMissingField" finished-at="2025-12-26T17:34:12 IST" duration-ms="47305" status="FAIL">
          <exception class="org.openqa.selenium.TimeoutException">
            <message>
              <![CDATA[Expected condition failed: waiting for visibility of Proxy element for: DefaultElementLocator 'By.id: error' (tried for 10 second(s) with 500 milliseconds interval)]]>
            </message>
            <full-stacktrace>
              <![CDATA[org.openqa.selenium.TimeoutException: Expected condition failed: waiting for visibility of Proxy element for: DefaultElementLocator 'By.id: error' (tried for 10 second(s) with 500 milliseconds interval)
at org.openqa.selenium.support.ui.WebDriverWait.timeoutException(WebDriverWait.java:84)
at org.openqa.selenium.support.ui.FluentWait.until(FluentWait.java:228)
at pageclass.AddContactPage.getErrorMessage(AddContactPage.java:60)
at testcases.EditContactTest.testEditValidationMissingField(EditContactTest.java:121)
at java.base/jdk.internal.reflect.DirectMethodHandleAccessor.invoke(DirectMethodHandleAccessor.java:104)
at java.base/java.lang.reflect.Method.invoke(Method.java:565)
at org.testng.internal.invokers.MethodInvocationHelper.invokeMethod(MethodInvocationHelper.java:141)
at org.testng.internal.invokers.TestInvoker.invokeMethod(TestInvoker.java:687)
at org.testng.internal.invokers.TestInvoker.invokeTestMethod(TestInvoker.java:230)
at org.testng.internal.invokers.MethodRunner.runInSequence(MethodRunner.java:63)
at org.testng.internal.invokers.TestInvoker$MethodInvocationAgent.invoke(TestInvoker.java:995)
at org.testng.internal.invokers.TestInvoker.invokeTestMethods(TestInvoker.java:203)
at org.testng.internal.invokers.TestMethodWorker.invokeTestMethods(TestMethodWorker.java:154)
at org.testng.internal.invokers.TestMethodWorker.run(TestMethodWorker.java:134)
at java.base/java.util.ArrayList.forEach(ArrayList.java:1604)
at org.testng.TestRunner.privateRun(TestRunner.java:741)
at org.testng.TestRunner.run(TestRunner.java:616)
at org.testng.SuiteRunner.runTest(SuiteRunner.java:421)
at org.testng.SuiteRunner$SuiteWorker.run(SuiteRunner.java:463)
at org.testng.internal.thread.ThreadUtil.lambda$execute$0(ThreadUtil.java:64)
at java.base/java.util.concurrent.FutureTask.run(FutureTask.java:328)
at java.base/java.util.concurrent.ThreadPoolExecutor.runWorker(ThreadPoolExecutor.java:1090)
at java.base/java.util.concurrent.ThreadPoolExecutor$Worker.run(ThreadPoolExecutor.java:614)
at java.base/java.lang.Thread.run(Thread.java:1474)
Caused by: org.openqa.selenium.NoSuchElementException: no such element: Unable to locate element: {"method":"css selector","selector":"#error"}
  (Session info: chrome=143.0.7499.170)
For documentation on this error, please visit: https://www.selenium.dev/documentation/webdriver/troubleshooting/errors#nosuchelementexception
Build info: version: '4.39.0', revision: '126f156aee'
System info: os.name: 'Windows 11', os.arch: 'amd64', os.version: '10.0', java.version: '25'
Driver info: org.openqa.selenium.chrome.ChromeDriver
Command: [769e160f876004a474e8ca65fbffe50c, findElement {value=error, using=id}]
Capabilities {acceptInsecureCerts: false, browserName: chrome, browserVersion: 143.0.7499.170, chrome: {chromedriverVersion: 143.0.7499.169 (164b20aab62..., userDataDir: C:\Users\KARTHI~1\AppData\L...}, fedcm:accounts: true, goog:chromeOptions: {debuggerAddress: localhost:52992}, goog:processID: 5892, networkConnectionEnabled: false, pageLoadStrategy: normal, platformName: windows, proxy: Proxy(), se:cdp: ws://localhost:52992/devtoo..., se:cdpVersion: 143.0.7499.170, setWindowRect: true, strictFileInteractability: false, timeouts: {implicit: 0, pageLoad: 300000, script: 30000}, unhandledPromptBehavior: dismiss and notify, webauthn:extension:credBlob: true, webauthn:extension:largeBlob: true, webauthn:extension:minPinLength: true, webauthn:extension:prf: true, webauthn:virtualAuthenticators: true}
Session ID: 769e160f876004a474e8ca65fbffe50c
at java.base/jdk.internal.reflect.DirectConstructorHandleAccessor.newInstance(DirectConstructorHandleAccessor.java:62)
at java.base/java.lang.reflect.Constructor.newInstanceWithCaller(Constructor.java:499)
at java.base/java.lang.reflect.Constructor.newInstance(Constructor.java:483)
at org.openqa.selenium.remote.ErrorCodec.decode(ErrorCodec.java:167)
at org.openqa.selenium.remote.codec.w3c.W3CHttpResponseCodec.decode(W3CHttpResponseCodec.java:142)
at org.openqa.selenium.remote.codec.w3c.W3CHttpResponseCodec.decode(W3CHttpResponseCodec.java:49)
at org.openqa.selenium.remote.HttpCommandExecutor.execute(HttpCommandExecutor.java:215)
at org.openqa.selenium.remote.service.DriverCommandExecutor.invokeExecute(DriverCommandExecutor.java:216)
at org.openqa.selenium.remote.service.DriverCommandExecutor.execute(DriverCommandExecutor.java:174)
at org.openqa.selenium.remote.RemoteWebDriver.execute(RemoteWebDriver.java:561)
at org.openqa.selenium.remote.ElementLocation$ElementFinder$2.findElement(ElementLocation.java:166)
at org.openqa.selenium.remote.ElementLocation.findElement(ElementLocation.java:60)
at org.openqa.selenium.remote.RemoteWebDriver.findElement(RemoteWebDriver.java:384)
at org.openqa.selenium.remote.RemoteWebDriver.findElement(RemoteWebDriver.java:378)
at org.openqa.selenium.support.pagefactory.DefaultElementLocator.findElement(DefaultElementLocator.java:68)
at org.openqa.selenium.support.pagefactory.internal.LocatingElementHandler.invoke(LocatingElementHandler.java:38)
at jdk.proxy2/jdk.proxy2.$Proxy18.isDisplayed(Unknown Source)
at org.openqa.selenium.support.ui.ExpectedConditions.elementIfVisible(ExpectedConditions.java:308)
at org.openqa.selenium.support.ui.ExpectedConditions$10.apply(ExpectedConditions.java:294)
at org.openqa.selenium.support.ui.ExpectedConditions$10.apply(ExpectedConditions.java:291)
at org.openqa.selenium.support.ui.FluentWait.until(FluentWait.java:203)
... 22 more
]]>
            </full-stacktrace>
          </exception> <!-- org.openqa.selenium.TimeoutException -->
          <reporter-output>
          </reporter-output>
        </test-method> <!-- testEditValidationMissingField -->
        <test-method is-config="true" signature="tearDown()[pri:0, instance:testcases.EditContactTest@799f10e1]" started-at="2025-12-26T17:34:12 IST" name="tearDown" finished-at="2025-12-26T17:34:13 IST" duration-ms="939" status="PASS">
          <reporter-output>
          </reporter-output>
        </test-method> <!-- tearDown -->
      </class> <!-- testcases.EditContactTest -->
      <class name="testcases.InputValidationTest">
        <test-method is-config="true" signature="setup(java.lang.String)[pri:0, instance:testcases.InputValidationTest@313ac989]" started-at="2025-12-26T17:31:56 IST" name="setup" finished-at="2025-12-26T17:32:00 IST" duration-ms="3423" status="PASS">
          <params>
            <param index="0">
              <value>
                <![CDATA[chrome]]>
              </value>
            </param>
          </params>
          <reporter-output>
          </reporter-output>
        </test-method> <!-- setup -->
        <test-method is-config="true" signature="setup()[pri:0, instance:testcases.InputValidationTest@313ac989]" started-at="2025-12-26T17:32:00 IST" name="setup" finished-at="2025-12-26T17:32:02 IST" duration-ms="2483" status="PASS">
          <reporter-output>
          </reporter-output>
        </test-method> <!-- setup -->
        <test-method signature="testMaxCharacterLimit()[pri:1, instance:testcases.InputValidationTest@313ac989]" started-at="2025-12-26T17:32:02 IST" name="testMaxCharacterLimit" finished-at="2025-12-26T17:32:07 IST" duration-ms="4364" status="PASS">
          <reporter-output>
          </reporter-output>
        </test-method> <!-- testMaxCharacterLimit -->
        <test-method is-config="true" signature="tearDown()[pri:0, instance:testcases.InputValidationTest@313ac989]" started-at="2025-12-26T17:32:07 IST" name="tearDown" finished-at="2025-12-26T17:32:07 IST" duration-ms="771" status="PASS">
          <reporter-output>
          </reporter-output>
        </test-method> <!-- tearDown -->
        <test-method is-config="true" signature="setup(java.lang.String)[pri:0, instance:testcases.InputValidationTest@313ac989]" started-at="2025-12-26T17:33:04 IST" name="setup" finished-at="2025-12-26T17:33:09 IST" duration-ms="4719" status="PASS">
          <params>
            <param index="0">
              <value>
                <![CDATA[chrome]]>
              </value>
            </param>
          </params>
          <reporter-output>
          </reporter-output>
        </test-method> <!-- setup -->
        <test-method is-config="true" signature="setup()[pri:0, instance:testcases.InputValidationTest@313ac989]" started-at="2025-12-26T17:33:09 IST" name="setup" finished-at="2025-12-26T17:33:11 IST" duration-ms="2526" status="PASS">
          <reporter-output>
          </reporter-output>
        </test-method> <!-- setup -->
        <test-method signature="testUnicodeAndEmojis()[pri:2, instance:testcases.InputValidationTest@313ac989]" started-at="2025-12-26T17:33:11 IST" name="testUnicodeAndEmojis" finished-at="2025-12-26T17:33:19 IST" duration-ms="7902" status="PASS">
          <reporter-output>
          </reporter-output>
        </test-method> <!-- testUnicodeAndEmojis -->
        <test-method is-config="true" signature="tearDown()[pri:0, instance:testcases.InputValidationTest@313ac989]" started-at="2025-12-26T17:33:19 IST" name="tearDown" finished-at="2025-12-26T17:33:20 IST" duration-ms="483" status="PASS">
          <reporter-output>
          </reporter-output>
        </test-method> <!-- tearDown -->
      </class> <!-- testcases.InputValidationTest -->
      <class name="testcases.SessionNavigationTest">
        <test-method is-config="true" signature="setup(java.lang.String)[pri:0, instance:testcases.SessionNavigationTest@145f66e3]" started-at="2025-12-26T17:27:31 IST" name="setup" finished-at="2025-12-26T17:27:36 IST" duration-ms="5226" status="PASS">
          <params>
            <param index="0">
              <value>
                <![CDATA[chrome]]>
              </value>
            </param>
          </params>
          <reporter-output>
          </reporter-output>
        </test-method> <!-- setup -->
        <test-method is-config="true" signature="setupAndLogin()[pri:0, instance:testcases.SessionNavigationTest@145f66e3]" started-at="2025-12-26T17:27:36 IST" name="setupAndLogin" finished-at="2025-12-26T17:27:38 IST" duration-ms="2331" status="PASS">
          <reporter-output>
          </reporter-output>
        </test-method> <!-- setupAndLogin -->
        <test-method signature="logout()[pri:0, instance:testcases.SessionNavigationTest@145f66e3]" started-at="2025-12-26T17:27:38 IST" name="logout" finished-at="2025-12-26T17:27:41 IST" duration-ms="2454" status="PASS">
          <reporter-output>
          </reporter-output>
        </test-method> <!-- logout -->
        <test-method is-config="true" signature="tearDown()[pri:0, instance:testcases.SessionNavigationTest@145f66e3]" started-at="2025-12-26T17:27:41 IST" name="tearDown" finished-at="2025-12-26T17:27:42 IST" duration-ms="912" status="PASS">
          <reporter-output>
          </reporter-output>
        </test-method> <!-- tearDown -->
        <test-method is-config="true" signature="setup(java.lang.String)[pri:0, instance:testcases.SessionNavigationTest@145f66e3]" started-at="2025-12-26T17:30:08 IST" name="setup" finished-at="2025-12-26T17:30:13 IST" duration-ms="4938" status="PASS">
          <params>
            <param index="0">
              <value>
                <![CDATA[chrome]]>
              </value>
            </param>
          </params>
          <reporter-output>
          </reporter-output>
        </test-method> <!-- setup -->
        <test-method is-config="true" signature="setupAndLogin()[pri:0, instance:testcases.SessionNavigationTest@145f66e3]" started-at="2025-12-26T17:30:13 IST" name="setupAndLogin" finished-at="2025-12-26T17:30:16 IST" duration-ms="2788" status="PASS">
          <reporter-output>
          </reporter-output>
        </test-method> <!-- setupAndLogin -->
        <test-method signature="verifyBackAfterLogout()[pri:0, instance:testcases.SessionNavigationTest@145f66e3]" started-at="2025-12-26T17:30:16 IST" name="verifyBackAfterLogout" finished-at="2025-12-26T17:30:39 IST" duration-ms="22986" status="PASS">
          <reporter-output>
          </reporter-output>
        </test-method> <!-- verifyBackAfterLogout -->
        <test-method is-config="true" signature="tearDown()[pri:0, instance:testcases.SessionNavigationTest@145f66e3]" started-at="2025-12-26T17:30:39 IST" name="tearDown" finished-at="2025-12-26T17:30:40 IST" duration-ms="1288" status="PASS">
          <reporter-output>
          </reporter-output>
        </test-method> <!-- tearDown -->
        <test-method is-config="true" signature="setup(java.lang.String)[pri:0, instance:testcases.SessionNavigationTest@145f66e3]" started-at="2025-12-26T17:30:40 IST" name="setup" finished-at="2025-12-26T17:30:45 IST" duration-ms="5227" status="PASS">
          <params>
            <param index="0">
              <value>
                <![CDATA[chrome]]>
              </value>
            </param>
          </params>
          <reporter-output>
          </reporter-output>
        </test-method> <!-- setup -->
        <test-method is-config="true" signature="setupAndLogin()[pri:0, instance:testcases.SessionNavigationTest@145f66e3]" started-at="2025-12-26T17:30:45 IST" name="setupAndLogin" finished-at="2025-12-26T17:30:48 IST" duration-ms="2906" status="PASS">
          <reporter-output>
          </reporter-output>
        </test-method> <!-- setupAndLogin -->
        <test-method signature="verifyLoginPersistsOnRefresh()[pri:0, instance:testcases.SessionNavigationTest@145f66e3]" started-at="2025-12-26T17:30:48 IST" name="verifyLoginPersistsOnRefresh" finished-at="2025-12-26T17:30:50 IST" duration-ms="2179" status="PASS">
          <reporter-output>
          </reporter-output>
        </test-method> <!-- verifyLoginPersistsOnRefresh -->
        <test-method is-config="true" signature="tearDown()[pri:0, instance:testcases.SessionNavigationTest@145f66e3]" started-at="2025-12-26T17:30:50 IST" name="tearDown" finished-at="2025-12-26T17:30:52 IST" duration-ms="1067" status="PASS">
          <reporter-output>
          </reporter-output>
        </test-method> <!-- tearDown -->
        <test-method is-config="true" signature="setup(java.lang.String)[pri:0, instance:testcases.SessionNavigationTest@145f66e3]" started-at="2025-12-26T17:30:52 IST" name="setup" finished-at="2025-12-26T17:30:56 IST" duration-ms="4946" status="PASS">
          <params>
            <param index="0">
              <value>
                <![CDATA[chrome]]>
              </value>
            </param>
          </params>
          <reporter-output>
          </reporter-output>
        </test-method> <!-- setup -->
        <test-method is-config="true" signature="setupAndLogin()[pri:0, instance:testcases.SessionNavigationTest@145f66e3]" started-at="2025-12-26T17:30:56 IST" name="setupAndLogin" finished-at="2025-12-26T17:30:59 IST" duration-ms="2640" status="PASS">
          <reporter-output>
          </reporter-output>
        </test-method> <!-- setupAndLogin -->
        <test-method signature="verifyLoginRequiredForContactList()[pri:0, instance:testcases.SessionNavigationTest@145f66e3]" started-at="2025-12-26T17:30:59 IST" name="verifyLoginRequiredForContactList" finished-at="2025-12-26T17:31:10 IST" duration-ms="11290" status="FAIL">
          <exception class="org.openqa.selenium.TimeoutException">
            <message>
              <![CDATA[Expected condition failed: waiting for url to be "https://thinking-tester-contact-list.herokuapp.com/". Current url: "https://thinking-tester-contact-list.herokuapp.com/contactList" (tried for 10 second(s) with 500 milliseconds interval)
Build info: version: '4.39.0', revision: '126f156aee'
System info: os.name: 'Windows 11', os.arch: 'amd64', os.version: '10.0', java.version: '25'
Driver info: org.openqa.selenium.chrome.ChromeDriver
Capabilities {acceptInsecureCerts: false, browserName: chrome, browserVersion: 143.0.7499.170, chrome: {chromedriverVersion: 143.0.7499.169 (164b20aab62..., userDataDir: C:\Users\KARTHI~1\AppData\L...}, fedcm:accounts: true, goog:chromeOptions: {debuggerAddress: localhost:56040}, goog:processID: 3456, networkConnectionEnabled: false, pageLoadStrategy: normal, platformName: windows, proxy: Proxy(), se:cdp: ws://localhost:56040/devtoo..., se:cdpVersion: 143.0.7499.170, setWindowRect: true, strictFileInteractability: false, timeouts: {implicit: 0, pageLoad: 300000, script: 30000}, unhandledPromptBehavior: dismiss and notify, webauthn:extension:credBlob: true, webauthn:extension:largeBlob: true, webauthn:extension:minPinLength: true, webauthn:extension:prf: true, webauthn:virtualAuthenticators: true}
Session ID: 0bc40a980168c3453f8cfa79908f0163]]>
            </message>
            <full-stacktrace>
              <![CDATA[org.openqa.selenium.TimeoutException: Expected condition failed: waiting for url to be "https://thinking-tester-contact-list.herokuapp.com/". Current url: "https://thinking-tester-contact-list.herokuapp.com/contactList" (tried for 10 second(s) with 500 milliseconds interval)
Build info: version: '4.39.0', revision: '126f156aee'
System info: os.name: 'Windows 11', os.arch: 'amd64', os.version: '10.0', java.version: '25'
Driver info: org.openqa.selenium.chrome.ChromeDriver
Capabilities {acceptInsecureCerts: false, browserName: chrome, browserVersion: 143.0.7499.170, chrome: {chromedriverVersion: 143.0.7499.169 (164b20aab62..., userDataDir: C:\Users\KARTHI~1\AppData\L...}, fedcm:accounts: true, goog:chromeOptions: {debuggerAddress: localhost:56040}, goog:processID: 3456, networkConnectionEnabled: false, pageLoadStrategy: normal, platformName: windows, proxy: Proxy(), se:cdp: ws://localhost:56040/devtoo..., se:cdpVersion: 143.0.7499.170, setWindowRect: true, strictFileInteractability: false, timeouts: {implicit: 0, pageLoad: 300000, script: 30000}, unhandledPromptBehavior: dismiss and notify, webauthn:extension:credBlob: true, webauthn:extension:largeBlob: true, webauthn:extension:minPinLength: true, webauthn:extension:prf: true, webauthn:virtualAuthenticators: true}
Session ID: 0bc40a980168c3453f8cfa79908f0163
at org.openqa.selenium.support.ui.WebDriverWait.timeoutException(WebDriverWait.java:84)
at org.openqa.selenium.support.ui.FluentWait.until(FluentWait.java:228)
at testcases.SessionNavigationTest.verifyLoginRequiredForContactList(SessionNavigationTest.java:103)
at java.base/jdk.internal.reflect.DirectMethodHandleAccessor.invoke(DirectMethodHandleAccessor.java:104)
at java.base/java.lang.reflect.Method.invoke(Method.java:565)
at org.testng.internal.invokers.MethodInvocationHelper.invokeMethod(MethodInvocationHelper.java:141)
at org.testng.internal.invokers.TestInvoker.invokeMethod(TestInvoker.java:687)
at org.testng.internal.invokers.TestInvoker.invokeTestMethod(TestInvoker.java:230)
at org.testng.internal.invokers.MethodRunner.runInSequence(MethodRunner.java:63)
at org.testng.internal.invokers.TestInvoker$MethodInvocationAgent.invoke(TestInvoker.java:995)
at org.testng.internal.invokers.TestInvoker.invokeTestMethods(TestInvoker.java:203)
at org.testng.internal.invokers.TestMethodWorker.invokeTestMethods(TestMethodWorker.java:154)
at org.testng.internal.invokers.TestMethodWorker.run(TestMethodWorker.java:134)
at java.base/java.util.ArrayList.forEach(ArrayList.java:1604)
at org.testng.TestRunner.privateRun(TestRunner.java:741)
at org.testng.TestRunner.run(TestRunner.java:616)
at org.testng.SuiteRunner.runTest(SuiteRunner.java:421)
at org.testng.SuiteRunner$SuiteWorker.run(SuiteRunner.java:463)
at org.testng.internal.thread.ThreadUtil.lambda$execute$0(ThreadUtil.java:64)
at java.base/java.util.concurrent.FutureTask.run(FutureTask.java:328)
at java.base/java.util.concurrent.ThreadPoolExecutor.runWorker(ThreadPoolExecutor.java:1090)
at java.base/java.util.concurrent.ThreadPoolExecutor$Worker.run(ThreadPoolExecutor.java:614)
at java.base/java.lang.Thread.run(Thread.java:1474)
]]>
            </full-stacktrace>
          </exception> <!-- org.openqa.selenium.TimeoutException -->
          <reporter-output>
          </reporter-output>
        </test-method> <!-- verifyLoginRequiredForContactList -->
        <test-method is-config="true" signature="tearDown()[pri:0, instance:testcases.SessionNavigationTest@145f66e3]" started-at="2025-12-26T17:31:10 IST" name="tearDown" finished-at="2025-12-26T17:31:11 IST" duration-ms="562" status="PASS">
          <reporter-output>
          </reporter-output>
        </test-method> <!-- tearDown -->
      </class> <!-- testcases.SessionNavigationTest -->
      <class name="testcases.LoginTest">
        <test-method is-config="true" signature="setup(java.lang.String)[pri:0, instance:testcases.LoginTest@223191a6]" started-at="2025-12-26T17:27:42 IST" name="setup" finished-at="2025-12-26T17:27:47 IST" duration-ms="5623" status="PASS">
          <params>
            <param index="0">
              <value>
                <![CDATA[chrome]]>
              </value>
            </param>
          </params>
          <reporter-output>
          </reporter-output>
        </test-method> <!-- setup -->
        <test-method signature="testInvalidEmailFormat()[pri:0, instance:testcases.LoginTest@223191a6]" started-at="2025-12-26T17:27:47 IST" name="testInvalidEmailFormat" finished-at="2025-12-26T17:27:49 IST" duration-ms="1301" status="PASS">
          <reporter-output>
          </reporter-output>
        </test-method> <!-- testInvalidEmailFormat -->
        <test-method is-config="true" signature="tearDown()[pri:0, instance:testcases.LoginTest@223191a6]" started-at="2025-12-26T17:27:49 IST" name="tearDown" finished-at="2025-12-26T17:27:49 IST" duration-ms="619" status="PASS">
          <reporter-output>
          </reporter-output>
        </test-method> <!-- tearDown -->
        <test-method is-config="true" signature="setup(java.lang.String)[pri:0, instance:testcases.LoginTest@223191a6]" started-at="2025-12-26T17:28:43 IST" name="setup" finished-at="2025-12-26T17:28:49 IST" duration-ms="5693" status="PASS">
          <params>
            <param index="0">
              <value>
                <![CDATA[chrome]]>
              </value>
            </param>
          </params>
          <reporter-output>
          </reporter-output>
        </test-method> <!-- setup -->
        <test-method signature="testLoginWithEmptyFields()[pri:0, instance:testcases.LoginTest@223191a6]" started-at="2025-12-26T17:28:49 IST" name="testLoginWithEmptyFields" finished-at="2025-12-26T17:28:51 IST" duration-ms="1639" status="PASS">
          <reporter-output>
          </reporter-output>
        </test-method> <!-- testLoginWithEmptyFields -->
        <test-method is-config="true" signature="tearDown()[pri:0, instance:testcases.LoginTest@223191a6]" started-at="2025-12-26T17:28:51 IST" name="tearDown" finished-at="2025-12-26T17:28:54 IST" duration-ms="3038" status="PASS">
          <reporter-output>
          </reporter-output>
        </test-method> <!-- tearDown -->
        <test-method is-config="true" signature="setup(java.lang.String)[pri:0, instance:testcases.LoginTest@223191a6]" started-at="2025-12-26T17:28:54 IST" name="setup" finished-at="2025-12-26T17:29:00 IST" duration-ms="5845" status="PASS">
          <params>
            <param index="0">
              <value>
                <![CDATA[chrome]]>
              </value>
            </param>
          </params>
          <reporter-output>
          </reporter-output>
        </test-method> <!-- setup -->
        <test-method signature="testLoginWithIncorrectPassword()[pri:0, instance:testcases.LoginTest@223191a6]" started-at="2025-12-26T17:29:00 IST" name="testLoginWithIncorrectPassword" finished-at="2025-12-26T17:29:03 IST" duration-ms="3824" status="PASS">
          <reporter-output>
          </reporter-output>
        </test-method> <!-- testLoginWithIncorrectPassword -->
        <test-method is-config="true" signature="tearDown()[pri:0, instance:testcases.LoginTest@223191a6]" started-at="2025-12-26T17:29:03 IST" name="tearDown" finished-at="2025-12-26T17:29:19 IST" duration-ms="16037" status="PASS">
          <reporter-output>
          </reporter-output>
        </test-method> <!-- tearDown -->
        <test-method is-config="true" signature="setup(java.lang.String)[pri:0, instance:testcases.LoginTest@223191a6]" started-at="2025-12-26T17:29:19 IST" name="setup" finished-at="2025-12-26T17:29:24 IST" duration-ms="4500" status="PASS">
          <params>
            <param index="0">
              <value>
                <![CDATA[chrome]]>
              </value>
            </param>
          </params>
          <reporter-output>
          </reporter-output>
        </test-method> <!-- setup -->
        <test-method signature="testPasswordMasking()[pri:0, instance:testcases.LoginTest@223191a6]" started-at="2025-12-26T17:29:24 IST" name="testPasswordMasking" finished-at="2025-12-26T17:29:24 IST" duration-ms="76" status="PASS">
          <reporter-output>
          </reporter-output>
        </test-method> <!-- testPasswordMasking -->
        <test-method is-config="true" signature="tearDown()[pri:0, instance:testcases.LoginTest@223191a6]" started-at="2025-12-26T17:29:24 IST" name="tearDown" finished-at="2025-12-26T17:29:27 IST" duration-ms="2810" status="PASS">
          <reporter-output>
          </reporter-output>
        </test-method> <!-- tearDown -->
        <test-method is-config="true" signature="setup(java.lang.String)[pri:0, instance:testcases.LoginTest@223191a6]" started-at="2025-12-26T17:29:47 IST" name="setup" finished-at="2025-12-26T17:29:52 IST" duration-ms="5475" status="PASS">
          <params>
            <param index="0">
              <value>
                <![CDATA[chrome]]>
              </value>
            </param>
          </params>
          <reporter-output>
          </reporter-output>
        </test-method> <!-- setup -->
        <test-method signature="testValidLogin()[pri:0, instance:testcases.LoginTest@223191a6]" started-at="2025-12-26T17:29:52 IST" name="testValidLogin" finished-at="2025-12-26T17:29:55 IST" duration-ms="2690" status="PASS">
          <reporter-output>
          </reporter-output>
        </test-method> <!-- testValidLogin -->
        <test-method is-config="true" signature="tearDown()[pri:0, instance:testcases.LoginTest@223191a6]" started-at="2025-12-26T17:29:55 IST" name="tearDown" finished-at="2025-12-26T17:29:58 IST" duration-ms="2838" status="PASS">
          <reporter-output>
          </reporter-output>
        </test-method> <!-- tearDown -->
      </class> <!-- testcases.LoginTest -->
      <class name="testcases.DeleteContactTest">
        <test-method is-config="true" signature="setup(java.lang.String)[pri:0, instance:testcases.DeleteContactTest@4c371370]" started-at="2025-12-26T17:32:07 IST" name="setup" finished-at="2025-12-26T17:32:12 IST" duration-ms="4309" status="PASS">
          <params>
            <param index="0">
              <value>
                <![CDATA[chrome]]>
              </value>
            </param>
          </params>
          <reporter-output>
          </reporter-output>
        </test-method> <!-- setup -->
        <test-method is-config="true" signature="setup()[pri:0, instance:testcases.DeleteContactTest@4c371370]" started-at="2025-12-26T17:32:12 IST" name="setup" finished-at="2025-12-26T17:32:14 IST" duration-ms="2774" status="PASS">
          <reporter-output>
          </reporter-output>
        </test-method> <!-- setup -->
        <test-method signature="testSelectSpecificContact()[pri:1, instance:testcases.DeleteContactTest@4c371370]" started-at="2025-12-26T17:32:14 IST" name="testSelectSpecificContact" finished-at="2025-12-26T17:32:18 IST" duration-ms="3075" status="PASS">
          <reporter-output>
          </reporter-output>
        </test-method> <!-- testSelectSpecificContact -->
        <test-method is-config="true" signature="tearDown()[pri:0, instance:testcases.DeleteContactTest@4c371370]" started-at="2025-12-26T17:32:18 IST" name="tearDown" finished-at="2025-12-26T17:32:18 IST" duration-ms="538" status="PASS">
          <reporter-output>
          </reporter-output>
        </test-method> <!-- tearDown -->
        <test-method is-config="true" signature="setup(java.lang.String)[pri:0, instance:testcases.DeleteContactTest@4c371370]" started-at="2025-12-26T17:32:54 IST" name="setup" finished-at="2025-12-26T17:33:00 IST" duration-ms="6170" status="PASS">
          <params>
            <param index="0">
              <value>
                <![CDATA[chrome]]>
              </value>
            </param>
          </params>
          <reporter-output>
          </reporter-output>
        </test-method> <!-- setup -->
        <test-method is-config="true" signature="setup()[pri:0, instance:testcases.DeleteContactTest@4c371370]" started-at="2025-12-26T17:33:00 IST" name="setup" finished-at="2025-12-26T17:33:03 IST" duration-ms="2714" status="PASS">
          <reporter-output>
          </reporter-output>
        </test-method> <!-- setup -->
        <test-method signature="testDeleteContactAlert()[pri:2, instance:testcases.DeleteContactTest@4c371370]" started-at="2025-12-26T17:33:03 IST" name="testDeleteContactAlert" finished-at="2025-12-26T17:33:04 IST" duration-ms="1289" status="PASS">
          <reporter-output>
          </reporter-output>
        </test-method> <!-- testDeleteContactAlert -->
        <test-method is-config="true" signature="tearDown()[pri:0, instance:testcases.DeleteContactTest@4c371370]" started-at="2025-12-26T17:33:04 IST" name="tearDown" finished-at="2025-12-26T17:33:04 IST" duration-ms="386" status="PASS">
          <reporter-output>
          </reporter-output>
        </test-method> <!-- tearDown -->
        <test-method is-config="true" signature="setup(java.lang.String)[pri:0, instance:testcases.DeleteContactTest@4c371370]" started-at="2025-12-26T17:34:39 IST" name="setup" finished-at="2025-12-26T17:34:44 IST" duration-ms="5340" status="PASS">
          <params>
            <param index="0">
              <value>
                <![CDATA[chrome]]>
              </value>
            </param>
          </params>
          <reporter-output>
          </reporter-output>
        </test-method> <!-- setup -->
        <test-method is-config="true" signature="setup()[pri:0, instance:testcases.DeleteContactTest@4c371370]" started-at="2025-12-26T17:34:44 IST" name="setup" finished-at="2025-12-26T17:34:48 IST" duration-ms="3109" status="PASS">
          <reporter-output>
          </reporter-output>
        </test-method> <!-- setup -->
        <test-method signature="testDeleteContactPermanently()[pri:5, instance:testcases.DeleteContactTest@4c371370]" started-at="2025-12-26T17:34:48 IST" name="testDeleteContactPermanently" finished-at="2025-12-26T17:34:53 IST" duration-ms="5311" status="FAIL">
          <exception class="java.lang.AssertionError">
            <message>
              <![CDATA[Contact was not deleted successfully.]]>
            </message>
            <full-stacktrace>
              <![CDATA[java.lang.AssertionError: Contact was not deleted successfully.
at org.testng.Assert.fail(Assert.java:111)
at testcases.DeleteContactTest.testDeleteContactPermanently(DeleteContactTest.java:143)
at java.base/jdk.internal.reflect.DirectMethodHandleAccessor.invoke(DirectMethodHandleAccessor.java:104)
at java.base/java.lang.reflect.Method.invoke(Method.java:565)
at org.testng.internal.invokers.MethodInvocationHelper.invokeMethod(MethodInvocationHelper.java:141)
at org.testng.internal.invokers.TestInvoker.invokeMethod(TestInvoker.java:687)
at org.testng.internal.invokers.TestInvoker.invokeTestMethod(TestInvoker.java:230)
at org.testng.internal.invokers.MethodRunner.runInSequence(MethodRunner.java:63)
at org.testng.internal.invokers.TestInvoker$MethodInvocationAgent.invoke(TestInvoker.java:995)
at org.testng.internal.invokers.TestInvoker.invokeTestMethods(TestInvoker.java:203)
at org.testng.internal.invokers.TestMethodWorker.invokeTestMethods(TestMethodWorker.java:154)
at org.testng.internal.invokers.TestMethodWorker.run(TestMethodWorker.java:134)
at java.base/java.util.ArrayList.forEach(ArrayList.java:1604)
at org.testng.TestRunner.privateRun(TestRunner.java:741)
at org.testng.TestRunner.run(TestRunner.java:616)
at org.testng.SuiteRunner.runTest(SuiteRunner.java:421)
at org.testng.SuiteRunner$SuiteWorker.run(SuiteRunner.java:463)
at org.testng.internal.thread.ThreadUtil.lambda$execute$0(ThreadUtil.java:64)
at java.base/java.util.concurrent.FutureTask.run(FutureTask.java:328)
at java.base/java.util.concurrent.ThreadPoolExecutor.runWorker(ThreadPoolExecutor.java:1090)
at java.base/java.util.concurrent.ThreadPoolExecutor$Worker.run(ThreadPoolExecutor.java:614)
at java.base/java.lang.Thread.run(Thread.java:1474)
]]>
            </full-stacktrace>
          </exception> <!-- java.lang.AssertionError -->
          <reporter-output>
          </reporter-output>
        </test-method> <!-- testDeleteContactPermanently -->
        <test-method is-config="true" signature="tearDown()[pri:0, instance:testcases.DeleteContactTest@4c371370]" started-at="2025-12-26T17:34:53 IST" name="tearDown" finished-at="2025-12-26T17:34:54 IST" duration-ms="1149" status="PASS">
          <reporter-output>
          </reporter-output>
        </test-method> <!-- tearDown -->
      </class> <!-- testcases.DeleteContactTest -->
      <class name="testcases.RegistrationTest">
        <test-method is-config="true" signature="setup(java.lang.String)[pri:0, instance:testcases.RegistrationTest@1b7cc17c]" started-at="2025-12-26T17:27:49 IST" name="setup" finished-at="2025-12-26T17:27:53 IST" duration-ms="3381" status="PASS">
          <params>
            <param index="0">
              <value>
                <![CDATA[chrome]]>
              </value>
            </param>
          </params>
          <reporter-output>
          </reporter-output>
        </test-method> <!-- setup -->
        <test-method signature="testInvalidRegistrationScenarios(java.lang.String,java.lang.String,java.lang.String,java.lang.String,java.lang.String)[pri:0, instance:testcases.RegistrationTest@1b7cc17c]" started-at="2025-12-26T17:27:53 IST" name="testInvalidRegistrationScenarios" data-provider="invalidRegistrationData" finished-at="2025-12-26T17:27:56 IST" duration-ms="3589" status="PASS">
          <params>
            <param index="0">
              <value>
                <![CDATA[]]>
              </value>
            </param>
            <param index="1">
              <value>
                <![CDATA[vel]]>
              </value>
            </param>
            <param index="2">
              <value>
                <![CDATA[valid1766750269813@test.com]]>
              </value>
            </param>
            <param index="3">
              <value>
                <![CDATA[Password123!]]>
              </value>
            </param>
            <param index="4">
              <value>
                <![CDATA[firstName` is required]]>
              </value>
            </param>
          </params>
          <reporter-output>
          </reporter-output>
        </test-method> <!-- testInvalidRegistrationScenarios -->
        <test-method is-config="true" signature="tearDown()[pri:0, instance:testcases.RegistrationTest@1b7cc17c]" started-at="2025-12-26T17:27:56 IST" name="tearDown" finished-at="2025-12-26T17:27:58 IST" duration-ms="1585" status="PASS">
          <reporter-output>
          </reporter-output>
        </test-method> <!-- tearDown -->
        <test-method is-config="true" signature="setup(java.lang.String)[pri:0, instance:testcases.RegistrationTest@1b7cc17c]" started-at="2025-12-26T17:27:58 IST" name="setup" finished-at="2025-12-26T17:28:03 IST" duration-ms="5339" status="PASS">
          <params>
            <param index="0">
              <value>
                <![CDATA[chrome]]>
              </value>
            </param>
          </params>
          <reporter-output>
          </reporter-output>
        </test-method> <!-- setup -->
        <test-method signature="testInvalidRegistrationScenarios(java.lang.String,java.lang.String,java.lang.String,java.lang.String,java.lang.String)[pri:0, instance:testcases.RegistrationTest@1b7cc17c]" started-at="2025-12-26T17:28:03 IST" name="testInvalidRegistrationScenarios" data-provider="invalidRegistrationData" finished-at="2025-12-26T17:28:07 IST" duration-ms="3588" status="PASS">
          <params>
            <param index="0">
              <value>
                <![CDATA[Kadamba]]>
              </value>
            </param>
            <param index="1">
              <value>
                <![CDATA[]]>
              </value>
            </param>
            <param index="2">
              <value>
                <![CDATA[valid1766750269813@test.com]]>
              </value>
            </param>
            <param index="3">
              <value>
                <![CDATA[Password123!]]>
              </value>
            </param>
            <param index="4">
              <value>
                <![CDATA[lastName` is required]]>
              </value>
            </param>
          </params>
          <reporter-output>
          </reporter-output>
        </test-method> <!-- testInvalidRegistrationScenarios -->
        <test-method is-config="true" signature="tearDown()[pri:0, instance:testcases.RegistrationTest@1b7cc17c]" started-at="2025-12-26T17:28:07 IST" name="tearDown" finished-at="2025-12-26T17:28:07 IST" duration-ms="595" status="PASS">
          <reporter-output>
          </reporter-output>
        </test-method> <!-- tearDown -->
        <test-method is-config="true" signature="setup(java.lang.String)[pri:0, instance:testcases.RegistrationTest@1b7cc17c]" started-at="2025-12-26T17:28:07 IST" name="setup" finished-at="2025-12-26T17:28:12 IST" duration-ms="4277" status="PASS">
          <params>
            <param index="0">
              <value>
                <![CDATA[chrome]]>
              </value>
            </param>
          </params>
          <reporter-output>
          </reporter-output>
        </test-method> <!-- setup -->
        <test-method signature="testInvalidRegistrationScenarios(java.lang.String,java.lang.String,java.lang.String,java.lang.String,java.lang.String)[pri:0, instance:testcases.RegistrationTest@1b7cc17c]" started-at="2025-12-26T17:28:12 IST" name="testInvalidRegistrationScenarios" data-provider="invalidRegistrationData" finished-at="2025-12-26T17:28:15 IST" duration-ms="3175" status="PASS">
          <params>
            <param index="0">
              <value>
                <![CDATA[Kadamba]]>
              </value>
            </param>
            <param index="1">
              <value>
                <![CDATA[vel]]>
              </value>
            </param>
            <param index="2">
              <value>
                <![CDATA[]]>
              </value>
            </param>
            <param index="3">
              <value>
                <![CDATA[Password123!]]>
              </value>
            </param>
            <param index="4">
              <value>
                <![CDATA[Email is invalid]]>
              </value>
            </param>
          </params>
          <reporter-output>
          </reporter-output>
        </test-method> <!-- testInvalidRegistrationScenarios -->
        <test-method is-config="true" signature="tearDown()[pri:0, instance:testcases.RegistrationTest@1b7cc17c]" started-at="2025-12-26T17:28:15 IST" name="tearDown" finished-at="2025-12-26T17:28:17 IST" duration-ms="2266" status="PASS">
          <reporter-output>
          </reporter-output>
        </test-method> <!-- tearDown -->
        <test-method is-config="true" signature="setup(java.lang.String)[pri:0, instance:testcases.RegistrationTest@1b7cc17c]" started-at="2025-12-26T17:28:17 IST" name="setup" finished-at="2025-12-26T17:28:22 IST" duration-ms="4499" status="PASS">
          <params>
            <param index="0">
              <value>
                <![CDATA[chrome]]>
              </value>
            </param>
          </params>
          <reporter-output>
          </reporter-output>
        </test-method> <!-- setup -->
        <test-method signature="testInvalidRegistrationScenarios(java.lang.String,java.lang.String,java.lang.String,java.lang.String,java.lang.String)[pri:0, instance:testcases.RegistrationTest@1b7cc17c]" started-at="2025-12-26T17:28:22 IST" name="testInvalidRegistrationScenarios" data-provider="invalidRegistrationData" finished-at="2025-12-26T17:28:25 IST" duration-ms="2913" status="PASS">
          <params>
            <param index="0">
              <value>
                <![CDATA[Kadamba]]>
              </value>
            </param>
            <param index="1">
              <value>
                <![CDATA[vel]]>
              </value>
            </param>
            <param index="2">
              <value>
                <![CDATA[valid1766750269813@test.com]]>
              </value>
            </param>
            <param index="3">
              <value>
                <![CDATA[]]>
              </value>
            </param>
            <param index="4">
              <value>
                <![CDATA[password` is required]]>
              </value>
            </param>
          </params>
          <reporter-output>
          </reporter-output>
        </test-method> <!-- testInvalidRegistrationScenarios -->
        <test-method is-config="true" signature="tearDown()[pri:0, instance:testcases.RegistrationTest@1b7cc17c]" started-at="2025-12-26T17:28:25 IST" name="tearDown" finished-at="2025-12-26T17:28:25 IST" duration-ms="398" status="PASS">
          <reporter-output>
          </reporter-output>
        </test-method> <!-- tearDown -->
        <test-method is-config="true" signature="setup(java.lang.String)[pri:0, instance:testcases.RegistrationTest@1b7cc17c]" started-at="2025-12-26T17:28:25 IST" name="setup" finished-at="2025-12-26T17:28:29 IST" duration-ms="4494" status="PASS">
          <params>
            <param index="0">
              <value>
                <![CDATA[chrome]]>
              </value>
            </param>
          </params>
          <reporter-output>
          </reporter-output>
        </test-method> <!-- setup -->
        <test-method signature="testInvalidRegistrationScenarios(java.lang.String,java.lang.String,java.lang.String,java.lang.String,java.lang.String)[pri:0, instance:testcases.RegistrationTest@1b7cc17c]" started-at="2025-12-26T17:28:29 IST" name="testInvalidRegistrationScenarios" data-provider="invalidRegistrationData" finished-at="2025-12-26T17:28:34 IST" duration-ms="4627" status="PASS">
          <params>
            <param index="0">
              <value>
                <![CDATA[Kadamba]]>
              </value>
            </param>
            <param index="1">
              <value>
                <![CDATA[vel]]>
              </value>
            </param>
            <param index="2">
              <value>
                <![CDATA[valid1766750269813@test.com]]>
              </value>
            </param>
            <param index="3">
              <value>
                <![CDATA[123]]>
              </value>
            </param>
            <param index="4">
              <value>
                <![CDATA[is shorter than the minimum allowed length (7)]]>
              </value>
            </param>
          </params>
          <reporter-output>
          </reporter-output>
        </test-method> <!-- testInvalidRegistrationScenarios -->
        <test-method is-config="true" signature="tearDown()[pri:0, instance:testcases.RegistrationTest@1b7cc17c]" started-at="2025-12-26T17:28:34 IST" name="tearDown" finished-at="2025-12-26T17:28:35 IST" duration-ms="769" status="PASS">
          <reporter-output>
          </reporter-output>
        </test-method> <!-- tearDown -->
        <test-method is-config="true" signature="setup(java.lang.String)[pri:0, instance:testcases.RegistrationTest@1b7cc17c]" started-at="2025-12-26T17:28:35 IST" name="setup" finished-at="2025-12-26T17:28:39 IST" duration-ms="4363" status="PASS">
          <params>
            <param index="0">
              <value>
                <![CDATA[chrome]]>
              </value>
            </param>
          </params>
          <reporter-output>
          </reporter-output>
        </test-method> <!-- setup -->
        <test-method signature="testInvalidRegistrationScenarios(java.lang.String,java.lang.String,java.lang.String,java.lang.String,java.lang.String)[pri:0, instance:testcases.RegistrationTest@1b7cc17c]" started-at="2025-12-26T17:28:39 IST" name="testInvalidRegistrationScenarios" data-provider="invalidRegistrationData" finished-at="2025-12-26T17:28:42 IST" duration-ms="3228" status="PASS">
          <params>
            <param index="0">
              <value>
                <![CDATA[Kadamba]]>
              </value>
            </param>
            <param index="1">
              <value>
                <![CDATA[vel]]>
              </value>
            </param>
            <param index="2">
              <value>
                <![CDATA[valid1766750269813@valid]]>
              </value>
            </param>
            <param index="3">
              <value>
                <![CDATA[Password123$]]>
              </value>
            </param>
            <param index="4">
              <value>
                <![CDATA[Email is invalid]]>
              </value>
            </param>
          </params>
          <reporter-output>
          </reporter-output>
        </test-method> <!-- testInvalidRegistrationScenarios -->
        <test-method is-config="true" signature="tearDown()[pri:0, instance:testcases.RegistrationTest@1b7cc17c]" started-at="2025-12-26T17:28:42 IST" name="tearDown" finished-at="2025-12-26T17:28:43 IST" duration-ms="863" status="PASS">
          <reporter-output>
          </reporter-output>
        </test-method> <!-- tearDown -->
        <test-method is-config="true" signature="setup(java.lang.String)[pri:0, instance:testcases.RegistrationTest@1b7cc17c]" started-at="2025-12-26T17:29:27 IST" name="setup" finished-at="2025-12-26T17:29:32 IST" duration-ms="5482" status="PASS">
          <params>
            <param index="0">
              <value>
                <![CDATA[chrome]]>
              </value>
            </param>
          </params>
          <reporter-output>
          </reporter-output>
        </test-method> <!-- setup -->
        <test-method signature="testRegistrationWithExistingEmail()[pri:0, instance:testcases.RegistrationTest@1b7cc17c]" started-at="2025-12-26T17:29:32 IST" name="testRegistrationWithExistingEmail" finished-at="2025-12-26T17:29:46 IST" duration-ms="13394" status="PASS">
          <reporter-output>
          </reporter-output>
        </test-method> <!-- testRegistrationWithExistingEmail -->
        <test-method is-config="true" signature="tearDown()[pri:0, instance:testcases.RegistrationTest@1b7cc17c]" started-at="2025-12-26T17:29:46 IST" name="tearDown" finished-at="2025-12-26T17:29:47 IST" duration-ms="1170" status="PASS">
          <reporter-output>
          </reporter-output>
        </test-method> <!-- tearDown -->
        <test-method is-config="true" signature="setup(java.lang.String)[pri:0, instance:testcases.RegistrationTest@1b7cc17c]" started-at="2025-12-26T17:29:58 IST" name="setup" finished-at="2025-12-26T17:30:03 IST" duration-ms="5309" status="PASS">
          <params>
            <param index="0">
              <value>
                <![CDATA[chrome]]>
              </value>
            </param>
          </params>
          <reporter-output>
          </reporter-output>
        </test-method> <!-- setup -->
        <test-method signature="testValidSignup()[pri:0, instance:testcases.RegistrationTest@1b7cc17c]" started-at="2025-12-26T17:30:03 IST" name="testValidSignup" finished-at="2025-12-26T17:30:07 IST" duration-ms="4143" status="PASS">
          <reporter-output>
          </reporter-output>
        </test-method> <!-- testValidSignup -->
        <test-method is-config="true" signature="tearDown()[pri:0, instance:testcases.RegistrationTest@1b7cc17c]" started-at="2025-12-26T17:30:07 IST" name="tearDown" finished-at="2025-12-26T17:30:08 IST" duration-ms="777" status="PASS">
          <reporter-output>
          </reporter-output>
        </test-method> <!-- tearDown -->
      </class> <!-- testcases.RegistrationTest -->
    </test> <!-- Chrome Test -->
    <test started-at="2025-12-26T17:27:31 IST" name="Firefox Test" finished-at="2025-12-26T17:37:54 IST" duration-ms="623627">
      <class name="testcases.UITest">
        <test-method is-config="true" signature="setup(java.lang.String)[pri:0, instance:testcases.UITest@6c6cb480]" started-at="2025-12-26T17:33:47 IST" name="setup" finished-at="2025-12-26T17:33:56 IST" duration-ms="8650" status="PASS">
          <params>
            <param index="0">
              <value>
                <![CDATA[firefox]]>
              </value>
            </param>
          </params>
          <reporter-output>
          </reporter-output>
        </test-method> <!-- setup -->
        <test-method is-config="true" signature="setup()[pri:0, instance:testcases.UITest@6c6cb480]" started-at="2025-12-26T17:33:56 IST" name="setup" finished-at="2025-12-26T17:33:57 IST" duration-ms="1881" status="PASS">
          <reporter-output>
          </reporter-output>
        </test-method> <!-- setup -->
        <test-method signature="testContactFormAlignment()[pri:1, instance:testcases.UITest@6c6cb480]" started-at="2025-12-26T17:33:57 IST" name="testContactFormAlignment" finished-at="2025-12-26T17:33:59 IST" duration-ms="1822" status="FAIL">
          <exception class="java.lang.AssertionError">
            <message>
              <![CDATA[Right Column Alignment Failed (Phone vs LastName) expected [446] but found [356]]]>
            </message>
            <full-stacktrace>
              <![CDATA[java.lang.AssertionError: Right Column Alignment Failed (Phone vs LastName) expected [446] but found [356]
at org.testng.Assert.fail(Assert.java:111)
at org.testng.Assert.failNotEquals(Assert.java:1590)
at org.testng.Assert.assertEqualsImpl(Assert.java:150)
at org.testng.Assert.assertEquals(Assert.java:132)
at org.testng.Assert.assertEquals(Assert.java:1431)
at org.testng.Assert.assertEquals(Assert.java:1395)
at testcases.UITest.testContactFormAlignment(UITest.java:78)
at java.base/jdk.internal.reflect.DirectMethodHandleAccessor.invoke(DirectMethodHandleAccessor.java:104)
at java.base/java.lang.reflect.Method.invoke(Method.java:565)
at org.testng.internal.invokers.MethodInvocationHelper.invokeMethod(MethodInvocationHelper.java:141)
at org.testng.internal.invokers.TestInvoker.invokeMethod(TestInvoker.java:687)
at org.testng.internal.invokers.TestInvoker.invokeTestMethod(TestInvoker.java:230)
at org.testng.internal.invokers.MethodRunner.runInSequence(MethodRunner.java:63)
at org.testng.internal.invokers.TestInvoker$MethodInvocationAgent.invoke(TestInvoker.java:995)
at org.testng.internal.invokers.TestInvoker.invokeTestMethods(TestInvoker.java:203)
at org.testng.internal.invokers.TestMethodWorker.invokeTestMethods(TestMethodWorker.java:154)
at org.testng.internal.invokers.TestMethodWorker.run(TestMethodWorker.java:134)
at java.base/java.util.ArrayList.forEach(ArrayList.java:1604)
at org.testng.TestRunner.privateRun(TestRunner.java:741)
at org.testng.TestRunner.run(TestRunner.java:616)
at org.testng.SuiteRunner.runTest(SuiteRunner.java:421)
at org.testng.SuiteRunner$SuiteWorker.run(SuiteRunner.java:463)
at org.testng.internal.thread.ThreadUtil.lambda$execute$0(ThreadUtil.java:64)
at java.base/java.util.concurrent.FutureTask.run(FutureTask.java:328)
at java.base/java.util.concurrent.ThreadPoolExecutor.runWorker(ThreadPoolExecutor.java:1090)
at java.base/java.util.concurrent.ThreadPoolExecutor$Worker.run(ThreadPoolExecutor.java:614)
at java.base/java.lang.Thread.run(Thread.java:1474)
]]>
            </full-stacktrace>
          </exception> <!-- java.lang.AssertionError -->
          <reporter-output>
          </reporter-output>
        </test-method> <!-- testContactFormAlignment -->
        <test-method is-config="true" signature="tearDown()[pri:0, instance:testcases.UITest@6c6cb480]" started-at="2025-12-26T17:33:59 IST" name="tearDown" finished-at="2025-12-26T17:34:01 IST" duration-ms="2172" status="PASS">
          <reporter-output>
          </reporter-output>
        </test-method> <!-- tearDown -->
        <test-method is-config="true" signature="setup(java.lang.String)[pri:0, instance:testcases.UITest@6c6cb480]" started-at="2025-12-26T17:34:51 IST" name="setup" finished-at="2025-12-26T17:35:04 IST" duration-ms="13173" status="PASS">
          <params>
            <param index="0">
              <value>
                <![CDATA[firefox]]>
              </value>
            </param>
          </params>
          <reporter-output>
          </reporter-output>
        </test-method> <!-- setup -->
        <test-method is-config="true" signature="setup()[pri:0, instance:testcases.UITest@6c6cb480]" started-at="2025-12-26T17:35:04 IST" name="setup" finished-at="2025-12-26T17:35:06 IST" duration-ms="2024" status="PASS">
          <reporter-output>
          </reporter-output>
        </test-method> <!-- setup -->
        <test-method signature="testActionSuccessIndicator()[pri:2, instance:testcases.UITest@6c6cb480]" started-at="2025-12-26T17:35:06 IST" name="testActionSuccessIndicator" finished-at="2025-12-26T17:35:10 IST" duration-ms="4281" status="PASS">
          <reporter-output>
          </reporter-output>
        </test-method> <!-- testActionSuccessIndicator -->
        <test-method is-config="true" signature="tearDown()[pri:0, instance:testcases.UITest@6c6cb480]" started-at="2025-12-26T17:35:10 IST" name="tearDown" finished-at="2025-12-26T17:35:13 IST" duration-ms="3237" status="PASS">
          <reporter-output>
          </reporter-output>
        </test-method> <!-- tearDown -->
      </class> <!-- testcases.UITest -->
      <class name="testcases.AddContactTest">
        <test-method is-config="true" signature="setup(java.lang.String)[pri:0, instance:testcases.AddContactTest@7c7a06ec]" started-at="2025-12-26T17:33:25 IST" name="setup" finished-at="2025-12-26T17:33:37 IST" duration-ms="11991" status="PASS">
          <params>
            <param index="0">
              <value>
                <![CDATA[firefox]]>
              </value>
            </param>
          </params>
          <reporter-output>
          </reporter-output>
        </test-method> <!-- setup -->
        <test-method is-config="true" signature="setupAndLogin()[pri:0, instance:testcases.AddContactTest@7c7a06ec]" started-at="2025-12-26T17:33:37 IST" name="setupAndLogin" finished-at="2025-12-26T17:33:38 IST" duration-ms="261" status="PASS">
          <reporter-output>
          </reporter-output>
        </test-method> <!-- setupAndLogin -->
        <test-method signature="testAddValidContact()[pri:1, instance:testcases.AddContactTest@7c7a06ec]" started-at="2025-12-26T17:33:38 IST" name="testAddValidContact" finished-at="2025-12-26T17:33:44 IST" duration-ms="6625" status="PASS">
          <reporter-output>
          </reporter-output>
        </test-method> <!-- testAddValidContact -->
        <test-method is-config="true" signature="tearDown()[pri:0, instance:testcases.AddContactTest@7c7a06ec]" started-at="2025-12-26T17:33:44 IST" name="tearDown" finished-at="2025-12-26T17:33:47 IST" duration-ms="2648" status="PASS">
          <reporter-output>
          </reporter-output>
        </test-method> <!-- tearDown -->
        <test-method is-config="true" signature="setup(java.lang.String)[pri:0, instance:testcases.AddContactTest@7c7a06ec]" started-at="2025-12-26T17:35:13 IST" name="setup" finished-at="2025-12-26T17:35:24 IST" duration-ms="10880" status="PASS">
          <params>
            <param index="0">
              <value>
                <![CDATA[firefox]]>
              </value>
            </param>
          </params>
          <reporter-output>
          </reporter-output>
        </test-method> <!-- setup -->
        <test-method is-config="true" signature="setupAndLogin()[pri:0, instance:testcases.AddContactTest@7c7a06ec]" started-at="2025-12-26T17:35:24 IST" name="setupAndLogin" finished-at="2025-12-26T17:35:24 IST" duration-ms="283" status="PASS">
          <reporter-output>
          </reporter-output>
        </test-method> <!-- setupAndLogin -->
        <test-method signature="testAddContactMissingRequiredFields()[pri:2, instance:testcases.AddContactTest@7c7a06ec]" started-at="2025-12-26T17:35:24 IST" name="testAddContactMissingRequiredFields" finished-at="2025-12-26T17:35:28 IST" duration-ms="3171" status="PASS">
          <reporter-output>
          </reporter-output>
        </test-method> <!-- testAddContactMissingRequiredFields -->
        <test-method is-config="true" signature="tearDown()[pri:0, instance:testcases.AddContactTest@7c7a06ec]" started-at="2025-12-26T17:35:28 IST" name="tearDown" finished-at="2025-12-26T17:35:30 IST" duration-ms="2370" status="PASS">
          <reporter-output>
          </reporter-output>
        </test-method> <!-- tearDown -->
        <test-method is-config="true" signature="setup(java.lang.String)[pri:0, instance:testcases.AddContactTest@7c7a06ec]" started-at="2025-12-26T17:36:41 IST" name="setup" finished-at="2025-12-26T17:36:51 IST" duration-ms="9972" status="PASS">
          <params>
            <param index="0">
              <value>
                <![CDATA[firefox]]>
              </value>
            </param>
          </params>
          <reporter-output>
          </reporter-output>
        </test-method> <!-- setup -->
        <test-method is-config="true" signature="setupAndLogin()[pri:0, instance:testcases.AddContactTest@7c7a06ec]" started-at="2025-12-26T17:36:51 IST" name="setupAndLogin" finished-at="2025-12-26T17:36:51 IST" duration-ms="342" status="PASS">
          <reporter-output>
          </reporter-output>
        </test-method> <!-- setupAndLogin -->
        <test-method signature="testInvalidPhoneInput()[pri:3, instance:testcases.AddContactTest@7c7a06ec]" started-at="2025-12-26T17:36:51 IST" name="testInvalidPhoneInput" finished-at="2025-12-26T17:36:55 IST" duration-ms="3456" status="PASS">
          <reporter-output>
          </reporter-output>
        </test-method> <!-- testInvalidPhoneInput -->
        <test-method is-config="true" signature="tearDown()[pri:0, instance:testcases.AddContactTest@7c7a06ec]" started-at="2025-12-26T17:36:55 IST" name="tearDown" finished-at="2025-12-26T17:36:57 IST" duration-ms="2291" status="PASS">
          <reporter-output>
          </reporter-output>
        </test-method> <!-- tearDown -->
        <test-method is-config="true" signature="setup(java.lang.String)[pri:0, instance:testcases.AddContactTest@7c7a06ec]" started-at="2025-12-26T17:36:57 IST" name="setup" finished-at="2025-12-26T17:37:07 IST" duration-ms="10269" status="PASS">
          <params>
            <param index="0">
              <value>
                <![CDATA[firefox]]>
              </value>
            </param>
          </params>
          <reporter-output>
          </reporter-output>
        </test-method> <!-- setup -->
        <test-method is-config="true" signature="setupAndLogin()[pri:0, instance:testcases.AddContactTest@7c7a06ec]" started-at="2025-12-26T17:37:07 IST" name="setupAndLogin" finished-at="2025-12-26T17:37:08 IST" duration-ms="302" status="PASS">
          <reporter-output>
          </reporter-output>
        </test-method> <!-- setupAndLogin -->
        <test-method signature="testDuplicateContactBehavior()[pri:4, instance:testcases.AddContactTest@7c7a06ec]" started-at="2025-12-26T17:37:08 IST" name="testDuplicateContactBehavior" finished-at="2025-12-26T17:37:18 IST" duration-ms="9715" status="PASS">
          <reporter-output>
          </reporter-output>
        </test-method> <!-- testDuplicateContactBehavior -->
        <test-method is-config="true" signature="tearDown()[pri:0, instance:testcases.AddContactTest@7c7a06ec]" started-at="2025-12-26T17:37:18 IST" name="tearDown" finished-at="2025-12-26T17:37:21 IST" duration-ms="3070" status="PASS">
          <reporter-output>
          </reporter-output>
        </test-method> <!-- tearDown -->
        <test-method is-config="true" signature="setup(java.lang.String)[pri:0, instance:testcases.AddContactTest@7c7a06ec]" started-at="2025-12-26T17:37:37 IST" name="setup" finished-at="2025-12-26T17:37:47 IST" duration-ms="10088" status="PASS">
          <params>
            <param index="0">
              <value>
                <![CDATA[firefox]]>
              </value>
            </param>
          </params>
          <reporter-output>
          </reporter-output>
        </test-method> <!-- setup -->
        <test-method is-config="true" signature="setupAndLogin()[pri:0, instance:testcases.AddContactTest@7c7a06ec]" started-at="2025-12-26T17:37:47 IST" name="setupAndLogin" finished-at="2025-12-26T17:37:47 IST" duration-ms="440" status="PASS">
          <reporter-output>
          </reporter-output>
        </test-method> <!-- setupAndLogin -->
        <test-method signature="testFormResetAfterAddition()[pri:5, instance:testcases.AddContactTest@7c7a06ec]" started-at="2025-12-26T17:37:47 IST" name="testFormResetAfterAddition" finished-at="2025-12-26T17:37:52 IST" duration-ms="4712" status="PASS">
          <reporter-output>
          </reporter-output>
        </test-method> <!-- testFormResetAfterAddition -->
        <test-method is-config="true" signature="tearDown()[pri:0, instance:testcases.AddContactTest@7c7a06ec]" started-at="2025-12-26T17:37:52 IST" name="tearDown" finished-at="2025-12-26T17:37:54 IST" duration-ms="2338" status="PASS">
          <reporter-output>
          </reporter-output>
        </test-method> <!-- tearDown -->
      </class> <!-- testcases.AddContactTest -->
      <class name="testcases.EditContactTest">
        <test-method is-config="true" signature="setup(java.lang.String)[pri:0, instance:testcases.EditContactTest@75d4a5c2]" started-at="2025-12-26T17:34:01 IST" name="setup" finished-at="2025-12-26T17:34:09 IST" duration-ms="7658" status="PASS">
          <params>
            <param index="0">
              <value>
                <![CDATA[firefox]]>
              </value>
            </param>
          </params>
          <reporter-output>
          </reporter-output>
        </test-method> <!-- setup -->
        <test-method is-config="true" signature="setup()[pri:0, instance:testcases.EditContactTest@75d4a5c2]" started-at="2025-12-26T17:34:09 IST" name="setup" finished-at="2025-12-26T17:34:09 IST" duration-ms="353" status="PASS">
          <reporter-output>
          </reporter-output>
        </test-method> <!-- setup -->
        <test-method signature="testEditContactSuccessfully()[pri:1, instance:testcases.EditContactTest@75d4a5c2]" started-at="2025-12-26T17:34:09 IST" name="testEditContactSuccessfully" finished-at="2025-12-26T17:34:11 IST" duration-ms="1701" status="FAIL">
          <exception class="org.openqa.selenium.ElementNotInteractableException">
            <message>
              <![CDATA[Element <tr class="contactTableBodyRow"> could not be scrolled into view
Build info: version: '4.39.0', revision: '126f156aee'
System info: os.name: 'Windows 11', os.arch: 'amd64', os.version: '10.0', java.version: '25'
Driver info: org.openqa.selenium.firefox.FirefoxDriver
Command: [54d5c4c2-8360-4044-a3ad-93a458b0ed82, clickElement {id=a3be01d8-d95f-4a85-83ba-695898d97117}]
Capabilities {acceptInsecureCerts: true, browserName: firefox, browserVersion: 146.0.1, moz:accessibilityChecks: false, moz:buildID: 20251217121356, moz:geckodriverVersion: 0.36.0, moz:headless: false, moz:platformVersion: 10.0, moz:processID: 10432, moz:profile: C:\Users\KARTHI~1\AppData\L..., moz:shutdownTimeout: 60000, moz:webdriverClick: true, moz:windowless: false, pageLoadStrategy: normal, platformName: windows, proxy: Proxy(), setWindowRect: true, strictFileInteractability: false, timeouts: {implicit: 0, pageLoad: 300000, script: 30000}, unhandledPromptBehavior: dismiss and notify, userAgent: Mozilla/5.0 (Windows NT 10....}
Element: [[FirefoxDriver: firefox on windows (54d5c4c2-8360-4044-a3ad-93a458b0ed82)] -> xpath: //tr[@class='contactTableBodyRow'][1]]
Session ID: 54d5c4c2-8360-4044-a3ad-93a458b0ed82]]>
            </message>
            <full-stacktrace>
              <![CDATA[org.openqa.selenium.ElementNotInteractableException: Element <tr class="contactTableBodyRow"> could not be scrolled into view
Build info: version: '4.39.0', revision: '126f156aee'
System info: os.name: 'Windows 11', os.arch: 'amd64', os.version: '10.0', java.version: '25'
Driver info: org.openqa.selenium.firefox.FirefoxDriver
Command: [54d5c4c2-8360-4044-a3ad-93a458b0ed82, clickElement {id=a3be01d8-d95f-4a85-83ba-695898d97117}]
Capabilities {acceptInsecureCerts: true, browserName: firefox, browserVersion: 146.0.1, moz:accessibilityChecks: false, moz:buildID: 20251217121356, moz:geckodriverVersion: 0.36.0, moz:headless: false, moz:platformVersion: 10.0, moz:processID: 10432, moz:profile: C:\Users\KARTHI~1\AppData\L..., moz:shutdownTimeout: 60000, moz:webdriverClick: true, moz:windowless: false, pageLoadStrategy: normal, platformName: windows, proxy: Proxy(), setWindowRect: true, strictFileInteractability: false, timeouts: {implicit: 0, pageLoad: 300000, script: 30000}, unhandledPromptBehavior: dismiss and notify, userAgent: Mozilla/5.0 (Windows NT 10....}
Element: [[FirefoxDriver: firefox on windows (54d5c4c2-8360-4044-a3ad-93a458b0ed82)] -> xpath: //tr[@class='contactTableBodyRow'][1]]
Session ID: 54d5c4c2-8360-4044-a3ad-93a458b0ed82
at java.base/jdk.internal.reflect.DirectConstructorHandleAccessor.newInstance(DirectConstructorHandleAccessor.java:62)
at java.base/java.lang.reflect.Constructor.newInstanceWithCaller(Constructor.java:499)
at java.base/java.lang.reflect.Constructor.newInstance(Constructor.java:483)
at org.openqa.selenium.remote.ErrorCodec.decode(ErrorCodec.java:167)
at org.openqa.selenium.remote.codec.w3c.W3CHttpResponseCodec.decode(W3CHttpResponseCodec.java:142)
at org.openqa.selenium.remote.codec.w3c.W3CHttpResponseCodec.decode(W3CHttpResponseCodec.java:49)
at org.openqa.selenium.remote.HttpCommandExecutor.execute(HttpCommandExecutor.java:215)
at org.openqa.selenium.remote.service.DriverCommandExecutor.invokeExecute(DriverCommandExecutor.java:216)
at org.openqa.selenium.remote.service.DriverCommandExecutor.execute(DriverCommandExecutor.java:174)
at org.openqa.selenium.remote.RemoteWebDriver.execute(RemoteWebDriver.java:561)
at org.openqa.selenium.remote.RemoteWebElement.execute(RemoteWebElement.java:223)
at org.openqa.selenium.remote.RemoteWebElement.click(RemoteWebElement.java:76)
at pageclass.ContactListPage.clickFirstContact(ContactListPage.java:42)
at testcases.EditContactTest.testEditContactSuccessfully(EditContactTest.java:40)
at java.base/jdk.internal.reflect.DirectMethodHandleAccessor.invoke(DirectMethodHandleAccessor.java:104)
at java.base/java.lang.reflect.Method.invoke(Method.java:565)
at org.testng.internal.invokers.MethodInvocationHelper.invokeMethod(MethodInvocationHelper.java:141)
at org.testng.internal.invokers.TestInvoker.invokeMethod(TestInvoker.java:687)
at org.testng.internal.invokers.TestInvoker.invokeTestMethod(TestInvoker.java:230)
at org.testng.internal.invokers.MethodRunner.runInSequence(MethodRunner.java:63)
at org.testng.internal.invokers.TestInvoker$MethodInvocationAgent.invoke(TestInvoker.java:995)
at org.testng.internal.invokers.TestInvoker.invokeTestMethods(TestInvoker.java:203)
at org.testng.internal.invokers.TestMethodWorker.invokeTestMethods(TestMethodWorker.java:154)
at org.testng.internal.invokers.TestMethodWorker.run(TestMethodWorker.java:134)
at java.base/java.util.ArrayList.forEach(ArrayList.java:1604)
at org.testng.TestRunner.privateRun(TestRunner.java:741)
at org.testng.TestRunner.run(TestRunner.java:616)
at org.testng.SuiteRunner.runTest(SuiteRunner.java:421)
at org.testng.SuiteRunner$SuiteWorker.run(SuiteRunner.java:463)
at org.testng.internal.thread.ThreadUtil.lambda$execute$0(ThreadUtil.java:64)
at java.base/java.util.concurrent.FutureTask.run(FutureTask.java:328)
at java.base/java.util.concurrent.ThreadPoolExecutor.runWorker(ThreadPoolExecutor.java:1090)
at java.base/java.util.concurrent.ThreadPoolExecutor$Worker.run(ThreadPoolExecutor.java:614)
at java.base/java.lang.Thread.run(Thread.java:1474)
]]>
            </full-stacktrace>
          </exception> <!-- org.openqa.selenium.ElementNotInteractableException -->
          <reporter-output>
          </reporter-output>
        </test-method> <!-- testEditContactSuccessfully -->
        <test-method is-config="true" signature="tearDown()[pri:0, instance:testcases.EditContactTest@75d4a5c2]" started-at="2025-12-26T17:34:11 IST" name="tearDown" finished-at="2025-12-26T17:34:14 IST" duration-ms="2828" status="PASS">
          <reporter-output>
          </reporter-output>
        </test-method> <!-- tearDown -->
        <test-method is-config="true" signature="setup(java.lang.String)[pri:0, instance:testcases.EditContactTest@75d4a5c2]" started-at="2025-12-26T17:35:30 IST" name="setup" finished-at="2025-12-26T17:35:41 IST" duration-ms="10566" status="PASS">
          <params>
            <param index="0">
              <value>
                <![CDATA[firefox]]>
              </value>
            </param>
          </params>
          <reporter-output>
          </reporter-output>
        </test-method> <!-- setup -->
        <test-method is-config="true" signature="setup()[pri:0, instance:testcases.EditContactTest@75d4a5c2]" started-at="2025-12-26T17:35:41 IST" name="setup" finished-at="2025-12-26T17:35:41 IST" duration-ms="307" status="PASS">
          <reporter-output>
          </reporter-output>
        </test-method> <!-- setup -->
        <test-method signature="testCancelEdit()[pri:2, instance:testcases.EditContactTest@75d4a5c2]" started-at="2025-12-26T17:35:41 IST" name="testCancelEdit" finished-at="2025-12-26T17:35:43 IST" duration-ms="1806" status="FAIL">
          <exception class="org.openqa.selenium.ElementNotInteractableException">
            <message>
              <![CDATA[Element <tr class="contactTableBodyRow"> could not be scrolled into view
Build info: version: '4.39.0', revision: '126f156aee'
System info: os.name: 'Windows 11', os.arch: 'amd64', os.version: '10.0', java.version: '25'
Driver info: org.openqa.selenium.firefox.FirefoxDriver
Command: [06dd889b-c5a6-42c4-8eb1-1643d376b0d3, clickElement {id=c748cdb1-7502-43ae-becf-d5f7bda17b02}]
Capabilities {acceptInsecureCerts: true, browserName: firefox, browserVersion: 146.0.1, moz:accessibilityChecks: false, moz:buildID: 20251217121356, moz:geckodriverVersion: 0.36.0, moz:headless: false, moz:platformVersion: 10.0, moz:processID: 11316, moz:profile: C:\Users\KARTHI~1\AppData\L..., moz:shutdownTimeout: 60000, moz:webdriverClick: true, moz:windowless: false, pageLoadStrategy: normal, platformName: windows, proxy: Proxy(), setWindowRect: true, strictFileInteractability: false, timeouts: {implicit: 0, pageLoad: 300000, script: 30000}, unhandledPromptBehavior: dismiss and notify, userAgent: Mozilla/5.0 (Windows NT 10....}
Element: [[FirefoxDriver: firefox on windows (06dd889b-c5a6-42c4-8eb1-1643d376b0d3)] -> xpath: //tr[@class='contactTableBodyRow'][1]]
Session ID: 06dd889b-c5a6-42c4-8eb1-1643d376b0d3]]>
            </message>
            <full-stacktrace>
              <![CDATA[org.openqa.selenium.ElementNotInteractableException: Element <tr class="contactTableBodyRow"> could not be scrolled into view
Build info: version: '4.39.0', revision: '126f156aee'
System info: os.name: 'Windows 11', os.arch: 'amd64', os.version: '10.0', java.version: '25'
Driver info: org.openqa.selenium.firefox.FirefoxDriver
Command: [06dd889b-c5a6-42c4-8eb1-1643d376b0d3, clickElement {id=c748cdb1-7502-43ae-becf-d5f7bda17b02}]
Capabilities {acceptInsecureCerts: true, browserName: firefox, browserVersion: 146.0.1, moz:accessibilityChecks: false, moz:buildID: 20251217121356, moz:geckodriverVersion: 0.36.0, moz:headless: false, moz:platformVersion: 10.0, moz:processID: 11316, moz:profile: C:\Users\KARTHI~1\AppData\L..., moz:shutdownTimeout: 60000, moz:webdriverClick: true, moz:windowless: false, pageLoadStrategy: normal, platformName: windows, proxy: Proxy(), setWindowRect: true, strictFileInteractability: false, timeouts: {implicit: 0, pageLoad: 300000, script: 30000}, unhandledPromptBehavior: dismiss and notify, userAgent: Mozilla/5.0 (Windows NT 10....}
Element: [[FirefoxDriver: firefox on windows (06dd889b-c5a6-42c4-8eb1-1643d376b0d3)] -> xpath: //tr[@class='contactTableBodyRow'][1]]
Session ID: 06dd889b-c5a6-42c4-8eb1-1643d376b0d3
at java.base/jdk.internal.reflect.DirectConstructorHandleAccessor.newInstance(DirectConstructorHandleAccessor.java:62)
at java.base/java.lang.reflect.Constructor.newInstanceWithCaller(Constructor.java:499)
at java.base/java.lang.reflect.Constructor.newInstance(Constructor.java:483)
at org.openqa.selenium.remote.ErrorCodec.decode(ErrorCodec.java:167)
at org.openqa.selenium.remote.codec.w3c.W3CHttpResponseCodec.decode(W3CHttpResponseCodec.java:142)
at org.openqa.selenium.remote.codec.w3c.W3CHttpResponseCodec.decode(W3CHttpResponseCodec.java:49)
at org.openqa.selenium.remote.HttpCommandExecutor.execute(HttpCommandExecutor.java:215)
at org.openqa.selenium.remote.service.DriverCommandExecutor.invokeExecute(DriverCommandExecutor.java:216)
at org.openqa.selenium.remote.service.DriverCommandExecutor.execute(DriverCommandExecutor.java:174)
at org.openqa.selenium.remote.RemoteWebDriver.execute(RemoteWebDriver.java:561)
at org.openqa.selenium.remote.RemoteWebElement.execute(RemoteWebElement.java:223)
at org.openqa.selenium.remote.RemoteWebElement.click(RemoteWebElement.java:76)
at pageclass.ContactListPage.clickFirstContact(ContactListPage.java:42)
at testcases.EditContactTest.testCancelEdit(EditContactTest.java:84)
at java.base/jdk.internal.reflect.DirectMethodHandleAccessor.invoke(DirectMethodHandleAccessor.java:104)
at java.base/java.lang.reflect.Method.invoke(Method.java:565)
at org.testng.internal.invokers.MethodInvocationHelper.invokeMethod(MethodInvocationHelper.java:141)
at org.testng.internal.invokers.TestInvoker.invokeMethod(TestInvoker.java:687)
at org.testng.internal.invokers.TestInvoker.invokeTestMethod(TestInvoker.java:230)
at org.testng.internal.invokers.MethodRunner.runInSequence(MethodRunner.java:63)
at org.testng.internal.invokers.TestInvoker$MethodInvocationAgent.invoke(TestInvoker.java:995)
at org.testng.internal.invokers.TestInvoker.invokeTestMethods(TestInvoker.java:203)
at org.testng.internal.invokers.TestMethodWorker.invokeTestMethods(TestMethodWorker.java:154)
at org.testng.internal.invokers.TestMethodWorker.run(TestMethodWorker.java:134)
at java.base/java.util.ArrayList.forEach(ArrayList.java:1604)
at org.testng.TestRunner.privateRun(TestRunner.java:741)
at org.testng.TestRunner.run(TestRunner.java:616)
at org.testng.SuiteRunner.runTest(SuiteRunner.java:421)
at org.testng.SuiteRunner$SuiteWorker.run(SuiteRunner.java:463)
at org.testng.internal.thread.ThreadUtil.lambda$execute$0(ThreadUtil.java:64)
at java.base/java.util.concurrent.FutureTask.run(FutureTask.java:328)
at java.base/java.util.concurrent.ThreadPoolExecutor.runWorker(ThreadPoolExecutor.java:1090)
at java.base/java.util.concurrent.ThreadPoolExecutor$Worker.run(ThreadPoolExecutor.java:614)
at java.base/java.lang.Thread.run(Thread.java:1474)
]]>
            </full-stacktrace>
          </exception> <!-- org.openqa.selenium.ElementNotInteractableException -->
          <reporter-output>
          </reporter-output>
        </test-method> <!-- testCancelEdit -->
        <test-method is-config="true" signature="tearDown()[pri:0, instance:testcases.EditContactTest@75d4a5c2]" started-at="2025-12-26T17:35:43 IST" name="tearDown" finished-at="2025-12-26T17:35:46 IST" duration-ms="3354" status="PASS">
          <reporter-output>
          </reporter-output>
        </test-method> <!-- tearDown -->
        <test-method is-config="true" signature="setup(java.lang.String)[pri:0, instance:testcases.EditContactTest@75d4a5c2]" started-at="2025-12-26T17:36:25 IST" name="setup" finished-at="2025-12-26T17:36:35 IST" duration-ms="10374" status="PASS">
          <params>
            <param index="0">
              <value>
                <![CDATA[firefox]]>
              </value>
            </param>
          </params>
          <reporter-output>
          </reporter-output>
        </test-method> <!-- setup -->
        <test-method is-config="true" signature="setup()[pri:0, instance:testcases.EditContactTest@75d4a5c2]" started-at="2025-12-26T17:36:35 IST" name="setup" finished-at="2025-12-26T17:36:36 IST" duration-ms="267" status="PASS">
          <reporter-output>
          </reporter-output>
        </test-method> <!-- setup -->
        <test-method signature="testEditValidationMissingField()[pri:3, instance:testcases.EditContactTest@75d4a5c2]" started-at="2025-12-26T17:36:36 IST" name="testEditValidationMissingField" finished-at="2025-12-26T17:36:38 IST" duration-ms="2348" status="FAIL">
          <exception class="org.openqa.selenium.ElementNotInteractableException">
            <message>
              <![CDATA[Element <tr class="contactTableBodyRow"> could not be scrolled into view
Build info: version: '4.39.0', revision: '126f156aee'
System info: os.name: 'Windows 11', os.arch: 'amd64', os.version: '10.0', java.version: '25'
Driver info: org.openqa.selenium.firefox.FirefoxDriver
Command: [ef3de1d6-e262-44bb-afbc-4e7c457b5bb0, clickElement {id=7ca57ed9-cc9e-4174-8215-1d3abe64ec96}]
Capabilities {acceptInsecureCerts: true, browserName: firefox, browserVersion: 146.0.1, moz:accessibilityChecks: false, moz:buildID: 20251217121356, moz:geckodriverVersion: 0.36.0, moz:headless: false, moz:platformVersion: 10.0, moz:processID: 21340, moz:profile: C:\Users\KARTHI~1\AppData\L..., moz:shutdownTimeout: 60000, moz:webdriverClick: true, moz:windowless: false, pageLoadStrategy: normal, platformName: windows, proxy: Proxy(), setWindowRect: true, strictFileInteractability: false, timeouts: {implicit: 0, pageLoad: 300000, script: 30000}, unhandledPromptBehavior: dismiss and notify, userAgent: Mozilla/5.0 (Windows NT 10....}
Element: [[FirefoxDriver: firefox on windows (ef3de1d6-e262-44bb-afbc-4e7c457b5bb0)] -> xpath: //tr[@class='contactTableBodyRow'][1]]
Session ID: ef3de1d6-e262-44bb-afbc-4e7c457b5bb0]]>
            </message>
            <full-stacktrace>
              <![CDATA[org.openqa.selenium.ElementNotInteractableException: Element <tr class="contactTableBodyRow"> could not be scrolled into view
Build info: version: '4.39.0', revision: '126f156aee'
System info: os.name: 'Windows 11', os.arch: 'amd64', os.version: '10.0', java.version: '25'
Driver info: org.openqa.selenium.firefox.FirefoxDriver
Command: [ef3de1d6-e262-44bb-afbc-4e7c457b5bb0, clickElement {id=7ca57ed9-cc9e-4174-8215-1d3abe64ec96}]
Capabilities {acceptInsecureCerts: true, browserName: firefox, browserVersion: 146.0.1, moz:accessibilityChecks: false, moz:buildID: 20251217121356, moz:geckodriverVersion: 0.36.0, moz:headless: false, moz:platformVersion: 10.0, moz:processID: 21340, moz:profile: C:\Users\KARTHI~1\AppData\L..., moz:shutdownTimeout: 60000, moz:webdriverClick: true, moz:windowless: false, pageLoadStrategy: normal, platformName: windows, proxy: Proxy(), setWindowRect: true, strictFileInteractability: false, timeouts: {implicit: 0, pageLoad: 300000, script: 30000}, unhandledPromptBehavior: dismiss and notify, userAgent: Mozilla/5.0 (Windows NT 10....}
Element: [[FirefoxDriver: firefox on windows (ef3de1d6-e262-44bb-afbc-4e7c457b5bb0)] -> xpath: //tr[@class='contactTableBodyRow'][1]]
Session ID: ef3de1d6-e262-44bb-afbc-4e7c457b5bb0
at java.base/jdk.internal.reflect.DirectConstructorHandleAccessor.newInstance(DirectConstructorHandleAccessor.java:62)
at java.base/java.lang.reflect.Constructor.newInstanceWithCaller(Constructor.java:499)
at java.base/java.lang.reflect.Constructor.newInstance(Constructor.java:483)
at org.openqa.selenium.remote.ErrorCodec.decode(ErrorCodec.java:167)
at org.openqa.selenium.remote.codec.w3c.W3CHttpResponseCodec.decode(W3CHttpResponseCodec.java:142)
at org.openqa.selenium.remote.codec.w3c.W3CHttpResponseCodec.decode(W3CHttpResponseCodec.java:49)
at org.openqa.selenium.remote.HttpCommandExecutor.execute(HttpCommandExecutor.java:215)
at org.openqa.selenium.remote.service.DriverCommandExecutor.invokeExecute(DriverCommandExecutor.java:216)
at org.openqa.selenium.remote.service.DriverCommandExecutor.execute(DriverCommandExecutor.java:174)
at org.openqa.selenium.remote.RemoteWebDriver.execute(RemoteWebDriver.java:561)
at org.openqa.selenium.remote.RemoteWebElement.execute(RemoteWebElement.java:223)
at org.openqa.selenium.remote.RemoteWebElement.click(RemoteWebElement.java:76)
at pageclass.ContactListPage.clickFirstContact(ContactListPage.java:42)
at testcases.EditContactTest.testEditValidationMissingField(EditContactTest.java:110)
at java.base/jdk.internal.reflect.DirectMethodHandleAccessor.invoke(DirectMethodHandleAccessor.java:104)
at java.base/java.lang.reflect.Method.invoke(Method.java:565)
at org.testng.internal.invokers.MethodInvocationHelper.invokeMethod(MethodInvocationHelper.java:141)
at org.testng.internal.invokers.TestInvoker.invokeMethod(TestInvoker.java:687)
at org.testng.internal.invokers.TestInvoker.invokeTestMethod(TestInvoker.java:230)
at org.testng.internal.invokers.MethodRunner.runInSequence(MethodRunner.java:63)
at org.testng.internal.invokers.TestInvoker$MethodInvocationAgent.invoke(TestInvoker.java:995)
at org.testng.internal.invokers.TestInvoker.invokeTestMethods(TestInvoker.java:203)
at org.testng.internal.invokers.TestMethodWorker.invokeTestMethods(TestMethodWorker.java:154)
at org.testng.internal.invokers.TestMethodWorker.run(TestMethodWorker.java:134)
at java.base/java.util.ArrayList.forEach(ArrayList.java:1604)
at org.testng.TestRunner.privateRun(TestRunner.java:741)
at org.testng.TestRunner.run(TestRunner.java:616)
at org.testng.SuiteRunner.runTest(SuiteRunner.java:421)
at org.testng.SuiteRunner$SuiteWorker.run(SuiteRunner.java:463)
at org.testng.internal.thread.ThreadUtil.lambda$execute$0(ThreadUtil.java:64)
at java.base/java.util.concurrent.FutureTask.run(FutureTask.java:328)
at java.base/java.util.concurrent.ThreadPoolExecutor.runWorker(ThreadPoolExecutor.java:1090)
at java.base/java.util.concurrent.ThreadPoolExecutor$Worker.run(ThreadPoolExecutor.java:614)
at java.base/java.lang.Thread.run(Thread.java:1474)
]]>
            </full-stacktrace>
          </exception> <!-- org.openqa.selenium.ElementNotInteractableException -->
          <reporter-output>
          </reporter-output>
        </test-method> <!-- testEditValidationMissingField -->
        <test-method is-config="true" signature="tearDown()[pri:0, instance:testcases.EditContactTest@75d4a5c2]" started-at="2025-12-26T17:36:38 IST" name="tearDown" finished-at="2025-12-26T17:36:41 IST" duration-ms="3131" status="PASS">
          <reporter-output>
          </reporter-output>
        </test-method> <!-- tearDown -->
      </class> <!-- testcases.EditContactTest -->
      <class name="testcases.InputValidationTest">
        <test-method is-config="true" signature="setup(java.lang.String)[pri:0, instance:testcases.InputValidationTest@3c46e67a]" started-at="2025-12-26T17:34:14 IST" name="setup" finished-at="2025-12-26T17:34:25 IST" duration-ms="11195" status="PASS">
          <params>
            <param index="0">
              <value>
                <![CDATA[firefox]]>
              </value>
            </param>
          </params>
          <reporter-output>
          </reporter-output>
        </test-method> <!-- setup -->
        <test-method is-config="true" signature="setup()[pri:0, instance:testcases.InputValidationTest@3c46e67a]" started-at="2025-12-26T17:34:25 IST" name="setup" finished-at="2025-12-26T17:34:27 IST" duration-ms="1880" status="PASS">
          <reporter-output>
          </reporter-output>
        </test-method> <!-- setup -->
        <test-method signature="testMaxCharacterLimit()[pri:1, instance:testcases.InputValidationTest@3c46e67a]" started-at="2025-12-26T17:34:27 IST" name="testMaxCharacterLimit" finished-at="2025-12-26T17:34:30 IST" duration-ms="2811" status="PASS">
          <reporter-output>
          </reporter-output>
        </test-method> <!-- testMaxCharacterLimit -->
        <test-method is-config="true" signature="tearDown()[pri:0, instance:testcases.InputValidationTest@3c46e67a]" started-at="2025-12-26T17:34:30 IST" name="tearDown" finished-at="2025-12-26T17:34:32 IST" duration-ms="2552" status="PASS">
          <reporter-output>
          </reporter-output>
        </test-method> <!-- tearDown -->
        <test-method is-config="true" signature="setup(java.lang.String)[pri:0, instance:testcases.InputValidationTest@3c46e67a]" started-at="2025-12-26T17:36:02 IST" name="setup" finished-at="2025-12-26T17:36:14 IST" duration-ms="12712" status="PASS">
          <params>
            <param index="0">
              <value>
                <![CDATA[firefox]]>
              </value>
            </param>
          </params>
          <reporter-output>
          </reporter-output>
        </test-method> <!-- setup -->
        <test-method is-config="true" signature="setup()[pri:0, instance:testcases.InputValidationTest@3c46e67a]" started-at="2025-12-26T17:36:14 IST" name="setup" finished-at="2025-12-26T17:36:16 IST" duration-ms="1436" status="PASS">
          <reporter-output>
          </reporter-output>
        </test-method> <!-- setup -->
        <test-method signature="testUnicodeAndEmojis()[pri:2, instance:testcases.InputValidationTest@3c46e67a]" started-at="2025-12-26T17:36:16 IST" name="testUnicodeAndEmojis" finished-at="2025-12-26T17:36:22 IST" duration-ms="6391" status="PASS">
          <reporter-output>
          </reporter-output>
        </test-method> <!-- testUnicodeAndEmojis -->
        <test-method is-config="true" signature="tearDown()[pri:0, instance:testcases.InputValidationTest@3c46e67a]" started-at="2025-12-26T17:36:22 IST" name="tearDown" finished-at="2025-12-26T17:36:25 IST" duration-ms="2802" status="PASS">
          <reporter-output>
          </reporter-output>
        </test-method> <!-- tearDown -->
      </class> <!-- testcases.InputValidationTest -->
      <class name="testcases.SessionNavigationTest">
        <test-method is-config="true" signature="setup(java.lang.String)[pri:0, instance:testcases.SessionNavigationTest@408d971b]" started-at="2025-12-26T17:27:31 IST" name="setup" finished-at="2025-12-26T17:27:43 IST" duration-ms="12158" status="PASS">
          <params>
            <param index="0">
              <value>
                <![CDATA[firefox]]>
              </value>
            </param>
          </params>
          <reporter-output>
          </reporter-output>
        </test-method> <!-- setup -->
        <test-method is-config="true" signature="setupAndLogin()[pri:0, instance:testcases.SessionNavigationTest@408d971b]" started-at="2025-12-26T17:27:43 IST" name="setupAndLogin" finished-at="2025-12-26T17:27:45 IST" duration-ms="1681" status="PASS">
          <reporter-output>
          </reporter-output>
        </test-method> <!-- setupAndLogin -->
        <test-method signature="logout()[pri:0, instance:testcases.SessionNavigationTest@408d971b]" started-at="2025-12-26T17:27:45 IST" name="logout" finished-at="2025-12-26T17:27:47 IST" duration-ms="2413" status="PASS">
          <reporter-output>
          </reporter-output>
        </test-method> <!-- logout -->
        <test-method is-config="true" signature="tearDown()[pri:0, instance:testcases.SessionNavigationTest@408d971b]" started-at="2025-12-26T17:27:47 IST" name="tearDown" finished-at="2025-12-26T17:27:49 IST" duration-ms="2458" status="PASS">
          <reporter-output>
          </reporter-output>
        </test-method> <!-- tearDown -->
        <test-method is-config="true" signature="setup(java.lang.String)[pri:0, instance:testcases.SessionNavigationTest@408d971b]" started-at="2025-12-26T17:32:05 IST" name="setup" finished-at="2025-12-26T17:32:16 IST" duration-ms="11293" status="PASS">
          <params>
            <param index="0">
              <value>
                <![CDATA[firefox]]>
              </value>
            </param>
          </params>
          <reporter-output>
          </reporter-output>
        </test-method> <!-- setup -->
        <test-method is-config="true" signature="setupAndLogin()[pri:0, instance:testcases.SessionNavigationTest@408d971b]" started-at="2025-12-26T17:32:16 IST" name="setupAndLogin" finished-at="2025-12-26T17:32:17 IST" duration-ms="1306" status="PASS">
          <reporter-output>
          </reporter-output>
        </test-method> <!-- setupAndLogin -->
        <test-method signature="verifyBackAfterLogout()[pri:0, instance:testcases.SessionNavigationTest@408d971b]" started-at="2025-12-26T17:32:17 IST" name="verifyBackAfterLogout" finished-at="2025-12-26T17:32:41 IST" duration-ms="23495" status="PASS">
          <reporter-output>
          </reporter-output>
        </test-method> <!-- verifyBackAfterLogout -->
        <test-method is-config="true" signature="tearDown()[pri:0, instance:testcases.SessionNavigationTest@408d971b]" started-at="2025-12-26T17:32:41 IST" name="tearDown" finished-at="2025-12-26T17:32:44 IST" duration-ms="2972" status="PASS">
          <reporter-output>
          </reporter-output>
        </test-method> <!-- tearDown -->
        <test-method is-config="true" signature="setup(java.lang.String)[pri:0, instance:testcases.SessionNavigationTest@408d971b]" started-at="2025-12-26T17:32:44 IST" name="setup" finished-at="2025-12-26T17:32:52 IST" duration-ms="8041" status="PASS">
          <params>
            <param index="0">
              <value>
                <![CDATA[firefox]]>
              </value>
            </param>
          </params>
          <reporter-output>
          </reporter-output>
        </test-method> <!-- setup -->
        <test-method is-config="true" signature="setupAndLogin()[pri:0, instance:testcases.SessionNavigationTest@408d971b]" started-at="2025-12-26T17:32:52 IST" name="setupAndLogin" finished-at="2025-12-26T17:32:53 IST" duration-ms="1492" status="PASS">
          <reporter-output>
          </reporter-output>
        </test-method> <!-- setupAndLogin -->
        <test-method signature="verifyLoginPersistsOnRefresh()[pri:0, instance:testcases.SessionNavigationTest@408d971b]" started-at="2025-12-26T17:32:53 IST" name="verifyLoginPersistsOnRefresh" finished-at="2025-12-26T17:32:56 IST" duration-ms="2413" status="PASS">
          <reporter-output>
          </reporter-output>
        </test-method> <!-- verifyLoginPersistsOnRefresh -->
        <test-method is-config="true" signature="tearDown()[pri:0, instance:testcases.SessionNavigationTest@408d971b]" started-at="2025-12-26T17:32:56 IST" name="tearDown" finished-at="2025-12-26T17:33:00 IST" duration-ms="3783" status="PASS">
          <reporter-output>
          </reporter-output>
        </test-method> <!-- tearDown -->
        <test-method is-config="true" signature="setup(java.lang.String)[pri:0, instance:testcases.SessionNavigationTest@408d971b]" started-at="2025-12-26T17:33:00 IST" name="setup" finished-at="2025-12-26T17:33:09 IST" duration-ms="9225" status="PASS">
          <params>
            <param index="0">
              <value>
                <![CDATA[firefox]]>
              </value>
            </param>
          </params>
          <reporter-output>
          </reporter-output>
        </test-method> <!-- setup -->
        <test-method is-config="true" signature="setupAndLogin()[pri:0, instance:testcases.SessionNavigationTest@408d971b]" started-at="2025-12-26T17:33:09 IST" name="setupAndLogin" finished-at="2025-12-26T17:33:10 IST" duration-ms="1334" status="PASS">
          <reporter-output>
          </reporter-output>
        </test-method> <!-- setupAndLogin -->
        <test-method signature="verifyLoginRequiredForContactList()[pri:0, instance:testcases.SessionNavigationTest@408d971b]" started-at="2025-12-26T17:33:10 IST" name="verifyLoginRequiredForContactList" finished-at="2025-12-26T17:33:23 IST" duration-ms="12343" status="FAIL">
          <exception class="org.openqa.selenium.TimeoutException">
            <message>
              <![CDATA[Expected condition failed: waiting for url to be "https://thinking-tester-contact-list.herokuapp.com/". Current url: "https://thinking-tester-contact-list.herokuapp.com/contactList" (tried for 10 second(s) with 500 milliseconds interval)
Build info: version: '4.39.0', revision: '126f156aee'
System info: os.name: 'Windows 11', os.arch: 'amd64', os.version: '10.0', java.version: '25'
Driver info: org.openqa.selenium.firefox.FirefoxDriver
Capabilities {acceptInsecureCerts: true, browserName: firefox, browserVersion: 146.0.1, moz:accessibilityChecks: false, moz:buildID: 20251217121356, moz:geckodriverVersion: 0.36.0, moz:headless: false, moz:platformVersion: 10.0, moz:processID: 1636, moz:profile: C:\Users\KARTHI~1\AppData\L..., moz:shutdownTimeout: 60000, moz:webdriverClick: true, moz:windowless: false, pageLoadStrategy: normal, platformName: windows, proxy: Proxy(), setWindowRect: true, strictFileInteractability: false, timeouts: {implicit: 0, pageLoad: 300000, script: 30000}, unhandledPromptBehavior: dismiss and notify, userAgent: Mozilla/5.0 (Windows NT 10....}
Session ID: 32e31be9-ff76-439d-a94e-bb2e1db7e7ed]]>
            </message>
            <full-stacktrace>
              <![CDATA[org.openqa.selenium.TimeoutException: Expected condition failed: waiting for url to be "https://thinking-tester-contact-list.herokuapp.com/". Current url: "https://thinking-tester-contact-list.herokuapp.com/contactList" (tried for 10 second(s) with 500 milliseconds interval)
Build info: version: '4.39.0', revision: '126f156aee'
System info: os.name: 'Windows 11', os.arch: 'amd64', os.version: '10.0', java.version: '25'
Driver info: org.openqa.selenium.firefox.FirefoxDriver
Capabilities {acceptInsecureCerts: true, browserName: firefox, browserVersion: 146.0.1, moz:accessibilityChecks: false, moz:buildID: 20251217121356, moz:geckodriverVersion: 0.36.0, moz:headless: false, moz:platformVersion: 10.0, moz:processID: 1636, moz:profile: C:\Users\KARTHI~1\AppData\L..., moz:shutdownTimeout: 60000, moz:webdriverClick: true, moz:windowless: false, pageLoadStrategy: normal, platformName: windows, proxy: Proxy(), setWindowRect: true, strictFileInteractability: false, timeouts: {implicit: 0, pageLoad: 300000, script: 30000}, unhandledPromptBehavior: dismiss and notify, userAgent: Mozilla/5.0 (Windows NT 10....}
Session ID: 32e31be9-ff76-439d-a94e-bb2e1db7e7ed
at org.openqa.selenium.support.ui.WebDriverWait.timeoutException(WebDriverWait.java:84)
at org.openqa.selenium.support.ui.FluentWait.until(FluentWait.java:228)
at testcases.SessionNavigationTest.verifyLoginRequiredForContactList(SessionNavigationTest.java:103)
at java.base/jdk.internal.reflect.DirectMethodHandleAccessor.invoke(DirectMethodHandleAccessor.java:104)
at java.base/java.lang.reflect.Method.invoke(Method.java:565)
at org.testng.internal.invokers.MethodInvocationHelper.invokeMethod(MethodInvocationHelper.java:141)
at org.testng.internal.invokers.TestInvoker.invokeMethod(TestInvoker.java:687)
at org.testng.internal.invokers.TestInvoker.invokeTestMethod(TestInvoker.java:230)
at org.testng.internal.invokers.MethodRunner.runInSequence(MethodRunner.java:63)
at org.testng.internal.invokers.TestInvoker$MethodInvocationAgent.invoke(TestInvoker.java:995)
at org.testng.internal.invokers.TestInvoker.invokeTestMethods(TestInvoker.java:203)
at org.testng.internal.invokers.TestMethodWorker.invokeTestMethods(TestMethodWorker.java:154)
at org.testng.internal.invokers.TestMethodWorker.run(TestMethodWorker.java:134)
at java.base/java.util.ArrayList.forEach(ArrayList.java:1604)
at org.testng.TestRunner.privateRun(TestRunner.java:741)
at org.testng.TestRunner.run(TestRunner.java:616)
at org.testng.SuiteRunner.runTest(SuiteRunner.java:421)
at org.testng.SuiteRunner$SuiteWorker.run(SuiteRunner.java:463)
at org.testng.internal.thread.ThreadUtil.lambda$execute$0(ThreadUtil.java:64)
at java.base/java.util.concurrent.FutureTask.run(FutureTask.java:328)
at java.base/java.util.concurrent.ThreadPoolExecutor.runWorker(ThreadPoolExecutor.java:1090)
at java.base/java.util.concurrent.ThreadPoolExecutor$Worker.run(ThreadPoolExecutor.java:614)
at java.base/java.lang.Thread.run(Thread.java:1474)
]]>
            </full-stacktrace>
          </exception> <!-- org.openqa.selenium.TimeoutException -->
          <reporter-output>
          </reporter-output>
        </test-method> <!-- verifyLoginRequiredForContactList -->
        <test-method is-config="true" signature="tearDown()[pri:0, instance:testcases.SessionNavigationTest@408d971b]" started-at="2025-12-26T17:33:23 IST" name="tearDown" finished-at="2025-12-26T17:33:25 IST" duration-ms="2856" status="PASS">
          <reporter-output>
          </reporter-output>
        </test-method> <!-- tearDown -->
      </class> <!-- testcases.SessionNavigationTest -->
      <class name="testcases.LoginTest">
        <test-method is-config="true" signature="setupReport()[pri:0, instance:testcases.LoginTest@776aec5c]" started-at="2025-12-26T17:27:30 IST" name="setupReport" finished-at="2025-12-26T17:27:31 IST" duration-ms="324" status="PASS">
          <reporter-output>
          </reporter-output>
        </test-method> <!-- setupReport -->
        <test-method is-config="true" signature="setup(java.lang.String)[pri:0, instance:testcases.LoginTest@776aec5c]" started-at="2025-12-26T17:27:49 IST" name="setup" finished-at="2025-12-26T17:28:00 IST" duration-ms="10433" status="PASS">
          <params>
            <param index="0">
              <value>
                <![CDATA[firefox]]>
              </value>
            </param>
          </params>
          <reporter-output>
          </reporter-output>
        </test-method> <!-- setup -->
        <test-method signature="testInvalidEmailFormat()[pri:0, instance:testcases.LoginTest@776aec5c]" started-at="2025-12-26T17:28:00 IST" name="testInvalidEmailFormat" finished-at="2025-12-26T17:28:01 IST" duration-ms="1252" status="PASS">
          <reporter-output>
          </reporter-output>
        </test-method> <!-- testInvalidEmailFormat -->
        <test-method is-config="true" signature="tearDown()[pri:0, instance:testcases.LoginTest@776aec5c]" started-at="2025-12-26T17:28:01 IST" name="tearDown" finished-at="2025-12-26T17:28:04 IST" duration-ms="2506" status="PASS">
          <reporter-output>
          </reporter-output>
        </test-method> <!-- tearDown -->
        <test-method is-config="true" signature="setup(java.lang.String)[pri:0, instance:testcases.LoginTest@776aec5c]" started-at="2025-12-26T17:30:05 IST" name="setup" finished-at="2025-12-26T17:30:17 IST" duration-ms="12918" status="PASS">
          <params>
            <param index="0">
              <value>
                <![CDATA[firefox]]>
              </value>
            </param>
          </params>
          <reporter-output>
          </reporter-output>
        </test-method> <!-- setup -->
        <test-method signature="testLoginWithEmptyFields()[pri:0, instance:testcases.LoginTest@776aec5c]" started-at="2025-12-26T17:30:17 IST" name="testLoginWithEmptyFields" finished-at="2025-12-26T17:30:18 IST" duration-ms="811" status="PASS">
          <reporter-output>
          </reporter-output>
        </test-method> <!-- testLoginWithEmptyFields -->
        <test-method is-config="true" signature="tearDown()[pri:0, instance:testcases.LoginTest@776aec5c]" started-at="2025-12-26T17:30:18 IST" name="tearDown" finished-at="2025-12-26T17:30:21 IST" duration-ms="2599" status="PASS">
          <reporter-output>
          </reporter-output>
        </test-method> <!-- tearDown -->
        <test-method is-config="true" signature="setup(java.lang.String)[pri:0, instance:testcases.LoginTest@776aec5c]" started-at="2025-12-26T17:30:21 IST" name="setup" finished-at="2025-12-26T17:30:32 IST" duration-ms="11558" status="PASS">
          <params>
            <param index="0">
              <value>
                <![CDATA[firefox]]>
              </value>
            </param>
          </params>
          <reporter-output>
          </reporter-output>
        </test-method> <!-- setup -->
        <test-method signature="testLoginWithIncorrectPassword()[pri:0, instance:testcases.LoginTest@776aec5c]" started-at="2025-12-26T17:30:32 IST" name="testLoginWithIncorrectPassword" finished-at="2025-12-26T17:30:33 IST" duration-ms="896" status="PASS">
          <reporter-output>
          </reporter-output>
        </test-method> <!-- testLoginWithIncorrectPassword -->
        <test-method is-config="true" signature="tearDown()[pri:0, instance:testcases.LoginTest@776aec5c]" started-at="2025-12-26T17:30:33 IST" name="tearDown" finished-at="2025-12-26T17:30:36 IST" duration-ms="2500" status="PASS">
          <reporter-output>
          </reporter-output>
        </test-method> <!-- tearDown -->
        <test-method is-config="true" signature="setup(java.lang.String)[pri:0, instance:testcases.LoginTest@776aec5c]" started-at="2025-12-26T17:30:36 IST" name="setup" finished-at="2025-12-26T17:30:48 IST" duration-ms="12639" status="PASS">
          <params>
            <param index="0">
              <value>
                <![CDATA[firefox]]>
              </value>
            </param>
          </params>
          <reporter-output>
          </reporter-output>
        </test-method> <!-- setup -->
        <test-method signature="testPasswordMasking()[pri:0, instance:testcases.LoginTest@776aec5c]" started-at="2025-12-26T17:30:48 IST" name="testPasswordMasking" finished-at="2025-12-26T17:30:49 IST" duration-ms="91" status="PASS">
          <reporter-output>
          </reporter-output>
        </test-method> <!-- testPasswordMasking -->
        <test-method is-config="true" signature="tearDown()[pri:0, instance:testcases.LoginTest@776aec5c]" started-at="2025-12-26T17:30:49 IST" name="tearDown" finished-at="2025-12-26T17:30:51 IST" duration-ms="2828" status="PASS">
          <reporter-output>
          </reporter-output>
        </test-method> <!-- tearDown -->
        <test-method is-config="true" signature="setup(java.lang.String)[pri:0, instance:testcases.LoginTest@776aec5c]" started-at="2025-12-26T17:31:34 IST" name="setup" finished-at="2025-12-26T17:31:44 IST" duration-ms="10289" status="PASS">
          <params>
            <param index="0">
              <value>
                <![CDATA[firefox]]>
              </value>
            </param>
          </params>
          <reporter-output>
          </reporter-output>
        </test-method> <!-- setup -->
        <test-method signature="testValidLogin()[pri:0, instance:testcases.LoginTest@776aec5c]" started-at="2025-12-26T17:31:44 IST" name="testValidLogin" finished-at="2025-12-26T17:31:45 IST" duration-ms="1345" status="PASS">
          <reporter-output>
          </reporter-output>
        </test-method> <!-- testValidLogin -->
        <test-method is-config="true" signature="tearDown()[pri:0, instance:testcases.LoginTest@776aec5c]" started-at="2025-12-26T17:31:45 IST" name="tearDown" finished-at="2025-12-26T17:31:48 IST" duration-ms="2202" status="PASS">
          <reporter-output>
          </reporter-output>
        </test-method> <!-- tearDown -->
        <test-method is-config="true" signature="saveReport()[pri:0, instance:testcases.LoginTest@776aec5c]" started-at="2025-12-26T17:37:54 IST" name="saveReport" finished-at="2025-12-26T17:37:55 IST" duration-ms="934" status="PASS">
          <reporter-output>
          </reporter-output>
        </test-method> <!-- saveReport -->
      </class> <!-- testcases.LoginTest -->
      <class name="testcases.DeleteContactTest">
        <test-method is-config="true" signature="setup(java.lang.String)[pri:0, instance:testcases.DeleteContactTest@557caf28]" started-at="2025-12-26T17:34:32 IST" name="setup" finished-at="2025-12-26T17:34:44 IST" duration-ms="11735" status="PASS">
          <params>
            <param index="0">
              <value>
                <![CDATA[firefox]]>
              </value>
            </param>
          </params>
          <reporter-output>
          </reporter-output>
        </test-method> <!-- setup -->
        <test-method is-config="true" signature="setup()[pri:0, instance:testcases.DeleteContactTest@557caf28]" started-at="2025-12-26T17:34:44 IST" name="setup" finished-at="2025-12-26T17:34:47 IST" duration-ms="2785" status="PASS">
          <reporter-output>
          </reporter-output>
        </test-method> <!-- setup -->
        <test-method signature="testSelectSpecificContact()[pri:1, instance:testcases.DeleteContactTest@557caf28]" started-at="2025-12-26T17:34:47 IST" name="testSelectSpecificContact" finished-at="2025-12-26T17:34:47 IST" duration-ms="65" status="FAIL">
          <exception class="org.openqa.selenium.ElementNotInteractableException">
            <message>
              <![CDATA[Element <tr class="contactTableBodyRow"> could not be scrolled into view
Build info: version: '4.39.0', revision: '126f156aee'
System info: os.name: 'Windows 11', os.arch: 'amd64', os.version: '10.0', java.version: '25'
Driver info: org.openqa.selenium.firefox.FirefoxDriver
Command: [dfdaf53b-0806-4bde-b7e9-b8ff29c316a2, clickElement {id=e2efbe62-cc4f-4c90-be84-22e7ab546522}]
Capabilities {acceptInsecureCerts: true, browserName: firefox, browserVersion: 146.0.1, moz:accessibilityChecks: false, moz:buildID: 20251217121356, moz:geckodriverVersion: 0.36.0, moz:headless: false, moz:platformVersion: 10.0, moz:processID: 4500, moz:profile: C:\Users\KARTHI~1\AppData\L..., moz:shutdownTimeout: 60000, moz:webdriverClick: true, moz:windowless: false, pageLoadStrategy: normal, platformName: windows, proxy: Proxy(), setWindowRect: true, strictFileInteractability: false, timeouts: {implicit: 0, pageLoad: 300000, script: 30000}, unhandledPromptBehavior: dismiss and notify, userAgent: Mozilla/5.0 (Windows NT 10....}
Element: [[FirefoxDriver: firefox on windows (dfdaf53b-0806-4bde-b7e9-b8ff29c316a2)] -> class name: contactTableBodyRow]
Session ID: dfdaf53b-0806-4bde-b7e9-b8ff29c316a2]]>
            </message>
            <full-stacktrace>
              <![CDATA[org.openqa.selenium.ElementNotInteractableException: Element <tr class="contactTableBodyRow"> could not be scrolled into view
Build info: version: '4.39.0', revision: '126f156aee'
System info: os.name: 'Windows 11', os.arch: 'amd64', os.version: '10.0', java.version: '25'
Driver info: org.openqa.selenium.firefox.FirefoxDriver
Command: [dfdaf53b-0806-4bde-b7e9-b8ff29c316a2, clickElement {id=e2efbe62-cc4f-4c90-be84-22e7ab546522}]
Capabilities {acceptInsecureCerts: true, browserName: firefox, browserVersion: 146.0.1, moz:accessibilityChecks: false, moz:buildID: 20251217121356, moz:geckodriverVersion: 0.36.0, moz:headless: false, moz:platformVersion: 10.0, moz:processID: 4500, moz:profile: C:\Users\KARTHI~1\AppData\L..., moz:shutdownTimeout: 60000, moz:webdriverClick: true, moz:windowless: false, pageLoadStrategy: normal, platformName: windows, proxy: Proxy(), setWindowRect: true, strictFileInteractability: false, timeouts: {implicit: 0, pageLoad: 300000, script: 30000}, unhandledPromptBehavior: dismiss and notify, userAgent: Mozilla/5.0 (Windows NT 10....}
Element: [[FirefoxDriver: firefox on windows (dfdaf53b-0806-4bde-b7e9-b8ff29c316a2)] -> class name: contactTableBodyRow]
Session ID: dfdaf53b-0806-4bde-b7e9-b8ff29c316a2
at java.base/jdk.internal.reflect.DirectConstructorHandleAccessor.newInstance(DirectConstructorHandleAccessor.java:62)
at java.base/java.lang.reflect.Constructor.newInstanceWithCaller(Constructor.java:499)
at java.base/java.lang.reflect.Constructor.newInstance(Constructor.java:483)
at org.openqa.selenium.remote.ErrorCodec.decode(ErrorCodec.java:167)
at org.openqa.selenium.remote.codec.w3c.W3CHttpResponseCodec.decode(W3CHttpResponseCodec.java:142)
at org.openqa.selenium.remote.codec.w3c.W3CHttpResponseCodec.decode(W3CHttpResponseCodec.java:49)
at org.openqa.selenium.remote.HttpCommandExecutor.execute(HttpCommandExecutor.java:215)
at org.openqa.selenium.remote.service.DriverCommandExecutor.invokeExecute(DriverCommandExecutor.java:216)
at org.openqa.selenium.remote.service.DriverCommandExecutor.execute(DriverCommandExecutor.java:174)
at org.openqa.selenium.remote.RemoteWebDriver.execute(RemoteWebDriver.java:561)
at org.openqa.selenium.remote.RemoteWebElement.execute(RemoteWebElement.java:223)
at org.openqa.selenium.remote.RemoteWebElement.click(RemoteWebElement.java:76)
at pageclass.ContactListPage.clickContactByIndex(ContactListPage.java:58)
at testcases.DeleteContactTest.testSelectSpecificContact(DeleteContactTest.java:53)
at java.base/jdk.internal.reflect.DirectMethodHandleAccessor.invoke(DirectMethodHandleAccessor.java:104)
at java.base/java.lang.reflect.Method.invoke(Method.java:565)
at org.testng.internal.invokers.MethodInvocationHelper.invokeMethod(MethodInvocationHelper.java:141)
at org.testng.internal.invokers.TestInvoker.invokeMethod(TestInvoker.java:687)
at org.testng.internal.invokers.TestInvoker.invokeTestMethod(TestInvoker.java:230)
at org.testng.internal.invokers.MethodRunner.runInSequence(MethodRunner.java:63)
at org.testng.internal.invokers.TestInvoker$MethodInvocationAgent.invoke(TestInvoker.java:995)
at org.testng.internal.invokers.TestInvoker.invokeTestMethods(TestInvoker.java:203)
at org.testng.internal.invokers.TestMethodWorker.invokeTestMethods(TestMethodWorker.java:154)
at org.testng.internal.invokers.TestMethodWorker.run(TestMethodWorker.java:134)
at java.base/java.util.ArrayList.forEach(ArrayList.java:1604)
at org.testng.TestRunner.privateRun(TestRunner.java:741)
at org.testng.TestRunner.run(TestRunner.java:616)
at org.testng.SuiteRunner.runTest(SuiteRunner.java:421)
at org.testng.SuiteRunner$SuiteWorker.run(SuiteRunner.java:463)
at org.testng.internal.thread.ThreadUtil.lambda$execute$0(ThreadUtil.java:64)
at java.base/java.util.concurrent.FutureTask.run(FutureTask.java:328)
at java.base/java.util.concurrent.ThreadPoolExecutor.runWorker(ThreadPoolExecutor.java:1090)
at java.base/java.util.concurrent.ThreadPoolExecutor$Worker.run(ThreadPoolExecutor.java:614)
at java.base/java.lang.Thread.run(Thread.java:1474)
]]>
            </full-stacktrace>
          </exception> <!-- org.openqa.selenium.ElementNotInteractableException -->
          <reporter-output>
          </reporter-output>
        </test-method> <!-- testSelectSpecificContact -->
        <test-method is-config="true" signature="tearDown()[pri:0, instance:testcases.DeleteContactTest@557caf28]" started-at="2025-12-26T17:34:47 IST" name="tearDown" finished-at="2025-12-26T17:34:51 IST" duration-ms="3522" status="PASS">
          <reporter-output>
          </reporter-output>
        </test-method> <!-- tearDown -->
        <test-method is-config="true" signature="setup(java.lang.String)[pri:0, instance:testcases.DeleteContactTest@557caf28]" started-at="2025-12-26T17:35:46 IST" name="setup" finished-at="2025-12-26T17:35:57 IST" duration-ms="10568" status="PASS">
          <params>
            <param index="0">
              <value>
                <![CDATA[firefox]]>
              </value>
            </param>
          </params>
          <reporter-output>
          </reporter-output>
        </test-method> <!-- setup -->
        <test-method is-config="true" signature="setup()[pri:0, instance:testcases.DeleteContactTest@557caf28]" started-at="2025-12-26T17:35:57 IST" name="setup" finished-at="2025-12-26T17:35:59 IST" duration-ms="2189" status="PASS">
          <reporter-output>
          </reporter-output>
        </test-method> <!-- setup -->
        <test-method signature="testDeleteContactAlert()[pri:2, instance:testcases.DeleteContactTest@557caf28]" started-at="2025-12-26T17:35:59 IST" name="testDeleteContactAlert" finished-at="2025-12-26T17:35:59 IST" duration-ms="86" status="FAIL">
          <exception class="org.openqa.selenium.ElementNotInteractableException">
            <message>
              <![CDATA[Element <tr class="contactTableBodyRow"> could not be scrolled into view
Build info: version: '4.39.0', revision: '126f156aee'
System info: os.name: 'Windows 11', os.arch: 'amd64', os.version: '10.0', java.version: '25'
Driver info: org.openqa.selenium.firefox.FirefoxDriver
Command: [9254177d-290e-4111-aabc-e209e6229632, clickElement {id=e0b5f8b3-03cd-4c28-b96a-10dff270d909}]
Capabilities {acceptInsecureCerts: true, browserName: firefox, browserVersion: 146.0.1, moz:accessibilityChecks: false, moz:buildID: 20251217121356, moz:geckodriverVersion: 0.36.0, moz:headless: false, moz:platformVersion: 10.0, moz:processID: 18652, moz:profile: C:\Users\KARTHI~1\AppData\L..., moz:shutdownTimeout: 60000, moz:webdriverClick: true, moz:windowless: false, pageLoadStrategy: normal, platformName: windows, proxy: Proxy(), setWindowRect: true, strictFileInteractability: false, timeouts: {implicit: 0, pageLoad: 300000, script: 30000}, unhandledPromptBehavior: dismiss and notify, userAgent: Mozilla/5.0 (Windows NT 10....}
Element: [[FirefoxDriver: firefox on windows (9254177d-290e-4111-aabc-e209e6229632)] -> xpath: //tr[@class='contactTableBodyRow'][1]]
Session ID: 9254177d-290e-4111-aabc-e209e6229632]]>
            </message>
            <full-stacktrace>
              <![CDATA[org.openqa.selenium.ElementNotInteractableException: Element <tr class="contactTableBodyRow"> could not be scrolled into view
Build info: version: '4.39.0', revision: '126f156aee'
System info: os.name: 'Windows 11', os.arch: 'amd64', os.version: '10.0', java.version: '25'
Driver info: org.openqa.selenium.firefox.FirefoxDriver
Command: [9254177d-290e-4111-aabc-e209e6229632, clickElement {id=e0b5f8b3-03cd-4c28-b96a-10dff270d909}]
Capabilities {acceptInsecureCerts: true, browserName: firefox, browserVersion: 146.0.1, moz:accessibilityChecks: false, moz:buildID: 20251217121356, moz:geckodriverVersion: 0.36.0, moz:headless: false, moz:platformVersion: 10.0, moz:processID: 18652, moz:profile: C:\Users\KARTHI~1\AppData\L..., moz:shutdownTimeout: 60000, moz:webdriverClick: true, moz:windowless: false, pageLoadStrategy: normal, platformName: windows, proxy: Proxy(), setWindowRect: true, strictFileInteractability: false, timeouts: {implicit: 0, pageLoad: 300000, script: 30000}, unhandledPromptBehavior: dismiss and notify, userAgent: Mozilla/5.0 (Windows NT 10....}
Element: [[FirefoxDriver: firefox on windows (9254177d-290e-4111-aabc-e209e6229632)] -> xpath: //tr[@class='contactTableBodyRow'][1]]
Session ID: 9254177d-290e-4111-aabc-e209e6229632
at java.base/jdk.internal.reflect.DirectConstructorHandleAccessor.newInstance(DirectConstructorHandleAccessor.java:62)
at java.base/java.lang.reflect.Constructor.newInstanceWithCaller(Constructor.java:499)
at java.base/java.lang.reflect.Constructor.newInstance(Constructor.java:483)
at org.openqa.selenium.remote.ErrorCodec.decode(ErrorCodec.java:167)
at org.openqa.selenium.remote.codec.w3c.W3CHttpResponseCodec.decode(W3CHttpResponseCodec.java:142)
at org.openqa.selenium.remote.codec.w3c.W3CHttpResponseCodec.decode(W3CHttpResponseCodec.java:49)
at org.openqa.selenium.remote.HttpCommandExecutor.execute(HttpCommandExecutor.java:215)
at org.openqa.selenium.remote.service.DriverCommandExecutor.invokeExecute(DriverCommandExecutor.java:216)
at org.openqa.selenium.remote.service.DriverCommandExecutor.execute(DriverCommandExecutor.java:174)
at org.openqa.selenium.remote.RemoteWebDriver.execute(RemoteWebDriver.java:561)
at org.openqa.selenium.remote.RemoteWebElement.execute(RemoteWebElement.java:223)
at org.openqa.selenium.remote.RemoteWebElement.click(RemoteWebElement.java:76)
at pageclass.ContactListPage.clickFirstContact(ContactListPage.java:42)
at testcases.DeleteContactTest.testDeleteContactAlert(DeleteContactTest.java:81)
at java.base/jdk.internal.reflect.DirectMethodHandleAccessor.invoke(DirectMethodHandleAccessor.java:104)
at java.base/java.lang.reflect.Method.invoke(Method.java:565)
at org.testng.internal.invokers.MethodInvocationHelper.invokeMethod(MethodInvocationHelper.java:141)
at org.testng.internal.invokers.TestInvoker.invokeMethod(TestInvoker.java:687)
at org.testng.internal.invokers.TestInvoker.invokeTestMethod(TestInvoker.java:230)
at org.testng.internal.invokers.MethodRunner.runInSequence(MethodRunner.java:63)
at org.testng.internal.invokers.TestInvoker$MethodInvocationAgent.invoke(TestInvoker.java:995)
at org.testng.internal.invokers.TestInvoker.invokeTestMethods(TestInvoker.java:203)
at org.testng.internal.invokers.TestMethodWorker.invokeTestMethods(TestMethodWorker.java:154)
at org.testng.internal.invokers.TestMethodWorker.run(TestMethodWorker.java:134)
at java.base/java.util.ArrayList.forEach(ArrayList.java:1604)
at org.testng.TestRunner.privateRun(TestRunner.java:741)
at org.testng.TestRunner.run(TestRunner.java:616)
at org.testng.SuiteRunner.runTest(SuiteRunner.java:421)
at org.testng.SuiteRunner$SuiteWorker.run(SuiteRunner.java:463)
at org.testng.internal.thread.ThreadUtil.lambda$execute$0(ThreadUtil.java:64)
at java.base/java.util.concurrent.FutureTask.run(FutureTask.java:328)
at java.base/java.util.concurrent.ThreadPoolExecutor.runWorker(ThreadPoolExecutor.java:1090)
at java.base/java.util.concurrent.ThreadPoolExecutor$Worker.run(ThreadPoolExecutor.java:614)
at java.base/java.lang.Thread.run(Thread.java:1474)
]]>
            </full-stacktrace>
          </exception> <!-- org.openqa.selenium.ElementNotInteractableException -->
          <reporter-output>
          </reporter-output>
        </test-method> <!-- testDeleteContactAlert -->
        <test-method is-config="true" signature="tearDown()[pri:0, instance:testcases.DeleteContactTest@557caf28]" started-at="2025-12-26T17:35:59 IST" name="tearDown" finished-at="2025-12-26T17:36:02 IST" duration-ms="2821" status="PASS">
          <reporter-output>
          </reporter-output>
        </test-method> <!-- tearDown -->
        <test-method is-config="true" signature="setup(java.lang.String)[pri:0, instance:testcases.DeleteContactTest@557caf28]" started-at="2025-12-26T17:37:21 IST" name="setup" finished-at="2025-12-26T17:37:31 IST" duration-ms="10595" status="PASS">
          <params>
            <param index="0">
              <value>
                <![CDATA[firefox]]>
              </value>
            </param>
          </params>
          <reporter-output>
          </reporter-output>
        </test-method> <!-- setup -->
        <test-method is-config="true" signature="setup()[pri:0, instance:testcases.DeleteContactTest@557caf28]" started-at="2025-12-26T17:37:31 IST" name="setup" finished-at="2025-12-26T17:37:33 IST" duration-ms="2260" status="PASS">
          <reporter-output>
          </reporter-output>
        </test-method> <!-- setup -->
        <test-method signature="testDeleteContactPermanently()[pri:5, instance:testcases.DeleteContactTest@557caf28]" started-at="2025-12-26T17:37:33 IST" name="testDeleteContactPermanently" finished-at="2025-12-26T17:37:34 IST" duration-ms="94" status="FAIL">
          <exception class="org.openqa.selenium.ElementNotInteractableException">
            <message>
              <![CDATA[Element <tr class="contactTableBodyRow"> could not be scrolled into view
Build info: version: '4.39.0', revision: '126f156aee'
System info: os.name: 'Windows 11', os.arch: 'amd64', os.version: '10.0', java.version: '25'
Driver info: org.openqa.selenium.firefox.FirefoxDriver
Command: [3cdb12c2-6851-412a-94d0-66fc6f931d14, clickElement {id=7aea0832-3a2c-491a-8c72-588790a5e2c9}]
Capabilities {acceptInsecureCerts: true, browserName: firefox, browserVersion: 146.0.1, moz:accessibilityChecks: false, moz:buildID: 20251217121356, moz:geckodriverVersion: 0.36.0, moz:headless: false, moz:platformVersion: 10.0, moz:processID: 18896, moz:profile: C:\Users\KARTHI~1\AppData\L..., moz:shutdownTimeout: 60000, moz:webdriverClick: true, moz:windowless: false, pageLoadStrategy: normal, platformName: windows, proxy: Proxy(), setWindowRect: true, strictFileInteractability: false, timeouts: {implicit: 0, pageLoad: 300000, script: 30000}, unhandledPromptBehavior: dismiss and notify, userAgent: Mozilla/5.0 (Windows NT 10....}
Element: [[FirefoxDriver: firefox on windows (3cdb12c2-6851-412a-94d0-66fc6f931d14)] -> xpath: //tr[@class='contactTableBodyRow'][1]]
Session ID: 3cdb12c2-6851-412a-94d0-66fc6f931d14]]>
            </message>
            <full-stacktrace>
              <![CDATA[org.openqa.selenium.ElementNotInteractableException: Element <tr class="contactTableBodyRow"> could not be scrolled into view
Build info: version: '4.39.0', revision: '126f156aee'
System info: os.name: 'Windows 11', os.arch: 'amd64', os.version: '10.0', java.version: '25'
Driver info: org.openqa.selenium.firefox.FirefoxDriver
Command: [3cdb12c2-6851-412a-94d0-66fc6f931d14, clickElement {id=7aea0832-3a2c-491a-8c72-588790a5e2c9}]
Capabilities {acceptInsecureCerts: true, browserName: firefox, browserVersion: 146.0.1, moz:accessibilityChecks: false, moz:buildID: 20251217121356, moz:geckodriverVersion: 0.36.0, moz:headless: false, moz:platformVersion: 10.0, moz:processID: 18896, moz:profile: C:\Users\KARTHI~1\AppData\L..., moz:shutdownTimeout: 60000, moz:webdriverClick: true, moz:windowless: false, pageLoadStrategy: normal, platformName: windows, proxy: Proxy(), setWindowRect: true, strictFileInteractability: false, timeouts: {implicit: 0, pageLoad: 300000, script: 30000}, unhandledPromptBehavior: dismiss and notify, userAgent: Mozilla/5.0 (Windows NT 10....}
Element: [[FirefoxDriver: firefox on windows (3cdb12c2-6851-412a-94d0-66fc6f931d14)] -> xpath: //tr[@class='contactTableBodyRow'][1]]
Session ID: 3cdb12c2-6851-412a-94d0-66fc6f931d14
at java.base/jdk.internal.reflect.DirectConstructorHandleAccessor.newInstance(DirectConstructorHandleAccessor.java:62)
at java.base/java.lang.reflect.Constructor.newInstanceWithCaller(Constructor.java:499)
at java.base/java.lang.reflect.Constructor.newInstance(Constructor.java:483)
at org.openqa.selenium.remote.ErrorCodec.decode(ErrorCodec.java:167)
at org.openqa.selenium.remote.codec.w3c.W3CHttpResponseCodec.decode(W3CHttpResponseCodec.java:142)
at org.openqa.selenium.remote.codec.w3c.W3CHttpResponseCodec.decode(W3CHttpResponseCodec.java:49)
at org.openqa.selenium.remote.HttpCommandExecutor.execute(HttpCommandExecutor.java:215)
at org.openqa.selenium.remote.service.DriverCommandExecutor.invokeExecute(DriverCommandExecutor.java:216)
at org.openqa.selenium.remote.service.DriverCommandExecutor.execute(DriverCommandExecutor.java:174)
at org.openqa.selenium.remote.RemoteWebDriver.execute(RemoteWebDriver.java:561)
at org.openqa.selenium.remote.RemoteWebElement.execute(RemoteWebElement.java:223)
at org.openqa.selenium.remote.RemoteWebElement.click(RemoteWebElement.java:76)
at pageclass.ContactListPage.clickFirstContact(ContactListPage.java:42)
at testcases.DeleteContactTest.testDeleteContactPermanently(DeleteContactTest.java:120)
at java.base/jdk.internal.reflect.DirectMethodHandleAccessor.invoke(DirectMethodHandleAccessor.java:104)
at java.base/java.lang.reflect.Method.invoke(Method.java:565)
at org.testng.internal.invokers.MethodInvocationHelper.invokeMethod(MethodInvocationHelper.java:141)
at org.testng.internal.invokers.TestInvoker.invokeMethod(TestInvoker.java:687)
at org.testng.internal.invokers.TestInvoker.invokeTestMethod(TestInvoker.java:230)
at org.testng.internal.invokers.MethodRunner.runInSequence(MethodRunner.java:63)
at org.testng.internal.invokers.TestInvoker$MethodInvocationAgent.invoke(TestInvoker.java:995)
at org.testng.internal.invokers.TestInvoker.invokeTestMethods(TestInvoker.java:203)
at org.testng.internal.invokers.TestMethodWorker.invokeTestMethods(TestMethodWorker.java:154)
at org.testng.internal.invokers.TestMethodWorker.run(TestMethodWorker.java:134)
at java.base/java.util.ArrayList.forEach(ArrayList.java:1604)
at org.testng.TestRunner.privateRun(TestRunner.java:741)
at org.testng.TestRunner.run(TestRunner.java:616)
at org.testng.SuiteRunner.runTest(SuiteRunner.java:421)
at org.testng.SuiteRunner$SuiteWorker.run(SuiteRunner.java:463)
at org.testng.internal.thread.ThreadUtil.lambda$execute$0(ThreadUtil.java:64)
at java.base/java.util.concurrent.FutureTask.run(FutureTask.java:328)
at java.base/java.util.concurrent.ThreadPoolExecutor.runWorker(ThreadPoolExecutor.java:1090)
at java.base/java.util.concurrent.ThreadPoolExecutor$Worker.run(ThreadPoolExecutor.java:614)
at java.base/java.lang.Thread.run(Thread.java:1474)
]]>
            </full-stacktrace>
          </exception> <!-- org.openqa.selenium.ElementNotInteractableException -->
          <reporter-output>
          </reporter-output>
        </test-method> <!-- testDeleteContactPermanently -->
        <test-method is-config="true" signature="tearDown()[pri:0, instance:testcases.DeleteContactTest@557caf28]" started-at="2025-12-26T17:37:34 IST" name="tearDown" finished-at="2025-12-26T17:37:37 IST" duration-ms="3203" status="PASS">
          <reporter-output>
          </reporter-output>
        </test-method> <!-- tearDown -->
      </class> <!-- testcases.DeleteContactTest -->
      <class name="testcases.RegistrationTest">
        <test-method is-config="true" signature="setup(java.lang.String)[pri:0, instance:testcases.RegistrationTest@1d296da]" started-at="2025-12-26T17:28:04 IST" name="setup" finished-at="2025-12-26T17:28:15 IST" duration-ms="11322" status="PASS">
          <params>
            <param index="0">
              <value>
                <![CDATA[firefox]]>
              </value>
            </param>
          </params>
          <reporter-output>
          </reporter-output>
        </test-method> <!-- setup -->
        <test-method signature="testInvalidRegistrationScenarios(java.lang.String,java.lang.String,java.lang.String,java.lang.String,java.lang.String)[pri:0, instance:testcases.RegistrationTest@1d296da]" started-at="2025-12-26T17:28:15 IST" name="testInvalidRegistrationScenarios" data-provider="invalidRegistrationData" finished-at="2025-12-26T17:28:18 IST" duration-ms="2761" status="PASS">
          <params>
            <param index="0">
              <value>
                <![CDATA[]]>
              </value>
            </param>
            <param index="1">
              <value>
                <![CDATA[vel]]>
              </value>
            </param>
            <param index="2">
              <value>
                <![CDATA[valid1766750284199@test.com]]>
              </value>
            </param>
            <param index="3">
              <value>
                <![CDATA[Password123!]]>
              </value>
            </param>
            <param index="4">
              <value>
                <![CDATA[firstName` is required]]>
              </value>
            </param>
          </params>
          <reporter-output>
          </reporter-output>
        </test-method> <!-- testInvalidRegistrationScenarios -->
        <test-method is-config="true" signature="tearDown()[pri:0, instance:testcases.RegistrationTest@1d296da]" started-at="2025-12-26T17:28:18 IST" name="tearDown" finished-at="2025-12-26T17:28:20 IST" duration-ms="2710" status="PASS">
          <reporter-output>
          </reporter-output>
        </test-method> <!-- tearDown -->
        <test-method is-config="true" signature="setup(java.lang.String)[pri:0, instance:testcases.RegistrationTest@1d296da]" started-at="2025-12-26T17:28:20 IST" name="setup" finished-at="2025-12-26T17:28:30 IST" duration-ms="9962" status="PASS">
          <params>
            <param index="0">
              <value>
                <![CDATA[firefox]]>
              </value>
            </param>
          </params>
          <reporter-output>
          </reporter-output>
        </test-method> <!-- setup -->
        <test-method signature="testInvalidRegistrationScenarios(java.lang.String,java.lang.String,java.lang.String,java.lang.String,java.lang.String)[pri:0, instance:testcases.RegistrationTest@1d296da]" started-at="2025-12-26T17:28:30 IST" name="testInvalidRegistrationScenarios" data-provider="invalidRegistrationData" finished-at="2025-12-26T17:28:33 IST" duration-ms="2692" status="PASS">
          <params>
            <param index="0">
              <value>
                <![CDATA[Kadamba]]>
              </value>
            </param>
            <param index="1">
              <value>
                <![CDATA[]]>
              </value>
            </param>
            <param index="2">
              <value>
                <![CDATA[valid1766750284199@test.com]]>
              </value>
            </param>
            <param index="3">
              <value>
                <![CDATA[Password123!]]>
              </value>
            </param>
            <param index="4">
              <value>
                <![CDATA[lastName` is required]]>
              </value>
            </param>
          </params>
          <reporter-output>
          </reporter-output>
        </test-method> <!-- testInvalidRegistrationScenarios -->
        <test-method is-config="true" signature="tearDown()[pri:0, instance:testcases.RegistrationTest@1d296da]" started-at="2025-12-26T17:28:33 IST" name="tearDown" finished-at="2025-12-26T17:28:35 IST" duration-ms="2271" status="PASS">
          <reporter-output>
          </reporter-output>
        </test-method> <!-- tearDown -->
        <test-method is-config="true" signature="setup(java.lang.String)[pri:0, instance:testcases.RegistrationTest@1d296da]" started-at="2025-12-26T17:28:35 IST" name="setup" finished-at="2025-12-26T17:28:45 IST" duration-ms="9453" status="PASS">
          <params>
            <param index="0">
              <value>
                <![CDATA[firefox]]>
              </value>
            </param>
          </params>
          <reporter-output>
          </reporter-output>
        </test-method> <!-- setup -->
        <test-method signature="testInvalidRegistrationScenarios(java.lang.String,java.lang.String,java.lang.String,java.lang.String,java.lang.String)[pri:0, instance:testcases.RegistrationTest@1d296da]" started-at="2025-12-26T17:28:45 IST" name="testInvalidRegistrationScenarios" data-provider="invalidRegistrationData" finished-at="2025-12-26T17:28:48 IST" duration-ms="2794" status="PASS">
          <params>
            <param index="0">
              <value>
                <![CDATA[Kadamba]]>
              </value>
            </param>
            <param index="1">
              <value>
                <![CDATA[vel]]>
              </value>
            </param>
            <param index="2">
              <value>
                <![CDATA[]]>
              </value>
            </param>
            <param index="3">
              <value>
                <![CDATA[Password123!]]>
              </value>
            </param>
            <param index="4">
              <value>
                <![CDATA[Email is invalid]]>
              </value>
            </param>
          </params>
          <reporter-output>
          </reporter-output>
        </test-method> <!-- testInvalidRegistrationScenarios -->
        <test-method is-config="true" signature="tearDown()[pri:0, instance:testcases.RegistrationTest@1d296da]" started-at="2025-12-26T17:28:48 IST" name="tearDown" finished-at="2025-12-26T17:28:51 IST" duration-ms="3468" status="PASS">
          <reporter-output>
          </reporter-output>
        </test-method> <!-- tearDown -->
        <test-method is-config="true" signature="setup(java.lang.String)[pri:0, instance:testcases.RegistrationTest@1d296da]" started-at="2025-12-26T17:28:51 IST" name="setup" finished-at="2025-12-26T17:29:15 IST" duration-ms="23533" status="PASS">
          <params>
            <param index="0">
              <value>
                <![CDATA[firefox]]>
              </value>
            </param>
          </params>
          <reporter-output>
          </reporter-output>
        </test-method> <!-- setup -->
        <test-method signature="testInvalidRegistrationScenarios(java.lang.String,java.lang.String,java.lang.String,java.lang.String,java.lang.String)[pri:0, instance:testcases.RegistrationTest@1d296da]" started-at="2025-12-26T17:29:15 IST" name="testInvalidRegistrationScenarios" data-provider="invalidRegistrationData" finished-at="2025-12-26T17:29:17 IST" duration-ms="2281" status="PASS">
          <params>
            <param index="0">
              <value>
                <![CDATA[Kadamba]]>
              </value>
            </param>
            <param index="1">
              <value>
                <![CDATA[vel]]>
              </value>
            </param>
            <param index="2">
              <value>
                <![CDATA[valid1766750284199@test.com]]>
              </value>
            </param>
            <param index="3">
              <value>
                <![CDATA[]]>
              </value>
            </param>
            <param index="4">
              <value>
                <![CDATA[password` is required]]>
              </value>
            </param>
          </params>
          <reporter-output>
          </reporter-output>
        </test-method> <!-- testInvalidRegistrationScenarios -->
        <test-method is-config="true" signature="tearDown()[pri:0, instance:testcases.RegistrationTest@1d296da]" started-at="2025-12-26T17:29:17 IST" name="tearDown" finished-at="2025-12-26T17:29:24 IST" duration-ms="6758" status="PASS">
          <reporter-output>
          </reporter-output>
        </test-method> <!-- tearDown -->
        <test-method is-config="true" signature="setup(java.lang.String)[pri:0, instance:testcases.RegistrationTest@1d296da]" started-at="2025-12-26T17:29:24 IST" name="setup" finished-at="2025-12-26T17:29:38 IST" duration-ms="14327" status="PASS">
          <params>
            <param index="0">
              <value>
                <![CDATA[firefox]]>
              </value>
            </param>
          </params>
          <reporter-output>
          </reporter-output>
        </test-method> <!-- setup -->
        <test-method signature="testInvalidRegistrationScenarios(java.lang.String,java.lang.String,java.lang.String,java.lang.String,java.lang.String)[pri:0, instance:testcases.RegistrationTest@1d296da]" started-at="2025-12-26T17:29:38 IST" name="testInvalidRegistrationScenarios" data-provider="invalidRegistrationData" finished-at="2025-12-26T17:29:41 IST" duration-ms="2505" status="PASS">
          <params>
            <param index="0">
              <value>
                <![CDATA[Kadamba]]>
              </value>
            </param>
            <param index="1">
              <value>
                <![CDATA[vel]]>
              </value>
            </param>
            <param index="2">
              <value>
                <![CDATA[valid1766750284199@test.com]]>
              </value>
            </param>
            <param index="3">
              <value>
                <![CDATA[123]]>
              </value>
            </param>
            <param index="4">
              <value>
                <![CDATA[is shorter than the minimum allowed length (7)]]>
              </value>
            </param>
          </params>
          <reporter-output>
          </reporter-output>
        </test-method> <!-- testInvalidRegistrationScenarios -->
        <test-method is-config="true" signature="tearDown()[pri:0, instance:testcases.RegistrationTest@1d296da]" started-at="2025-12-26T17:29:41 IST" name="tearDown" finished-at="2025-12-26T17:29:44 IST" duration-ms="3883" status="PASS">
          <reporter-output>
          </reporter-output>
        </test-method> <!-- tearDown -->
        <test-method is-config="true" signature="setup(java.lang.String)[pri:0, instance:testcases.RegistrationTest@1d296da]" started-at="2025-12-26T17:29:44 IST" name="setup" finished-at="2025-12-26T17:29:58 IST" duration-ms="14024" status="PASS">
          <params>
            <param index="0">
              <value>
                <![CDATA[firefox]]>
              </value>
            </param>
          </params>
          <reporter-output>
          </reporter-output>
        </test-method> <!-- setup -->
        <test-method signature="testInvalidRegistrationScenarios(java.lang.String,java.lang.String,java.lang.String,java.lang.String,java.lang.String)[pri:0, instance:testcases.RegistrationTest@1d296da]" started-at="2025-12-26T17:29:58 IST" name="testInvalidRegistrationScenarios" data-provider="invalidRegistrationData" finished-at="2025-12-26T17:30:02 IST" duration-ms="3138" status="PASS">
          <params>
            <param index="0">
              <value>
                <![CDATA[Kadamba]]>
              </value>
            </param>
            <param index="1">
              <value>
                <![CDATA[vel]]>
              </value>
            </param>
            <param index="2">
              <value>
                <![CDATA[valid1766750284199@valid]]>
              </value>
            </param>
            <param index="3">
              <value>
                <![CDATA[Password123$]]>
              </value>
            </param>
            <param index="4">
              <value>
                <![CDATA[Email is invalid]]>
              </value>
            </param>
          </params>
          <reporter-output>
          </reporter-output>
        </test-method> <!-- testInvalidRegistrationScenarios -->
        <test-method is-config="true" signature="tearDown()[pri:0, instance:testcases.RegistrationTest@1d296da]" started-at="2025-12-26T17:30:02 IST" name="tearDown" finished-at="2025-12-26T17:30:05 IST" duration-ms="2907" status="PASS">
          <reporter-output>
          </reporter-output>
        </test-method> <!-- tearDown -->
        <test-method is-config="true" signature="setup(java.lang.String)[pri:0, instance:testcases.RegistrationTest@1d296da]" started-at="2025-12-26T17:30:51 IST" name="setup" finished-at="2025-12-26T17:31:05 IST" duration-ms="13460" status="PASS">
          <params>
            <param index="0">
              <value>
                <![CDATA[firefox]]>
              </value>
            </param>
          </params>
          <reporter-output>
          </reporter-output>
        </test-method> <!-- setup -->
        <test-method signature="testRegistrationWithExistingEmail()[pri:0, instance:testcases.RegistrationTest@1d296da]" started-at="2025-12-26T17:31:05 IST" name="testRegistrationWithExistingEmail" finished-at="2025-12-26T17:31:31 IST" duration-ms="26344" status="FAIL">
          <exception class="org.openqa.selenium.NoSuchElementException">
            <message>
              <![CDATA[Unable to locate element: //input[@id='firstName']
For documentation on this error, please visit: https://www.selenium.dev/documentation/webdriver/troubleshooting/errors#nosuchelementexception
Build info: version: '4.39.0', revision: '126f156aee'
System info: os.name: 'Windows 11', os.arch: 'amd64', os.version: '10.0', java.version: '25'
Driver info: org.openqa.selenium.firefox.FirefoxDriver
Command: [3c151cd1-199d-4a09-94a9-43ea529377fb, findElement {value=//input[@id='firstName'], using=xpath}]
Capabilities {acceptInsecureCerts: true, browserName: firefox, browserVersion: 146.0.1, moz:accessibilityChecks: false, moz:buildID: 20251217121356, moz:geckodriverVersion: 0.36.0, moz:headless: false, moz:platformVersion: 10.0, moz:processID: 12900, moz:profile: C:\Users\KARTHI~1\AppData\L..., moz:shutdownTimeout: 60000, moz:webdriverClick: true, moz:windowless: false, pageLoadStrategy: normal, platformName: windows, proxy: Proxy(), setWindowRect: true, strictFileInteractability: false, timeouts: {implicit: 0, pageLoad: 300000, script: 30000}, unhandledPromptBehavior: dismiss and notify, userAgent: Mozilla/5.0 (Windows NT 10....}
Session ID: 3c151cd1-199d-4a09-94a9-43ea529377fb]]>
            </message>
            <full-stacktrace>
              <![CDATA[org.openqa.selenium.NoSuchElementException: Unable to locate element: //input[@id='firstName']
For documentation on this error, please visit: https://www.selenium.dev/documentation/webdriver/troubleshooting/errors#nosuchelementexception
Build info: version: '4.39.0', revision: '126f156aee'
System info: os.name: 'Windows 11', os.arch: 'amd64', os.version: '10.0', java.version: '25'
Driver info: org.openqa.selenium.firefox.FirefoxDriver
Command: [3c151cd1-199d-4a09-94a9-43ea529377fb, findElement {value=//input[@id='firstName'], using=xpath}]
Capabilities {acceptInsecureCerts: true, browserName: firefox, browserVersion: 146.0.1, moz:accessibilityChecks: false, moz:buildID: 20251217121356, moz:geckodriverVersion: 0.36.0, moz:headless: false, moz:platformVersion: 10.0, moz:processID: 12900, moz:profile: C:\Users\KARTHI~1\AppData\L..., moz:shutdownTimeout: 60000, moz:webdriverClick: true, moz:windowless: false, pageLoadStrategy: normal, platformName: windows, proxy: Proxy(), setWindowRect: true, strictFileInteractability: false, timeouts: {implicit: 0, pageLoad: 300000, script: 30000}, unhandledPromptBehavior: dismiss and notify, userAgent: Mozilla/5.0 (Windows NT 10....}
Session ID: 3c151cd1-199d-4a09-94a9-43ea529377fb
at java.base/jdk.internal.reflect.DirectConstructorHandleAccessor.newInstance(DirectConstructorHandleAccessor.java:62)
at java.base/java.lang.reflect.Constructor.newInstanceWithCaller(Constructor.java:499)
at java.base/java.lang.reflect.Constructor.newInstance(Constructor.java:483)
at org.openqa.selenium.remote.ErrorCodec.decode(ErrorCodec.java:167)
at org.openqa.selenium.remote.codec.w3c.W3CHttpResponseCodec.decode(W3CHttpResponseCodec.java:142)
at org.openqa.selenium.remote.codec.w3c.W3CHttpResponseCodec.decode(W3CHttpResponseCodec.java:49)
at org.openqa.selenium.remote.HttpCommandExecutor.execute(HttpCommandExecutor.java:215)
at org.openqa.selenium.remote.service.DriverCommandExecutor.invokeExecute(DriverCommandExecutor.java:216)
at org.openqa.selenium.remote.service.DriverCommandExecutor.execute(DriverCommandExecutor.java:174)
at org.openqa.selenium.remote.RemoteWebDriver.execute(RemoteWebDriver.java:561)
at org.openqa.selenium.remote.ElementLocation$ElementFinder$2.findElement(ElementLocation.java:166)
at org.openqa.selenium.remote.ElementLocation.findElement(ElementLocation.java:60)
at org.openqa.selenium.remote.RemoteWebDriver.findElement(RemoteWebDriver.java:384)
at org.openqa.selenium.remote.RemoteWebDriver.findElement(RemoteWebDriver.java:378)
at org.openqa.selenium.support.pagefactory.DefaultElementLocator.findElement(DefaultElementLocator.java:68)
at org.openqa.selenium.support.pagefactory.internal.LocatingElementHandler.invoke(LocatingElementHandler.java:38)
at jdk.proxy2/jdk.proxy2.$Proxy18.clear(Unknown Source)
at pageclass.RegistrationPage.enterFirstname(RegistrationPage.java:45)
at pageclass.RegistrationPage.registerUser(RegistrationPage.java:66)
at testcases.RegistrationTest.testRegistrationWithExistingEmail(RegistrationTest.java:78)
at java.base/jdk.internal.reflect.DirectMethodHandleAccessor.invoke(DirectMethodHandleAccessor.java:104)
at java.base/java.lang.reflect.Method.invoke(Method.java:565)
at org.testng.internal.invokers.MethodInvocationHelper.invokeMethod(MethodInvocationHelper.java:141)
at org.testng.internal.invokers.TestInvoker.invokeMethod(TestInvoker.java:687)
at org.testng.internal.invokers.TestInvoker.invokeTestMethod(TestInvoker.java:230)
at org.testng.internal.invokers.MethodRunner.runInSequence(MethodRunner.java:63)
at org.testng.internal.invokers.TestInvoker$MethodInvocationAgent.invoke(TestInvoker.java:995)
at org.testng.internal.invokers.TestInvoker.invokeTestMethods(TestInvoker.java:203)
at org.testng.internal.invokers.TestMethodWorker.invokeTestMethods(TestMethodWorker.java:154)
at org.testng.internal.invokers.TestMethodWorker.run(TestMethodWorker.java:134)
at java.base/java.util.ArrayList.forEach(ArrayList.java:1604)
at org.testng.TestRunner.privateRun(TestRunner.java:741)
at org.testng.TestRunner.run(TestRunner.java:616)
at org.testng.SuiteRunner.runTest(SuiteRunner.java:421)
at org.testng.SuiteRunner$SuiteWorker.run(SuiteRunner.java:463)
at org.testng.internal.thread.ThreadUtil.lambda$execute$0(ThreadUtil.java:64)
at java.base/java.util.concurrent.FutureTask.run(FutureTask.java:328)
at java.base/java.util.concurrent.ThreadPoolExecutor.runWorker(ThreadPoolExecutor.java:1090)
at java.base/java.util.concurrent.ThreadPoolExecutor$Worker.run(ThreadPoolExecutor.java:614)
at java.base/java.lang.Thread.run(Thread.java:1474)
]]>
            </full-stacktrace>
          </exception> <!-- org.openqa.selenium.NoSuchElementException -->
          <reporter-output>
          </reporter-output>
        </test-method> <!-- testRegistrationWithExistingEmail -->
        <test-method is-config="true" signature="tearDown()[pri:0, instance:testcases.RegistrationTest@1d296da]" started-at="2025-12-26T17:31:31 IST" name="tearDown" finished-at="2025-12-26T17:31:34 IST" duration-ms="2559" status="PASS">
          <reporter-output>
          </reporter-output>
        </test-method> <!-- tearDown -->
        <test-method is-config="true" signature="setup(java.lang.String)[pri:0, instance:testcases.RegistrationTest@1d296da]" started-at="2025-12-26T17:31:48 IST" name="setup" finished-at="2025-12-26T17:31:57 IST" duration-ms="9714" status="PASS">
          <params>
            <param index="0">
              <value>
                <![CDATA[firefox]]>
              </value>
            </param>
          </params>
          <reporter-output>
          </reporter-output>
        </test-method> <!-- setup -->
        <test-method signature="testValidSignup()[pri:0, instance:testcases.RegistrationTest@1d296da]" started-at="2025-12-26T17:31:57 IST" name="testValidSignup" finished-at="2025-12-26T17:32:01 IST" duration-ms="3922" status="PASS">
          <reporter-output>
          </reporter-output>
        </test-method> <!-- testValidSignup -->
        <test-method is-config="true" signature="tearDown()[pri:0, instance:testcases.RegistrationTest@1d296da]" started-at="2025-12-26T17:32:01 IST" name="tearDown" finished-at="2025-12-26T17:32:05 IST" duration-ms="3630" status="PASS">
          <reporter-output>
          </reporter-output>
        </test-method> <!-- tearDown -->
      </class> <!-- testcases.RegistrationTest -->
    </test> <!-- Firefox Test -->
  </suite> <!-- CrossBrowserSuite -->
</testng-results>
