<?xml version="1.0" encoding="UTF-8"?>
<testng-results ignored="0" total="64" passed="58" failed="6" skipped="0">
  <reporter-output>
  </reporter-output>
  <suite started-at="2026-01-01T16:24:41 IST" name="MasterMergedSuite" finished-at="2026-01-01T16:34:17 IST" duration-ms="575531">
    <groups>
    </groups>
    <test started-at="2026-01-01T16:24:41 IST" name="Regression" finished-at="2026-01-01T16:33:08 IST" duration-ms="506710">
      <class name="testcases.UITest">
        <test-method is-config="true" signature="setup(java.lang.String)[pri:0, instance:testcases.UITest@327514f]" started-at="2026-01-01T16:28:52 IST" name="setup" finished-at="2026-01-01T16:28:57 IST" duration-ms="4991" status="PASS">
          <params>
            <param index="0">
              <value is-null="true"/>
            </param>
          </params>
          <reporter-output>
          </reporter-output>
        </test-method> <!-- setup -->
        <test-method is-config="true" signature="setup()[pri:0, instance:testcases.UITest@327514f]" started-at="2026-01-01T16:28:57 IST" name="setup" finished-at="2026-01-01T16:28:59 IST" duration-ms="2239" status="PASS">
          <reporter-output>
          </reporter-output>
        </test-method> <!-- setup -->
        <test-method signature="testContactFormAlignment()[pri:1, instance:testcases.UITest@327514f]" started-at="2026-01-01T16:28:59 IST" name="testContactFormAlignment" finished-at="2026-01-01T16:29:02 IST" duration-ms="2351" status="FAIL">
          <exception class="java.lang.AssertionError">
            <message>
              <![CDATA[Right Column Alignment Failed (Phone vs LastName) expected [451] but found [361]]]>
            </message>
            <full-stacktrace>
              <![CDATA[java.lang.AssertionError: Right Column Alignment Failed (Phone vs LastName) expected [451] but found [361]
at org.testng.Assert.fail(Assert.java:111)
at org.testng.Assert.failNotEquals(Assert.java:1590)
at org.testng.Assert.assertEqualsImpl(Assert.java:150)
at org.testng.Assert.assertEquals(Assert.java:132)
at org.testng.Assert.assertEquals(Assert.java:1431)
at org.testng.Assert.assertEquals(Assert.java:1395)
at testcases.UITest.testContactFormAlignment(UITest.java:81)
at java.base/jdk.internal.reflect.DirectMethodHandleAccessor.invoke(DirectMethodHandleAccessor.java:104)
at java.base/java.lang.reflect.Method.invoke(Method.java:565)
at org.testng.internal.invokers.MethodInvocationHelper.invokeMethod(MethodInvocationHelper.java:141)
at org.testng.internal.invokers.TestInvoker.invokeMethod(TestInvoker.java:687)
at org.testng.internal.invokers.TestInvoker.invokeTestMethod(TestInvoker.java:230)
at org.testng.internal.invokers.MethodRunner.runInSequence(MethodRunner.java:63)
at org.testng.internal.invokers.TestInvoker$MethodInvocationAgent.invoke(TestInvoker.java:995)
at org.testng.internal.invokers.TestInvoker.invokeTestMethods(TestInvoker.java:203)
at org.testng.internal.invokers.TestMethodWorker.invokeTestMethods(TestMethodWorker.java:154)
at org.testng.internal.invokers.TestMethodWorker.run(TestMethodWorker.java:134)
at java.base/java.util.ArrayList.forEach(ArrayList.java:1604)
at org.testng.TestRunner.privateRun(TestRunner.java:741)
at org.testng.TestRunner.run(TestRunner.java:616)
at org.testng.SuiteRunner.runTest(SuiteRunner.java:421)
at org.testng.SuiteRunner$SuiteWorker.run(SuiteRunner.java:463)
at org.testng.internal.thread.ThreadUtil.lambda$execute$0(ThreadUtil.java:64)
at java.base/java.util.concurrent.FutureTask.run(FutureTask.java:328)
at java.base/java.util.concurrent.ThreadPoolExecutor.runWorker(ThreadPoolExecutor.java:1090)
at java.base/java.util.concurrent.ThreadPoolExecutor$Worker.run(ThreadPoolExecutor.java:614)
at java.base/java.lang.Thread.run(Thread.java:1474)
]]>
            </full-stacktrace>
          </exception> <!-- java.lang.AssertionError -->
          <reporter-output>
          </reporter-output>
        </test-method> <!-- testContactFormAlignment -->
        <test-method is-config="true" signature="tearDown()[pri:0, instance:testcases.UITest@327514f]" started-at="2026-01-01T16:29:02 IST" name="tearDown" finished-at="2026-01-01T16:29:03 IST" duration-ms="668" status="PASS">
          <reporter-output>
          </reporter-output>
        </test-method> <!-- tearDown -->
        <test-method is-config="true" signature="setup(java.lang.String)[pri:0, instance:testcases.UITest@327514f]" started-at="2026-01-01T16:29:53 IST" name="setup" finished-at="2026-01-01T16:29:59 IST" duration-ms="6309" status="PASS">
          <params>
            <param index="0">
              <value is-null="true"/>
            </param>
          </params>
          <reporter-output>
          </reporter-output>
        </test-method> <!-- setup -->
        <test-method is-config="true" signature="setup()[pri:0, instance:testcases.UITest@327514f]" started-at="2026-01-01T16:29:59 IST" name="setup" finished-at="2026-01-01T16:30:01 IST" duration-ms="2022" status="PASS">
          <reporter-output>
          </reporter-output>
        </test-method> <!-- setup -->
        <test-method signature="testActionSuccessIndicator()[pri:2, instance:testcases.UITest@327514f]" started-at="2026-01-01T16:30:01 IST" name="testActionSuccessIndicator" finished-at="2026-01-01T16:30:07 IST" duration-ms="5966" status="PASS">
          <reporter-output>
          </reporter-output>
        </test-method> <!-- testActionSuccessIndicator -->
        <test-method is-config="true" signature="tearDown()[pri:0, instance:testcases.UITest@327514f]" started-at="2026-01-01T16:30:07 IST" name="tearDown" finished-at="2026-01-01T16:30:08 IST" duration-ms="509" status="PASS">
          <reporter-output>
          </reporter-output>
        </test-method> <!-- tearDown -->
      </class> <!-- testcases.UITest -->
      <class name="testcases.AddContactTest">
        <test-method is-config="true" signature="setup(java.lang.String)[pri:0, instance:testcases.AddContactTest@6025e1b6]" started-at="2026-01-01T16:28:35 IST" name="setup" finished-at="2026-01-01T16:28:40 IST" duration-ms="5220" status="PASS">
          <params>
            <param index="0">
              <value is-null="true"/>
            </param>
          </params>
          <reporter-output>
          </reporter-output>
        </test-method> <!-- setup -->
        <test-method is-config="true" signature="setupAndLogin()[pri:0, instance:testcases.AddContactTest@6025e1b6]" started-at="2026-01-01T16:28:40 IST" name="setupAndLogin" finished-at="2026-01-01T16:28:41 IST" duration-ms="1017" status="PASS">
          <reporter-output>
          </reporter-output>
        </test-method> <!-- setupAndLogin -->
        <test-method signature="testAddValidContact()[pri:1, instance:testcases.AddContactTest@6025e1b6]" started-at="2026-01-01T16:28:41 IST" name="testAddValidContact" finished-at="2026-01-01T16:28:51 IST" duration-ms="9882" status="PASS">
          <reporter-output>
          </reporter-output>
        </test-method> <!-- testAddValidContact -->
        <test-method is-config="true" signature="tearDown()[pri:0, instance:testcases.AddContactTest@6025e1b6]" started-at="2026-01-01T16:28:51 IST" name="tearDown" finished-at="2026-01-01T16:28:52 IST" duration-ms="1319" status="PASS">
          <reporter-output>
          </reporter-output>
        </test-method> <!-- tearDown -->
        <test-method is-config="true" signature="setup(java.lang.String)[pri:0, instance:testcases.AddContactTest@6025e1b6]" started-at="2026-01-01T16:30:08 IST" name="setup" finished-at="2026-01-01T16:30:13 IST" duration-ms="5369" status="PASS">
          <params>
            <param index="0">
              <value is-null="true"/>
            </param>
          </params>
          <reporter-output>
          </reporter-output>
        </test-method> <!-- setup -->
        <test-method is-config="true" signature="setupAndLogin()[pri:0, instance:testcases.AddContactTest@6025e1b6]" started-at="2026-01-01T16:30:13 IST" name="setupAndLogin" finished-at="2026-01-01T16:30:15 IST" duration-ms="1347" status="PASS">
          <reporter-output>
          </reporter-output>
        </test-method> <!-- setupAndLogin -->
        <test-method signature="testAddContactMissingRequiredFields()[pri:2, instance:testcases.AddContactTest@6025e1b6]" started-at="2026-01-01T16:30:15 IST" name="testAddContactMissingRequiredFields" finished-at="2026-01-01T16:30:22 IST" duration-ms="7632" status="PASS">
          <reporter-output>
          </reporter-output>
        </test-method> <!-- testAddContactMissingRequiredFields -->
        <test-method is-config="true" signature="tearDown()[pri:0, instance:testcases.AddContactTest@6025e1b6]" started-at="2026-01-01T16:30:22 IST" name="tearDown" finished-at="2026-01-01T16:30:23 IST" duration-ms="947" status="PASS">
          <reporter-output>
          </reporter-output>
        </test-method> <!-- tearDown -->
        <test-method is-config="true" signature="setup(java.lang.String)[pri:0, instance:testcases.AddContactTest@6025e1b6]" started-at="2026-01-01T16:31:30 IST" name="setup" finished-at="2026-01-01T16:31:37 IST" duration-ms="6909" status="PASS">
          <params>
            <param index="0">
              <value is-null="true"/>
            </param>
          </params>
          <reporter-output>
          </reporter-output>
        </test-method> <!-- setup -->
        <test-method is-config="true" signature="setupAndLogin()[pri:0, instance:testcases.AddContactTest@6025e1b6]" started-at="2026-01-01T16:31:37 IST" name="setupAndLogin" finished-at="2026-01-01T16:31:38 IST" duration-ms="829" status="PASS">
          <reporter-output>
          </reporter-output>
        </test-method> <!-- setupAndLogin -->
        <test-method signature="testInvalidPhoneInput()[pri:3, instance:testcases.AddContactTest@6025e1b6]" started-at="2026-01-01T16:31:38 IST" name="testInvalidPhoneInput" finished-at="2026-01-01T16:31:57 IST" duration-ms="19348" status="PASS">
          <reporter-output>
          </reporter-output>
        </test-method> <!-- testInvalidPhoneInput -->
        <test-method is-config="true" signature="tearDown()[pri:0, instance:testcases.AddContactTest@6025e1b6]" started-at="2026-01-01T16:31:58 IST" name="tearDown" finished-at="2026-01-01T16:32:01 IST" duration-ms="3385" status="PASS">
          <reporter-output>
          </reporter-output>
        </test-method> <!-- tearDown -->
        <test-method is-config="true" signature="setup(java.lang.String)[pri:0, instance:testcases.AddContactTest@6025e1b6]" started-at="2026-01-01T16:32:01 IST" name="setup" finished-at="2026-01-01T16:32:11 IST" duration-ms="9756" status="PASS">
          <params>
            <param index="0">
              <value is-null="true"/>
            </param>
          </params>
          <reporter-output>
          </reporter-output>
        </test-method> <!-- setup -->
        <test-method is-config="true" signature="setupAndLogin()[pri:0, instance:testcases.AddContactTest@6025e1b6]" started-at="2026-01-01T16:32:11 IST" name="setupAndLogin" finished-at="2026-01-01T16:32:13 IST" duration-ms="1740" status="PASS">
          <reporter-output>
          </reporter-output>
        </test-method> <!-- setupAndLogin -->
        <test-method signature="testDuplicateContactBehavior()[pri:4, instance:testcases.AddContactTest@6025e1b6]" started-at="2026-01-01T16:32:13 IST" name="testDuplicateContactBehavior" finished-at="2026-01-01T16:32:28 IST" duration-ms="15763" status="PASS">
          <reporter-output>
          </reporter-output>
        </test-method> <!-- testDuplicateContactBehavior -->
        <test-method is-config="true" signature="tearDown()[pri:0, instance:testcases.AddContactTest@6025e1b6]" started-at="2026-01-01T16:32:29 IST" name="tearDown" finished-at="2026-01-01T16:32:30 IST" duration-ms="1151" status="PASS">
          <reporter-output>
          </reporter-output>
        </test-method> <!-- tearDown -->
        <test-method is-config="true" signature="setup(java.lang.String)[pri:0, instance:testcases.AddContactTest@6025e1b6]" started-at="2026-01-01T16:32:48 IST" name="setup" finished-at="2026-01-01T16:32:54 IST" duration-ms="5400" status="PASS">
          <params>
            <param index="0">
              <value is-null="true"/>
            </param>
          </params>
          <reporter-output>
          </reporter-output>
        </test-method> <!-- setup -->
        <test-method is-config="true" signature="setupAndLogin()[pri:0, instance:testcases.AddContactTest@6025e1b6]" started-at="2026-01-01T16:32:54 IST" name="setupAndLogin" finished-at="2026-01-01T16:32:59 IST" duration-ms="5271" status="PASS">
          <reporter-output>
          </reporter-output>
        </test-method> <!-- setupAndLogin -->
        <test-method signature="testFormResetAfterAddition()[pri:5, instance:testcases.AddContactTest@6025e1b6]" started-at="2026-01-01T16:32:59 IST" name="testFormResetAfterAddition" finished-at="2026-01-01T16:33:05 IST" duration-ms="5748" status="PASS">
          <reporter-output>
          </reporter-output>
        </test-method> <!-- testFormResetAfterAddition -->
        <test-method is-config="true" signature="tearDown()[pri:0, instance:testcases.AddContactTest@6025e1b6]" started-at="2026-01-01T16:33:05 IST" name="tearDown" finished-at="2026-01-01T16:33:08 IST" duration-ms="3105" status="PASS">
          <reporter-output>
          </reporter-output>
        </test-method> <!-- tearDown -->
      </class> <!-- testcases.AddContactTest -->
      <class name="testcases.EditContactTest">
        <test-method is-config="true" signature="setup(java.lang.String)[pri:0, instance:testcases.EditContactTest@22ff4249]" started-at="2026-01-01T16:29:03 IST" name="setup" finished-at="2026-01-01T16:29:10 IST" duration-ms="7031" status="PASS">
          <params>
            <param index="0">
              <value is-null="true"/>
            </param>
          </params>
          <reporter-output>
          </reporter-output>
        </test-method> <!-- setup -->
        <test-method is-config="true" signature="setup()[pri:0, instance:testcases.EditContactTest@22ff4249]" started-at="2026-01-01T16:29:10 IST" name="setup" finished-at="2026-01-01T16:29:11 IST" duration-ms="1071" status="PASS">
          <reporter-output>
          </reporter-output>
        </test-method> <!-- setup -->
        <test-method signature="testEditContactSuccessfully()[pri:1, instance:testcases.EditContactTest@22ff4249]" started-at="2026-01-01T16:29:11 IST" name="testEditContactSuccessfully" finished-at="2026-01-01T16:29:20 IST" duration-ms="9812" status="PASS">
          <reporter-output>
          </reporter-output>
        </test-method> <!-- testEditContactSuccessfully -->
        <test-method is-config="true" signature="tearDown()[pri:0, instance:testcases.EditContactTest@22ff4249]" started-at="2026-01-01T16:29:21 IST" name="tearDown" finished-at="2026-01-01T16:29:21 IST" duration-ms="560" status="PASS">
          <reporter-output>
          </reporter-output>
        </test-method> <!-- tearDown -->
        <test-method is-config="true" signature="setup(java.lang.String)[pri:0, instance:testcases.EditContactTest@22ff4249]" started-at="2026-01-01T16:30:23 IST" name="setup" finished-at="2026-01-01T16:30:30 IST" duration-ms="6883" status="PASS">
          <params>
            <param index="0">
              <value is-null="true"/>
            </param>
          </params>
          <reporter-output>
          </reporter-output>
        </test-method> <!-- setup -->
        <test-method is-config="true" signature="setup()[pri:0, instance:testcases.EditContactTest@22ff4249]" started-at="2026-01-01T16:30:30 IST" name="setup" finished-at="2026-01-01T16:30:33 IST" duration-ms="2970" status="PASS">
          <reporter-output>
          </reporter-output>
        </test-method> <!-- setup -->
        <test-method signature="testCancelEdit()[pri:2, instance:testcases.EditContactTest@22ff4249]" started-at="2026-01-01T16:30:33 IST" name="testCancelEdit" finished-at="2026-01-01T16:30:43 IST" duration-ms="10337" status="PASS">
          <reporter-output>
          </reporter-output>
        </test-method> <!-- testCancelEdit -->
        <test-method is-config="true" signature="tearDown()[pri:0, instance:testcases.EditContactTest@22ff4249]" started-at="2026-01-01T16:30:44 IST" name="tearDown" finished-at="2026-01-01T16:30:44 IST" duration-ms="579" status="PASS">
          <reporter-output>
          </reporter-output>
        </test-method> <!-- tearDown -->
        <test-method is-config="true" signature="setup(java.lang.String)[pri:0, instance:testcases.EditContactTest@22ff4249]" started-at="2026-01-01T16:31:16 IST" name="setup" finished-at="2026-01-01T16:31:20 IST" duration-ms="4746" status="PASS">
          <params>
            <param index="0">
              <value is-null="true"/>
            </param>
          </params>
          <reporter-output>
          </reporter-output>
        </test-method> <!-- setup -->
        <test-method is-config="true" signature="setup()[pri:0, instance:testcases.EditContactTest@22ff4249]" started-at="2026-01-01T16:31:20 IST" name="setup" finished-at="2026-01-01T16:31:21 IST" duration-ms="833" status="PASS">
          <reporter-output>
          </reporter-output>
        </test-method> <!-- setup -->
        <test-method signature="testEditValidationMissingField()[pri:3, instance:testcases.EditContactTest@22ff4249]" started-at="2026-01-01T16:31:21 IST" name="testEditValidationMissingField" finished-at="2026-01-01T16:31:29 IST" duration-ms="8173" status="PASS">
          <reporter-output>
          </reporter-output>
        </test-method> <!-- testEditValidationMissingField -->
        <test-method is-config="true" signature="tearDown()[pri:0, instance:testcases.EditContactTest@22ff4249]" started-at="2026-01-01T16:31:30 IST" name="tearDown" finished-at="2026-01-01T16:31:30 IST" duration-ms="805" status="PASS">
          <reporter-output>
          </reporter-output>
        </test-method> <!-- tearDown -->
      </class> <!-- testcases.EditContactTest -->
      <class name="testcases.InputValidationTest">
        <test-method is-config="true" signature="setup(java.lang.String)[pri:0, instance:testcases.InputValidationTest@5b12b668]" started-at="2026-01-01T16:29:21 IST" name="setup" finished-at="2026-01-01T16:29:31 IST" duration-ms="9437" status="PASS">
          <params>
            <param index="0">
              <value is-null="true"/>
            </param>
          </params>
          <reporter-output>
          </reporter-output>
        </test-method> <!-- setup -->
        <test-method is-config="true" signature="setup()[pri:0, instance:testcases.InputValidationTest@5b12b668]" started-at="2026-01-01T16:29:31 IST" name="setup" finished-at="2026-01-01T16:29:33 IST" duration-ms="2717" status="PASS">
          <reporter-output>
          </reporter-output>
        </test-method> <!-- setup -->
        <test-method signature="testMaxCharacterLimit()[pri:1, instance:testcases.InputValidationTest@5b12b668]" started-at="2026-01-01T16:29:33 IST" name="testMaxCharacterLimit" finished-at="2026-01-01T16:29:41 IST" duration-ms="7225" status="PASS">
          <reporter-output>
          </reporter-output>
        </test-method> <!-- testMaxCharacterLimit -->
        <test-method is-config="true" signature="tearDown()[pri:0, instance:testcases.InputValidationTest@5b12b668]" started-at="2026-01-01T16:29:41 IST" name="tearDown" finished-at="2026-01-01T16:29:41 IST" duration-ms="610" status="PASS">
          <reporter-output>
          </reporter-output>
        </test-method> <!-- tearDown -->
        <test-method is-config="true" signature="setup(java.lang.String)[pri:0, instance:testcases.InputValidationTest@5b12b668]" started-at="2026-01-01T16:30:56 IST" name="setup" finished-at="2026-01-01T16:31:01 IST" duration-ms="5056" status="PASS">
          <params>
            <param index="0">
              <value is-null="true"/>
            </param>
          </params>
          <reporter-output>
          </reporter-output>
        </test-method> <!-- setup -->
        <test-method is-config="true" signature="setup()[pri:0, instance:testcases.InputValidationTest@5b12b668]" started-at="2026-01-01T16:31:01 IST" name="setup" finished-at="2026-01-01T16:31:04 IST" duration-ms="2337" status="PASS">
          <reporter-output>
          </reporter-output>
        </test-method> <!-- setup -->
        <test-method signature="testUnicodeAndEmojis()[pri:2, instance:testcases.InputValidationTest@5b12b668]" started-at="2026-01-01T16:31:04 IST" name="testUnicodeAndEmojis" finished-at="2026-01-01T16:31:15 IST" duration-ms="11247" status="PASS">
          <reporter-output>
          </reporter-output>
        </test-method> <!-- testUnicodeAndEmojis -->
        <test-method is-config="true" signature="tearDown()[pri:0, instance:testcases.InputValidationTest@5b12b668]" started-at="2026-01-01T16:31:15 IST" name="tearDown" finished-at="2026-01-01T16:31:16 IST" duration-ms="624" status="PASS">
          <reporter-output>
          </reporter-output>
        </test-method> <!-- tearDown -->
      </class> <!-- testcases.InputValidationTest -->
      <class name="testcases.SessionNavigationTest">
        <test-method is-config="true" signature="setup(java.lang.String)[pri:0, instance:testcases.SessionNavigationTest@4c402120]" started-at="2026-01-01T16:24:41 IST" name="setup" finished-at="2026-01-01T16:24:50 IST" duration-ms="8289" status="PASS">
          <params>
            <param index="0">
              <value is-null="true"/>
            </param>
          </params>
          <reporter-output>
          </reporter-output>
        </test-method> <!-- setup -->
        <test-method is-config="true" signature="setupAndLogin()[pri:0, instance:testcases.SessionNavigationTest@4c402120]" started-at="2026-01-01T16:24:50 IST" name="setupAndLogin" finished-at="2026-01-01T16:24:52 IST" duration-ms="2228" status="PASS">
          <reporter-output>
          </reporter-output>
        </test-method> <!-- setupAndLogin -->
        <test-method signature="logout()[pri:0, instance:testcases.SessionNavigationTest@4c402120]" started-at="2026-01-01T16:24:52 IST" name="logout" finished-at="2026-01-01T16:24:54 IST" duration-ms="2616" status="PASS">
          <reporter-output>
          </reporter-output>
        </test-method> <!-- logout -->
        <test-method is-config="true" signature="tearDown()[pri:0, instance:testcases.SessionNavigationTest@4c402120]" started-at="2026-01-01T16:24:55 IST" name="tearDown" finished-at="2026-01-01T16:24:55 IST" duration-ms="615" status="PASS">
          <reporter-output>
          </reporter-output>
        </test-method> <!-- tearDown -->
        <test-method is-config="true" signature="setup(java.lang.String)[pri:0, instance:testcases.SessionNavigationTest@4c402120]" started-at="2026-01-01T16:27:25 IST" name="setup" finished-at="2026-01-01T16:27:30 IST" duration-ms="4851" status="PASS">
          <params>
            <param index="0">
              <value is-null="true"/>
            </param>
          </params>
          <reporter-output>
          </reporter-output>
        </test-method> <!-- setup -->
        <test-method is-config="true" signature="setupAndLogin()[pri:0, instance:testcases.SessionNavigationTest@4c402120]" started-at="2026-01-01T16:27:30 IST" name="setupAndLogin" finished-at="2026-01-01T16:27:32 IST" duration-ms="2201" status="PASS">
          <reporter-output>
          </reporter-output>
        </test-method> <!-- setupAndLogin -->
        <test-method signature="verifyBackAfterLogout()[pri:0, instance:testcases.SessionNavigationTest@4c402120]" started-at="2026-01-01T16:27:32 IST" name="verifyBackAfterLogout" finished-at="2026-01-01T16:27:56 IST" duration-ms="23724" status="PASS">
          <reporter-output>
          </reporter-output>
        </test-method> <!-- verifyBackAfterLogout -->
        <test-method is-config="true" signature="tearDown()[pri:0, instance:testcases.SessionNavigationTest@4c402120]" started-at="2026-01-01T16:27:56 IST" name="tearDown" finished-at="2026-01-01T16:27:58 IST" duration-ms="1872" status="PASS">
          <reporter-output>
          </reporter-output>
        </test-method> <!-- tearDown -->
        <test-method is-config="true" signature="setup(java.lang.String)[pri:0, instance:testcases.SessionNavigationTest@4c402120]" started-at="2026-01-01T16:27:58 IST" name="setup" finished-at="2026-01-01T16:28:07 IST" duration-ms="9088" status="PASS">
          <params>
            <param index="0">
              <value is-null="true"/>
            </param>
          </params>
          <reporter-output>
          </reporter-output>
        </test-method> <!-- setup -->
        <test-method is-config="true" signature="setupAndLogin()[pri:0, instance:testcases.SessionNavigationTest@4c402120]" started-at="2026-01-01T16:28:07 IST" name="setupAndLogin" finished-at="2026-01-01T16:28:10 IST" duration-ms="2428" status="PASS">
          <reporter-output>
          </reporter-output>
        </test-method> <!-- setupAndLogin -->
        <test-method signature="verifyLoginPersistsOnRefresh()[pri:0, instance:testcases.SessionNavigationTest@4c402120]" started-at="2026-01-01T16:28:10 IST" name="verifyLoginPersistsOnRefresh" finished-at="2026-01-01T16:28:11 IST" duration-ms="1408" status="PASS">
          <reporter-output>
          </reporter-output>
        </test-method> <!-- verifyLoginPersistsOnRefresh -->
        <test-method is-config="true" signature="tearDown()[pri:0, instance:testcases.SessionNavigationTest@4c402120]" started-at="2026-01-01T16:28:11 IST" name="tearDown" finished-at="2026-01-01T16:28:13 IST" duration-ms="1242" status="PASS">
          <reporter-output>
          </reporter-output>
        </test-method> <!-- tearDown -->
        <test-method is-config="true" signature="setup(java.lang.String)[pri:0, instance:testcases.SessionNavigationTest@4c402120]" started-at="2026-01-01T16:28:13 IST" name="setup" finished-at="2026-01-01T16:28:19 IST" duration-ms="6781" status="PASS">
          <params>
            <param index="0">
              <value is-null="true"/>
            </param>
          </params>
          <reporter-output>
          </reporter-output>
        </test-method> <!-- setup -->
        <test-method is-config="true" signature="setupAndLogin()[pri:0, instance:testcases.SessionNavigationTest@4c402120]" started-at="2026-01-01T16:28:19 IST" name="setupAndLogin" finished-at="2026-01-01T16:28:21 IST" duration-ms="1939" status="PASS">
          <reporter-output>
          </reporter-output>
        </test-method> <!-- setupAndLogin -->
        <test-method signature="verifyLoginRequiredForContactList()[pri:0, instance:testcases.SessionNavigationTest@4c402120]" started-at="2026-01-01T16:28:21 IST" name="verifyLoginRequiredForContactList" finished-at="2026-01-01T16:28:32 IST" duration-ms="10883" status="FAIL">
          <exception class="org.openqa.selenium.TimeoutException">
            <message>
              <![CDATA[Expected condition failed: waiting for url to be "https://thinking-tester-contact-list.herokuapp.com/". Current url: "https://thinking-tester-contact-list.herokuapp.com/contactList" (tried for 10 second(s) with 500 milliseconds interval)
Build info: version: '4.39.0', revision: '126f156aee'
System info: os.name: 'Windows 11', os.arch: 'amd64', os.version: '10.0', java.version: '25'
Driver info: org.openqa.selenium.chrome.ChromeDriver
Capabilities {acceptInsecureCerts: false, browserName: chrome, browserVersion: 143.0.7499.170, chrome: {chromedriverVersion: 143.0.7499.169 (164b20aab62..., userDataDir: C:\Users\KARTHI~1\AppData\L...}, fedcm:accounts: true, goog:chromeOptions: {debuggerAddress: localhost:57279}, goog:processID: 33108, networkConnectionEnabled: false, pageLoadStrategy: normal, platformName: windows, proxy: Proxy(), se:cdp: ws://localhost:57279/devtoo..., se:cdpVersion: 143.0.7499.170, setWindowRect: true, strictFileInteractability: false, timeouts: {implicit: 0, pageLoad: 300000, script: 30000}, unhandledPromptBehavior: dismiss and notify, webauthn:extension:credBlob: true, webauthn:extension:largeBlob: true, webauthn:extension:minPinLength: true, webauthn:extension:prf: true, webauthn:virtualAuthenticators: true}
Session ID: 45e940d5740867368570d5fbf2b5b28e]]>
            </message>
            <full-stacktrace>
              <![CDATA[org.openqa.selenium.TimeoutException: Expected condition failed: waiting for url to be "https://thinking-tester-contact-list.herokuapp.com/". Current url: "https://thinking-tester-contact-list.herokuapp.com/contactList" (tried for 10 second(s) with 500 milliseconds interval)
Build info: version: '4.39.0', revision: '126f156aee'
System info: os.name: 'Windows 11', os.arch: 'amd64', os.version: '10.0', java.version: '25'
Driver info: org.openqa.selenium.chrome.ChromeDriver
Capabilities {acceptInsecureCerts: false, browserName: chrome, browserVersion: 143.0.7499.170, chrome: {chromedriverVersion: 143.0.7499.169 (164b20aab62..., userDataDir: C:\Users\KARTHI~1\AppData\L...}, fedcm:accounts: true, goog:chromeOptions: {debuggerAddress: localhost:57279}, goog:processID: 33108, networkConnectionEnabled: false, pageLoadStrategy: normal, platformName: windows, proxy: Proxy(), se:cdp: ws://localhost:57279/devtoo..., se:cdpVersion: 143.0.7499.170, setWindowRect: true, strictFileInteractability: false, timeouts: {implicit: 0, pageLoad: 300000, script: 30000}, unhandledPromptBehavior: dismiss and notify, webauthn:extension:credBlob: true, webauthn:extension:largeBlob: true, webauthn:extension:minPinLength: true, webauthn:extension:prf: true, webauthn:virtualAuthenticators: true}
Session ID: 45e940d5740867368570d5fbf2b5b28e
at org.openqa.selenium.support.ui.WebDriverWait.timeoutException(WebDriverWait.java:84)
at org.openqa.selenium.support.ui.FluentWait.until(FluentWait.java:228)
at testcases.SessionNavigationTest.verifyLoginRequiredForContactList(SessionNavigationTest.java:106)
at java.base/jdk.internal.reflect.DirectMethodHandleAccessor.invoke(DirectMethodHandleAccessor.java:104)
at java.base/java.lang.reflect.Method.invoke(Method.java:565)
at org.testng.internal.invokers.MethodInvocationHelper.invokeMethod(MethodInvocationHelper.java:141)
at org.testng.internal.invokers.TestInvoker.invokeMethod(TestInvoker.java:687)
at org.testng.internal.invokers.TestInvoker.invokeTestMethod(TestInvoker.java:230)
at org.testng.internal.invokers.MethodRunner.runInSequence(MethodRunner.java:63)
at org.testng.internal.invokers.TestInvoker$MethodInvocationAgent.invoke(TestInvoker.java:995)
at org.testng.internal.invokers.TestInvoker.invokeTestMethods(TestInvoker.java:203)
at org.testng.internal.invokers.TestMethodWorker.invokeTestMethods(TestMethodWorker.java:154)
at org.testng.internal.invokers.TestMethodWorker.run(TestMethodWorker.java:134)
at java.base/java.util.ArrayList.forEach(ArrayList.java:1604)
at org.testng.TestRunner.privateRun(TestRunner.java:741)
at org.testng.TestRunner.run(TestRunner.java:616)
at org.testng.SuiteRunner.runTest(SuiteRunner.java:421)
at org.testng.SuiteRunner$SuiteWorker.run(SuiteRunner.java:463)
at org.testng.internal.thread.ThreadUtil.lambda$execute$0(ThreadUtil.java:64)
at java.base/java.util.concurrent.FutureTask.run(FutureTask.java:328)
at java.base/java.util.concurrent.ThreadPoolExecutor.runWorker(ThreadPoolExecutor.java:1090)
at java.base/java.util.concurrent.ThreadPoolExecutor$Worker.run(ThreadPoolExecutor.java:614)
at java.base/java.lang.Thread.run(Thread.java:1474)
]]>
            </full-stacktrace>
          </exception> <!-- org.openqa.selenium.TimeoutException -->
          <reporter-output>
          </reporter-output>
        </test-method> <!-- verifyLoginRequiredForContactList -->
        <test-method is-config="true" signature="tearDown()[pri:0, instance:testcases.SessionNavigationTest@4c402120]" started-at="2026-01-01T16:28:33 IST" name="tearDown" finished-at="2026-01-01T16:28:35 IST" duration-ms="1935" status="PASS">
          <reporter-output>
          </reporter-output>
        </test-method> <!-- tearDown -->
      </class> <!-- testcases.SessionNavigationTest -->
      <class name="testcases.LoginTest">
        <test-method is-config="true" signature="setupReport()[pri:0, instance:testcases.LoginTest@6a6cb05c]" started-at="2026-01-01T16:24:41 IST" name="setupReport" finished-at="2026-01-01T16:24:41 IST" duration-ms="323" status="PASS">
          <reporter-output>
          </reporter-output>
        </test-method> <!-- setupReport -->
        <test-method is-config="true" signature="setup(java.lang.String)[pri:0, instance:testcases.LoginTest@6a6cb05c]" started-at="2026-01-01T16:24:55 IST" name="setup" finished-at="2026-01-01T16:25:00 IST" duration-ms="5065" status="PASS">
          <params>
            <param index="0">
              <value is-null="true"/>
            </param>
          </params>
          <reporter-output>
          </reporter-output>
        </test-method> <!-- setup -->
        <test-method signature="testInvalidEmailFormat()[pri:0, instance:testcases.LoginTest@6a6cb05c]" started-at="2026-01-01T16:25:00 IST" name="testInvalidEmailFormat" finished-at="2026-01-01T16:25:02 IST" duration-ms="1376" status="PASS">
          <reporter-output>
          </reporter-output>
        </test-method> <!-- testInvalidEmailFormat -->
        <test-method is-config="true" signature="tearDown()[pri:0, instance:testcases.LoginTest@6a6cb05c]" started-at="2026-01-01T16:25:02 IST" name="tearDown" finished-at="2026-01-01T16:25:02 IST" duration-ms="582" status="PASS">
          <reporter-output>
          </reporter-output>
        </test-method> <!-- tearDown -->
        <test-method is-config="true" signature="setup(java.lang.String)[pri:0, instance:testcases.LoginTest@6a6cb05c]" started-at="2026-01-01T16:26:24 IST" name="setup" finished-at="2026-01-01T16:26:29 IST" duration-ms="5003" status="PASS">
          <params>
            <param index="0">
              <value is-null="true"/>
            </param>
          </params>
          <reporter-output>
          </reporter-output>
        </test-method> <!-- setup -->
        <test-method signature="testLoginWithEmptyFields()[pri:0, instance:testcases.LoginTest@6a6cb05c]" started-at="2026-01-01T16:26:29 IST" name="testLoginWithEmptyFields" finished-at="2026-01-01T16:26:30 IST" duration-ms="1567" status="PASS">
          <reporter-output>
          </reporter-output>
        </test-method> <!-- testLoginWithEmptyFields -->
        <test-method is-config="true" signature="tearDown()[pri:0, instance:testcases.LoginTest@6a6cb05c]" started-at="2026-01-01T16:26:31 IST" name="tearDown" finished-at="2026-01-01T16:26:31 IST" duration-ms="424" status="PASS">
          <reporter-output>
          </reporter-output>
        </test-method> <!-- tearDown -->
        <test-method is-config="true" signature="setup(java.lang.String)[pri:0, instance:testcases.LoginTest@6a6cb05c]" started-at="2026-01-01T16:26:31 IST" name="setup" finished-at="2026-01-01T16:26:35 IST" duration-ms="4227" status="PASS">
          <params>
            <param index="0">
              <value is-null="true"/>
            </param>
          </params>
          <reporter-output>
          </reporter-output>
        </test-method> <!-- setup -->
        <test-method signature="testLoginWithIncorrectPassword()[pri:0, instance:testcases.LoginTest@6a6cb05c]" started-at="2026-01-01T16:26:35 IST" name="testLoginWithIncorrectPassword" finished-at="2026-01-01T16:26:37 IST" duration-ms="2200" status="PASS">
          <reporter-output>
          </reporter-output>
        </test-method> <!-- testLoginWithIncorrectPassword -->
        <test-method is-config="true" signature="tearDown()[pri:0, instance:testcases.LoginTest@6a6cb05c]" started-at="2026-01-01T16:26:38 IST" name="tearDown" finished-at="2026-01-01T16:26:38 IST" duration-ms="556" status="PASS">
          <reporter-output>
          </reporter-output>
        </test-method> <!-- tearDown -->
        <test-method is-config="true" signature="setup(java.lang.String)[pri:0, instance:testcases.LoginTest@6a6cb05c]" started-at="2026-01-01T16:26:38 IST" name="setup" finished-at="2026-01-01T16:26:44 IST" duration-ms="5644" status="PASS">
          <params>
            <param index="0">
              <value is-null="true"/>
            </param>
          </params>
          <reporter-output>
          </reporter-output>
        </test-method> <!-- setup -->
        <test-method signature="testPasswordMasking()[pri:0, instance:testcases.LoginTest@6a6cb05c]" started-at="2026-01-01T16:26:44 IST" name="testPasswordMasking" finished-at="2026-01-01T16:26:44 IST" duration-ms="94" status="PASS">
          <reporter-output>
          </reporter-output>
        </test-method> <!-- testPasswordMasking -->
        <test-method is-config="true" signature="tearDown()[pri:0, instance:testcases.LoginTest@6a6cb05c]" started-at="2026-01-01T16:26:44 IST" name="tearDown" finished-at="2026-01-01T16:26:45 IST" duration-ms="536" status="PASS">
          <reporter-output>
          </reporter-output>
        </test-method> <!-- tearDown -->
        <test-method is-config="true" signature="setup(java.lang.String)[pri:0, instance:testcases.LoginTest@6a6cb05c]" started-at="2026-01-01T16:27:03 IST" name="setup" finished-at="2026-01-01T16:27:08 IST" duration-ms="5422" status="PASS">
          <params>
            <param index="0">
              <value is-null="true"/>
            </param>
          </params>
          <reporter-output>
          </reporter-output>
        </test-method> <!-- setup -->
        <test-method signature="testValidLogin()[pri:0, instance:testcases.LoginTest@6a6cb05c]" started-at="2026-01-01T16:27:08 IST" name="testValidLogin" finished-at="2026-01-01T16:27:11 IST" duration-ms="3091" status="PASS">
          <reporter-output>
          </reporter-output>
        </test-method> <!-- testValidLogin -->
        <test-method is-config="true" signature="tearDown()[pri:0, instance:testcases.LoginTest@6a6cb05c]" started-at="2026-01-01T16:27:11 IST" name="tearDown" finished-at="2026-01-01T16:27:12 IST" duration-ms="518" status="PASS">
          <reporter-output>
          </reporter-output>
        </test-method> <!-- tearDown -->
        <test-method is-config="true" signature="saveReport()[pri:0, instance:testcases.LoginTest@6a6cb05c]" started-at="2026-01-01T16:34:17 IST" name="saveReport" finished-at="2026-01-01T16:34:18 IST" duration-ms="1017" status="PASS">
          <reporter-output>
          </reporter-output>
        </test-method> <!-- saveReport -->
      </class> <!-- testcases.LoginTest -->
      <class name="testcases.DeleteContactTest">
        <test-method is-config="true" signature="setup(java.lang.String)[pri:0, instance:testcases.DeleteContactTest@2d1ef81a]" started-at="2026-01-01T16:29:41 IST" name="setup" finished-at="2026-01-01T16:29:47 IST" duration-ms="5661" status="PASS">
          <params>
            <param index="0">
              <value is-null="true"/>
            </param>
          </params>
          <reporter-output>
          </reporter-output>
        </test-method> <!-- setup -->
        <test-method is-config="true" signature="setup()[pri:0, instance:testcases.DeleteContactTest@2d1ef81a]" started-at="2026-01-01T16:29:47 IST" name="setup" finished-at="2026-01-01T16:29:50 IST" duration-ms="2575" status="PASS">
          <reporter-output>
          </reporter-output>
        </test-method> <!-- setup -->
        <test-method signature="testSelectSpecificContact()[pri:1, instance:testcases.DeleteContactTest@2d1ef81a]" started-at="2026-01-01T16:29:50 IST" name="testSelectSpecificContact" finished-at="2026-01-01T16:29:52 IST" duration-ms="2453" status="PASS">
          <reporter-output>
          </reporter-output>
        </test-method> <!-- testSelectSpecificContact -->
        <test-method is-config="true" signature="tearDown()[pri:0, instance:testcases.DeleteContactTest@2d1ef81a]" started-at="2026-01-01T16:29:52 IST" name="tearDown" finished-at="2026-01-01T16:29:53 IST" duration-ms="717" status="PASS">
          <reporter-output>
          </reporter-output>
        </test-method> <!-- tearDown -->
        <test-method is-config="true" signature="setup(java.lang.String)[pri:0, instance:testcases.DeleteContactTest@2d1ef81a]" started-at="2026-01-01T16:30:44 IST" name="setup" finished-at="2026-01-01T16:30:50 IST" duration-ms="5872" status="PASS">
          <params>
            <param index="0">
              <value is-null="true"/>
            </param>
          </params>
          <reporter-output>
          </reporter-output>
        </test-method> <!-- setup -->
        <test-method is-config="true" signature="setup()[pri:0, instance:testcases.DeleteContactTest@2d1ef81a]" started-at="2026-01-01T16:30:50 IST" name="setup" finished-at="2026-01-01T16:30:53 IST" duration-ms="2455" status="PASS">
          <reporter-output>
          </reporter-output>
        </test-method> <!-- setup -->
        <test-method signature="testDeleteContactAlert()[pri:2, instance:testcases.DeleteContactTest@2d1ef81a]" started-at="2026-01-01T16:30:53 IST" name="testDeleteContactAlert" finished-at="2026-01-01T16:30:55 IST" duration-ms="2213" status="PASS">
          <reporter-output>
          </reporter-output>
        </test-method> <!-- testDeleteContactAlert -->
        <test-method is-config="true" signature="tearDown()[pri:0, instance:testcases.DeleteContactTest@2d1ef81a]" started-at="2026-01-01T16:30:55 IST" name="tearDown" finished-at="2026-01-01T16:30:56 IST" duration-ms="1072" status="PASS">
          <reporter-output>
          </reporter-output>
        </test-method> <!-- tearDown -->
        <test-method is-config="true" signature="setup(java.lang.String)[pri:0, instance:testcases.DeleteContactTest@2d1ef81a]" started-at="2026-01-01T16:32:30 IST" name="setup" finished-at="2026-01-01T16:32:37 IST" duration-ms="7166" status="PASS">
          <params>
            <param index="0">
              <value is-null="true"/>
            </param>
          </params>
          <reporter-output>
          </reporter-output>
        </test-method> <!-- setup -->
        <test-method is-config="true" signature="setup()[pri:0, instance:testcases.DeleteContactTest@2d1ef81a]" started-at="2026-01-01T16:32:37 IST" name="setup" finished-at="2026-01-01T16:32:41 IST" duration-ms="4339" status="PASS">
          <reporter-output>
          </reporter-output>
        </test-method> <!-- setup -->
        <test-method signature="testDeleteContactPermanently()[pri:5, instance:testcases.DeleteContactTest@2d1ef81a]" started-at="2026-01-01T16:32:41 IST" name="testDeleteContactPermanently" finished-at="2026-01-01T16:32:46 IST" duration-ms="5024" status="FAIL">
          <exception class="java.lang.AssertionError">
            <message>
              <![CDATA[Contact was not deleted successfully.]]>
            </message>
            <full-stacktrace>
              <![CDATA[java.lang.AssertionError: Contact was not deleted successfully.
at org.testng.Assert.fail(Assert.java:111)
at testcases.DeleteContactTest.testDeleteContactPermanently(DeleteContactTest.java:146)
at java.base/jdk.internal.reflect.DirectMethodHandleAccessor.invoke(DirectMethodHandleAccessor.java:104)
at java.base/java.lang.reflect.Method.invoke(Method.java:565)
at org.testng.internal.invokers.MethodInvocationHelper.invokeMethod(MethodInvocationHelper.java:141)
at org.testng.internal.invokers.TestInvoker.invokeMethod(TestInvoker.java:687)
at org.testng.internal.invokers.TestInvoker.invokeTestMethod(TestInvoker.java:230)
at org.testng.internal.invokers.MethodRunner.runInSequence(MethodRunner.java:63)
at org.testng.internal.invokers.TestInvoker$MethodInvocationAgent.invoke(TestInvoker.java:995)
at org.testng.internal.invokers.TestInvoker.invokeTestMethods(TestInvoker.java:203)
at org.testng.internal.invokers.TestMethodWorker.invokeTestMethods(TestMethodWorker.java:154)
at org.testng.internal.invokers.TestMethodWorker.run(TestMethodWorker.java:134)
at java.base/java.util.ArrayList.forEach(ArrayList.java:1604)
at org.testng.TestRunner.privateRun(TestRunner.java:741)
at org.testng.TestRunner.run(TestRunner.java:616)
at org.testng.SuiteRunner.runTest(SuiteRunner.java:421)
at org.testng.SuiteRunner$SuiteWorker.run(SuiteRunner.java:463)
at org.testng.internal.thread.ThreadUtil.lambda$execute$0(ThreadUtil.java:64)
at java.base/java.util.concurrent.FutureTask.run(FutureTask.java:328)
at java.base/java.util.concurrent.ThreadPoolExecutor.runWorker(ThreadPoolExecutor.java:1090)
at java.base/java.util.concurrent.ThreadPoolExecutor$Worker.run(ThreadPoolExecutor.java:614)
at java.base/java.lang.Thread.run(Thread.java:1474)
]]>
            </full-stacktrace>
          </exception> <!-- java.lang.AssertionError -->
          <reporter-output>
          </reporter-output>
        </test-method> <!-- testDeleteContactPermanently -->
        <test-method is-config="true" signature="tearDown()[pri:0, instance:testcases.DeleteContactTest@2d1ef81a]" started-at="2026-01-01T16:32:46 IST" name="tearDown" finished-at="2026-01-01T16:32:48 IST" duration-ms="1864" status="PASS">
          <reporter-output>
          </reporter-output>
        </test-method> <!-- tearDown -->
      </class> <!-- testcases.DeleteContactTest -->
      <class name="testcases.RegistrationTest">
        <test-method is-config="true" signature="setup(java.lang.String)[pri:0, instance:testcases.RegistrationTest@40a4337a]" started-at="2026-01-01T16:25:02 IST" name="setup" finished-at="2026-01-01T16:25:08 IST" duration-ms="5917" status="PASS">
          <params>
            <param index="0">
              <value is-null="true"/>
            </param>
          </params>
          <reporter-output>
          </reporter-output>
        </test-method> <!-- setup -->
        <test-method signature="testInvalidRegistrationScenarios(java.lang.String,java.lang.String,java.lang.String,java.lang.String,java.lang.String)[pri:0, instance:testcases.RegistrationTest@40a4337a]" started-at="2026-01-01T16:25:08 IST" name="testInvalidRegistrationScenarios" data-provider="invalidRegistrationData" finished-at="2026-01-01T16:25:12 IST" duration-ms="3793" status="PASS">
          <params>
            <param index="0">
              <value>
                <![CDATA[]]>
              </value>
            </param>
            <param index="1">
              <value>
                <![CDATA[vel]]>
              </value>
            </param>
            <param index="2">
              <value>
                <![CDATA[valid1767264902953@test.com]]>
              </value>
            </param>
            <param index="3">
              <value>
                <![CDATA[Password123!]]>
              </value>
            </param>
            <param index="4">
              <value>
                <![CDATA[firstName` is required]]>
              </value>
            </param>
          </params>
          <reporter-output>
          </reporter-output>
        </test-method> <!-- testInvalidRegistrationScenarios -->
        <test-method is-config="true" signature="tearDown()[pri:0, instance:testcases.RegistrationTest@40a4337a]" started-at="2026-01-01T16:25:12 IST" name="tearDown" finished-at="2026-01-01T16:25:14 IST" duration-ms="1733" status="PASS">
          <reporter-output>
          </reporter-output>
        </test-method> <!-- tearDown -->
        <test-method is-config="true" signature="setup(java.lang.String)[pri:0, instance:testcases.RegistrationTest@40a4337a]" started-at="2026-01-01T16:25:14 IST" name="setup" finished-at="2026-01-01T16:25:34 IST" duration-ms="20375" status="PASS">
          <params>
            <param index="0">
              <value is-null="true"/>
            </param>
          </params>
          <reporter-output>
          </reporter-output>
        </test-method> <!-- setup -->
        <test-method signature="testInvalidRegistrationScenarios(java.lang.String,java.lang.String,java.lang.String,java.lang.String,java.lang.String)[pri:0, instance:testcases.RegistrationTest@40a4337a]" started-at="2026-01-01T16:25:34 IST" name="testInvalidRegistrationScenarios" data-provider="invalidRegistrationData" finished-at="2026-01-01T16:25:40 IST" duration-ms="5238" status="PASS">
          <params>
            <param index="0">
              <value>
                <![CDATA[Kadamba]]>
              </value>
            </param>
            <param index="1">
              <value>
                <![CDATA[]]>
              </value>
            </param>
            <param index="2">
              <value>
                <![CDATA[valid1767264902953@test.com]]>
              </value>
            </param>
            <param index="3">
              <value>
                <![CDATA[Password123!]]>
              </value>
            </param>
            <param index="4">
              <value>
                <![CDATA[lastName` is required]]>
              </value>
            </param>
          </params>
          <reporter-output>
          </reporter-output>
        </test-method> <!-- testInvalidRegistrationScenarios -->
        <test-method is-config="true" signature="tearDown()[pri:0, instance:testcases.RegistrationTest@40a4337a]" started-at="2026-01-01T16:25:40 IST" name="tearDown" finished-at="2026-01-01T16:25:41 IST" duration-ms="657" status="PASS">
          <reporter-output>
          </reporter-output>
        </test-method> <!-- tearDown -->
        <test-method is-config="true" signature="setup(java.lang.String)[pri:0, instance:testcases.RegistrationTest@40a4337a]" started-at="2026-01-01T16:25:41 IST" name="setup" finished-at="2026-01-01T16:25:44 IST" duration-ms="3552" status="PASS">
          <params>
            <param index="0">
              <value is-null="true"/>
            </param>
          </params>
          <reporter-output>
          </reporter-output>
        </test-method> <!-- setup -->
        <test-method signature="testInvalidRegistrationScenarios(java.lang.String,java.lang.String,java.lang.String,java.lang.String,java.lang.String)[pri:0, instance:testcases.RegistrationTest@40a4337a]" started-at="2026-01-01T16:25:44 IST" name="testInvalidRegistrationScenarios" data-provider="invalidRegistrationData" finished-at="2026-01-01T16:25:50 IST" duration-ms="6205" status="PASS">
          <params>
            <param index="0">
              <value>
                <![CDATA[Kadamba]]>
              </value>
            </param>
            <param index="1">
              <value>
                <![CDATA[vel]]>
              </value>
            </param>
            <param index="2">
              <value>
                <![CDATA[]]>
              </value>
            </param>
            <param index="3">
              <value>
                <![CDATA[Password123!]]>
              </value>
            </param>
            <param index="4">
              <value>
                <![CDATA[Email is invalid]]>
              </value>
            </param>
          </params>
          <reporter-output>
          </reporter-output>
        </test-method> <!-- testInvalidRegistrationScenarios -->
        <test-method is-config="true" signature="tearDown()[pri:0, instance:testcases.RegistrationTest@40a4337a]" started-at="2026-01-01T16:25:50 IST" name="tearDown" finished-at="2026-01-01T16:25:51 IST" duration-ms="473" status="PASS">
          <reporter-output>
          </reporter-output>
        </test-method> <!-- tearDown -->
        <test-method is-config="true" signature="setup(java.lang.String)[pri:0, instance:testcases.RegistrationTest@40a4337a]" started-at="2026-01-01T16:25:51 IST" name="setup" finished-at="2026-01-01T16:25:57 IST" duration-ms="5886" status="PASS">
          <params>
            <param index="0">
              <value is-null="true"/>
            </param>
          </params>
          <reporter-output>
          </reporter-output>
        </test-method> <!-- setup -->
        <test-method signature="testInvalidRegistrationScenarios(java.lang.String,java.lang.String,java.lang.String,java.lang.String,java.lang.String)[pri:0, instance:testcases.RegistrationTest@40a4337a]" started-at="2026-01-01T16:25:57 IST" name="testInvalidRegistrationScenarios" data-provider="invalidRegistrationData" finished-at="2026-01-01T16:26:01 IST" duration-ms="4069" status="PASS">
          <params>
            <param index="0">
              <value>
                <![CDATA[Kadamba]]>
              </value>
            </param>
            <param index="1">
              <value>
                <![CDATA[vel]]>
              </value>
            </param>
            <param index="2">
              <value>
                <![CDATA[valid1767264902953@test.com]]>
              </value>
            </param>
            <param index="3">
              <value>
                <![CDATA[]]>
              </value>
            </param>
            <param index="4">
              <value>
                <![CDATA[password` is required]]>
              </value>
            </param>
          </params>
          <reporter-output>
          </reporter-output>
        </test-method> <!-- testInvalidRegistrationScenarios -->
        <test-method is-config="true" signature="tearDown()[pri:0, instance:testcases.RegistrationTest@40a4337a]" started-at="2026-01-01T16:26:01 IST" name="tearDown" finished-at="2026-01-01T16:26:02 IST" duration-ms="982" status="PASS">
          <reporter-output>
          </reporter-output>
        </test-method> <!-- tearDown -->
        <test-method is-config="true" signature="setup(java.lang.String)[pri:0, instance:testcases.RegistrationTest@40a4337a]" started-at="2026-01-01T16:26:02 IST" name="setup" finished-at="2026-01-01T16:26:08 IST" duration-ms="6515" status="PASS">
          <params>
            <param index="0">
              <value is-null="true"/>
            </param>
          </params>
          <reporter-output>
          </reporter-output>
        </test-method> <!-- setup -->
        <test-method signature="testInvalidRegistrationScenarios(java.lang.String,java.lang.String,java.lang.String,java.lang.String,java.lang.String)[pri:0, instance:testcases.RegistrationTest@40a4337a]" started-at="2026-01-01T16:26:08 IST" name="testInvalidRegistrationScenarios" data-provider="invalidRegistrationData" finished-at="2026-01-01T16:26:14 IST" duration-ms="5092" status="PASS">
          <params>
            <param index="0">
              <value>
                <![CDATA[Kadamba]]>
              </value>
            </param>
            <param index="1">
              <value>
                <![CDATA[vel]]>
              </value>
            </param>
            <param index="2">
              <value>
                <![CDATA[valid1767264902953@test.com]]>
              </value>
            </param>
            <param index="3">
              <value>
                <![CDATA[123]]>
              </value>
            </param>
            <param index="4">
              <value>
                <![CDATA[is shorter than the minimum allowed length (7)]]>
              </value>
            </param>
          </params>
          <reporter-output>
          </reporter-output>
        </test-method> <!-- testInvalidRegistrationScenarios -->
        <test-method is-config="true" signature="tearDown()[pri:0, instance:testcases.RegistrationTest@40a4337a]" started-at="2026-01-01T16:26:14 IST" name="tearDown" finished-at="2026-01-01T16:26:14 IST" duration-ms="512" status="PASS">
          <reporter-output>
          </reporter-output>
        </test-method> <!-- tearDown -->
        <test-method is-config="true" signature="setup(java.lang.String)[pri:0, instance:testcases.RegistrationTest@40a4337a]" started-at="2026-01-01T16:26:14 IST" name="setup" finished-at="2026-01-01T16:26:19 IST" duration-ms="4887" status="PASS">
          <params>
            <param index="0">
              <value is-null="true"/>
            </param>
          </params>
          <reporter-output>
          </reporter-output>
        </test-method> <!-- setup -->
        <test-method signature="testInvalidRegistrationScenarios(java.lang.String,java.lang.String,java.lang.String,java.lang.String,java.lang.String)[pri:0, instance:testcases.RegistrationTest@40a4337a]" started-at="2026-01-01T16:26:19 IST" name="testInvalidRegistrationScenarios" data-provider="invalidRegistrationData" finished-at="2026-01-01T16:26:23 IST" duration-ms="3871" status="PASS">
          <params>
            <param index="0">
              <value>
                <![CDATA[Kadamba]]>
              </value>
            </param>
            <param index="1">
              <value>
                <![CDATA[vel]]>
              </value>
            </param>
            <param index="2">
              <value>
                <![CDATA[valid1767264902953@valid]]>
              </value>
            </param>
            <param index="3">
              <value>
                <![CDATA[Password123$]]>
              </value>
            </param>
            <param index="4">
              <value>
                <![CDATA[Email is invalid]]>
              </value>
            </param>
          </params>
          <reporter-output>
          </reporter-output>
        </test-method> <!-- testInvalidRegistrationScenarios -->
        <test-method is-config="true" signature="tearDown()[pri:0, instance:testcases.RegistrationTest@40a4337a]" started-at="2026-01-01T16:26:23 IST" name="tearDown" finished-at="2026-01-01T16:26:24 IST" duration-ms="646" status="PASS">
          <reporter-output>
          </reporter-output>
        </test-method> <!-- tearDown -->
        <test-method is-config="true" signature="setup(java.lang.String)[pri:0, instance:testcases.RegistrationTest@40a4337a]" started-at="2026-01-01T16:26:45 IST" name="setup" finished-at="2026-01-01T16:26:51 IST" duration-ms="6582" status="PASS">
          <params>
            <param index="0">
              <value is-null="true"/>
            </param>
          </params>
          <reporter-output>
          </reporter-output>
        </test-method> <!-- setup -->
        <test-method signature="testRegistrationWithExistingEmail()[pri:0, instance:testcases.RegistrationTest@40a4337a]" started-at="2026-01-01T16:26:51 IST" name="testRegistrationWithExistingEmail" finished-at="2026-01-01T16:27:02 IST" duration-ms="10909" status="PASS">
          <reporter-output>
          </reporter-output>
        </test-method> <!-- testRegistrationWithExistingEmail -->
        <test-method is-config="true" signature="tearDown()[pri:0, instance:testcases.RegistrationTest@40a4337a]" started-at="2026-01-01T16:27:02 IST" name="tearDown" finished-at="2026-01-01T16:27:03 IST" duration-ms="593" status="PASS">
          <reporter-output>
          </reporter-output>
        </test-method> <!-- tearDown -->
        <test-method is-config="true" signature="setup(java.lang.String)[pri:0, instance:testcases.RegistrationTest@40a4337a]" started-at="2026-01-01T16:27:12 IST" name="setup" finished-at="2026-01-01T16:27:19 IST" duration-ms="6734" status="PASS">
          <params>
            <param index="0">
              <value is-null="true"/>
            </param>
          </params>
          <reporter-output>
          </reporter-output>
        </test-method> <!-- setup -->
        <test-method signature="testValidSignup()[pri:0, instance:testcases.RegistrationTest@40a4337a]" started-at="2026-01-01T16:27:19 IST" name="testValidSignup" finished-at="2026-01-01T16:27:25 IST" duration-ms="5948" status="PASS">
          <reporter-output>
          </reporter-output>
        </test-method> <!-- testValidSignup -->
        <test-method is-config="true" signature="tearDown()[pri:0, instance:testcases.RegistrationTest@40a4337a]" started-at="2026-01-01T16:27:25 IST" name="tearDown" finished-at="2026-01-01T16:27:25 IST" duration-ms="569" status="PASS">
          <reporter-output>
          </reporter-output>
        </test-method> <!-- tearDown -->
      </class> <!-- testcases.RegistrationTest -->
    </test> <!-- Regression -->
    <test started-at="2026-01-01T16:24:41 IST" name="Chrome Test" finished-at="2026-01-01T16:34:17 IST" duration-ms="575531">
      <class name="testcases.UITest">
        <test-method is-config="true" signature="setup(java.lang.String)[pri:0, instance:testcases.UITest@7c7b252e]" started-at="2026-01-01T16:29:23 IST" name="setup" finished-at="2026-01-01T16:29:30 IST" duration-ms="6289" status="PASS">
          <params>
            <param index="0">
              <value>
                <![CDATA[chrome]]>
              </value>
            </param>
          </params>
          <reporter-output>
          </reporter-output>
        </test-method> <!-- setup -->
        <test-method is-config="true" signature="setup()[pri:0, instance:testcases.UITest@7c7b252e]" started-at="2026-01-01T16:29:30 IST" name="setup" finished-at="2026-01-01T16:29:32 IST" duration-ms="2577" status="PASS">
          <reporter-output>
          </reporter-output>
        </test-method> <!-- setup -->
        <test-method signature="testContactFormAlignment()[pri:1, instance:testcases.UITest@7c7b252e]" started-at="2026-01-01T16:29:32 IST" name="testContactFormAlignment" finished-at="2026-01-01T16:29:35 IST" duration-ms="3150" status="FAIL">
          <exception class="java.lang.AssertionError">
            <message>
              <![CDATA[Right Column Alignment Failed (Phone vs LastName) expected [451] but found [361]]]>
            </message>
            <full-stacktrace>
              <![CDATA[java.lang.AssertionError: Right Column Alignment Failed (Phone vs LastName) expected [451] but found [361]
at org.testng.Assert.fail(Assert.java:111)
at org.testng.Assert.failNotEquals(Assert.java:1590)
at org.testng.Assert.assertEqualsImpl(Assert.java:150)
at org.testng.Assert.assertEquals(Assert.java:132)
at org.testng.Assert.assertEquals(Assert.java:1431)
at org.testng.Assert.assertEquals(Assert.java:1395)
at testcases.UITest.testContactFormAlignment(UITest.java:81)
at java.base/jdk.internal.reflect.DirectMethodHandleAccessor.invoke(DirectMethodHandleAccessor.java:104)
at java.base/java.lang.reflect.Method.invoke(Method.java:565)
at org.testng.internal.invokers.MethodInvocationHelper.invokeMethod(MethodInvocationHelper.java:141)
at org.testng.internal.invokers.TestInvoker.invokeMethod(TestInvoker.java:687)
at org.testng.internal.invokers.TestInvoker.invokeTestMethod(TestInvoker.java:230)
at org.testng.internal.invokers.MethodRunner.runInSequence(MethodRunner.java:63)
at org.testng.internal.invokers.TestInvoker$MethodInvocationAgent.invoke(TestInvoker.java:995)
at org.testng.internal.invokers.TestInvoker.invokeTestMethods(TestInvoker.java:203)
at org.testng.internal.invokers.TestMethodWorker.invokeTestMethods(TestMethodWorker.java:154)
at org.testng.internal.invokers.TestMethodWorker.run(TestMethodWorker.java:134)
at java.base/java.util.ArrayList.forEach(ArrayList.java:1604)
at org.testng.TestRunner.privateRun(TestRunner.java:741)
at org.testng.TestRunner.run(TestRunner.java:616)
at org.testng.SuiteRunner.runTest(SuiteRunner.java:421)
at org.testng.SuiteRunner$SuiteWorker.run(SuiteRunner.java:463)
at org.testng.internal.thread.ThreadUtil.lambda$execute$0(ThreadUtil.java:64)
at java.base/java.util.concurrent.FutureTask.run(FutureTask.java:328)
at java.base/java.util.concurrent.ThreadPoolExecutor.runWorker(ThreadPoolExecutor.java:1090)
at java.base/java.util.concurrent.ThreadPoolExecutor$Worker.run(ThreadPoolExecutor.java:614)
at java.base/java.lang.Thread.run(Thread.java:1474)
]]>
            </full-stacktrace>
          </exception> <!-- java.lang.AssertionError -->
          <reporter-output>
          </reporter-output>
        </test-method> <!-- testContactFormAlignment -->
        <test-method is-config="true" signature="tearDown()[pri:0, instance:testcases.UITest@7c7b252e]" started-at="2026-01-01T16:29:36 IST" name="tearDown" finished-at="2026-01-01T16:29:38 IST" duration-ms="2232" status="PASS">
          <reporter-output>
          </reporter-output>
        </test-method> <!-- tearDown -->
        <test-method is-config="true" signature="setup(java.lang.String)[pri:0, instance:testcases.UITest@7c7b252e]" started-at="2026-01-01T16:30:35 IST" name="setup" finished-at="2026-01-01T16:30:40 IST" duration-ms="4843" status="PASS">
          <params>
            <param index="0">
              <value>
                <![CDATA[chrome]]>
              </value>
            </param>
          </params>
          <reporter-output>
          </reporter-output>
        </test-method> <!-- setup -->
        <test-method is-config="true" signature="setup()[pri:0, instance:testcases.UITest@7c7b252e]" started-at="2026-01-01T16:30:40 IST" name="setup" finished-at="2026-01-01T16:30:42 IST" duration-ms="1893" status="PASS">
          <reporter-output>
          </reporter-output>
        </test-method> <!-- setup -->
        <test-method signature="testActionSuccessIndicator()[pri:2, instance:testcases.UITest@7c7b252e]" started-at="2026-01-01T16:30:42 IST" name="testActionSuccessIndicator" finished-at="2026-01-01T16:30:50 IST" duration-ms="8311" status="PASS">
          <reporter-output>
          </reporter-output>
        </test-method> <!-- testActionSuccessIndicator -->
        <test-method is-config="true" signature="tearDown()[pri:0, instance:testcases.UITest@7c7b252e]" started-at="2026-01-01T16:30:50 IST" name="tearDown" finished-at="2026-01-01T16:30:51 IST" duration-ms="832" status="PASS">
          <reporter-output>
          </reporter-output>
        </test-method> <!-- tearDown -->
      </class> <!-- testcases.UITest -->
      <class name="testcases.AddContactTest">
        <test-method is-config="true" signature="setup(java.lang.String)[pri:0, instance:testcases.AddContactTest@130d63be]" started-at="2026-01-01T16:29:07 IST" name="setup" finished-at="2026-01-01T16:29:12 IST" duration-ms="4564" status="PASS">
          <params>
            <param index="0">
              <value>
                <![CDATA[chrome]]>
              </value>
            </param>
          </params>
          <reporter-output>
          </reporter-output>
        </test-method> <!-- setup -->
        <test-method is-config="true" signature="setupAndLogin()[pri:0, instance:testcases.AddContactTest@130d63be]" started-at="2026-01-01T16:29:12 IST" name="setupAndLogin" finished-at="2026-01-01T16:29:13 IST" duration-ms="895" status="PASS">
          <reporter-output>
          </reporter-output>
        </test-method> <!-- setupAndLogin -->
        <test-method signature="testAddValidContact()[pri:1, instance:testcases.AddContactTest@130d63be]" started-at="2026-01-01T16:29:13 IST" name="testAddValidContact" finished-at="2026-01-01T16:29:21 IST" duration-ms="8892" status="PASS">
          <reporter-output>
          </reporter-output>
        </test-method> <!-- testAddValidContact -->
        <test-method is-config="true" signature="tearDown()[pri:0, instance:testcases.AddContactTest@130d63be]" started-at="2026-01-01T16:29:22 IST" name="tearDown" finished-at="2026-01-01T16:29:23 IST" duration-ms="1789" status="PASS">
          <reporter-output>
          </reporter-output>
        </test-method> <!-- tearDown -->
        <test-method is-config="true" signature="setup(java.lang.String)[pri:0, instance:testcases.AddContactTest@130d63be]" started-at="2026-01-01T16:30:51 IST" name="setup" finished-at="2026-01-01T16:31:06 IST" duration-ms="14789" status="PASS">
          <params>
            <param index="0">
              <value>
                <![CDATA[chrome]]>
              </value>
            </param>
          </params>
          <reporter-output>
          </reporter-output>
        </test-method> <!-- setup -->
        <test-method is-config="true" signature="setupAndLogin()[pri:0, instance:testcases.AddContactTest@130d63be]" started-at="2026-01-01T16:31:06 IST" name="setupAndLogin" finished-at="2026-01-01T16:31:07 IST" duration-ms="946" status="PASS">
          <reporter-output>
          </reporter-output>
        </test-method> <!-- setupAndLogin -->
        <test-method signature="testAddContactMissingRequiredFields()[pri:2, instance:testcases.AddContactTest@130d63be]" started-at="2026-01-01T16:31:07 IST" name="testAddContactMissingRequiredFields" finished-at="2026-01-01T16:31:21 IST" duration-ms="14574" status="PASS">
          <reporter-output>
          </reporter-output>
        </test-method> <!-- testAddContactMissingRequiredFields -->
        <test-method is-config="true" signature="tearDown()[pri:0, instance:testcases.AddContactTest@130d63be]" started-at="2026-01-01T16:31:21 IST" name="tearDown" finished-at="2026-01-01T16:31:22 IST" duration-ms="643" status="PASS">
          <reporter-output>
          </reporter-output>
        </test-method> <!-- tearDown -->
        <test-method is-config="true" signature="setup(java.lang.String)[pri:0, instance:testcases.AddContactTest@130d63be]" started-at="2026-01-01T16:32:52 IST" name="setup" finished-at="2026-01-01T16:32:58 IST" duration-ms="6234" status="PASS">
          <params>
            <param index="0">
              <value>
                <![CDATA[chrome]]>
              </value>
            </param>
          </params>
          <reporter-output>
          </reporter-output>
        </test-method> <!-- setup -->
        <test-method is-config="true" signature="setupAndLogin()[pri:0, instance:testcases.AddContactTest@130d63be]" started-at="2026-01-01T16:32:58 IST" name="setupAndLogin" finished-at="2026-01-01T16:33:00 IST" duration-ms="1848" status="PASS">
          <reporter-output>
          </reporter-output>
        </test-method> <!-- setupAndLogin -->
        <test-method signature="testInvalidPhoneInput()[pri:3, instance:testcases.AddContactTest@130d63be]" started-at="2026-01-01T16:33:00 IST" name="testInvalidPhoneInput" finished-at="2026-01-01T16:33:06 IST" duration-ms="6739" status="PASS">
          <reporter-output>
          </reporter-output>
        </test-method> <!-- testInvalidPhoneInput -->
        <test-method is-config="true" signature="tearDown()[pri:0, instance:testcases.AddContactTest@130d63be]" started-at="2026-01-01T16:33:06 IST" name="tearDown" finished-at="2026-01-01T16:33:08 IST" duration-ms="2001" status="PASS">
          <reporter-output>
          </reporter-output>
        </test-method> <!-- tearDown -->
        <test-method is-config="true" signature="setup(java.lang.String)[pri:0, instance:testcases.AddContactTest@130d63be]" started-at="2026-01-01T16:33:08 IST" name="setup" finished-at="2026-01-01T16:33:15 IST" duration-ms="6219" status="PASS">
          <params>
            <param index="0">
              <value>
                <![CDATA[chrome]]>
              </value>
            </param>
          </params>
          <reporter-output>
          </reporter-output>
        </test-method> <!-- setup -->
        <test-method is-config="true" signature="setupAndLogin()[pri:0, instance:testcases.AddContactTest@130d63be]" started-at="2026-01-01T16:33:15 IST" name="setupAndLogin" finished-at="2026-01-01T16:33:16 IST" duration-ms="952" status="PASS">
          <reporter-output>
          </reporter-output>
        </test-method> <!-- setupAndLogin -->
        <test-method signature="testDuplicateContactBehavior()[pri:4, instance:testcases.AddContactTest@130d63be]" started-at="2026-01-01T16:33:16 IST" name="testDuplicateContactBehavior" finished-at="2026-01-01T16:33:24 IST" duration-ms="8211" status="PASS">
          <reporter-output>
          </reporter-output>
        </test-method> <!-- testDuplicateContactBehavior -->
        <test-method is-config="true" signature="tearDown()[pri:0, instance:testcases.AddContactTest@130d63be]" started-at="2026-01-01T16:33:24 IST" name="tearDown" finished-at="2026-01-01T16:33:25 IST" duration-ms="516" status="PASS">
          <reporter-output>
          </reporter-output>
        </test-method> <!-- tearDown -->
        <test-method is-config="true" signature="setup(java.lang.String)[pri:0, instance:testcases.AddContactTest@130d63be]" started-at="2026-01-01T16:34:00 IST" name="setup" finished-at="2026-01-01T16:34:09 IST" duration-ms="8520" status="PASS">
          <params>
            <param index="0">
              <value>
                <![CDATA[chrome]]>
              </value>
            </param>
          </params>
          <reporter-output>
          </reporter-output>
        </test-method> <!-- setup -->
        <test-method is-config="true" signature="setupAndLogin()[pri:0, instance:testcases.AddContactTest@130d63be]" started-at="2026-01-01T16:34:09 IST" name="setupAndLogin" finished-at="2026-01-01T16:34:10 IST" duration-ms="1133" status="PASS">
          <reporter-output>
          </reporter-output>
        </test-method> <!-- setupAndLogin -->
        <test-method signature="testFormResetAfterAddition()[pri:5, instance:testcases.AddContactTest@130d63be]" started-at="2026-01-01T16:34:10 IST" name="testFormResetAfterAddition" finished-at="2026-01-01T16:34:16 IST" duration-ms="6113" status="PASS">
          <reporter-output>
          </reporter-output>
        </test-method> <!-- testFormResetAfterAddition -->
        <test-method is-config="true" signature="tearDown()[pri:0, instance:testcases.AddContactTest@130d63be]" started-at="2026-01-01T16:34:16 IST" name="tearDown" finished-at="2026-01-01T16:34:17 IST" duration-ms="635" status="PASS">
          <reporter-output>
          </reporter-output>
        </test-method> <!-- tearDown -->
      </class> <!-- testcases.AddContactTest -->
      <class name="testcases.EditContactTest">
        <test-method is-config="true" signature="setup(java.lang.String)[pri:0, instance:testcases.EditContactTest@459e9125]" started-at="2026-01-01T16:29:38 IST" name="setup" finished-at="2026-01-01T16:29:42 IST" duration-ms="3995" status="PASS">
          <params>
            <param index="0">
              <value>
                <![CDATA[chrome]]>
              </value>
            </param>
          </params>
          <reporter-output>
          </reporter-output>
        </test-method> <!-- setup -->
        <test-method is-config="true" signature="setup()[pri:0, instance:testcases.EditContactTest@459e9125]" started-at="2026-01-01T16:29:42 IST" name="setup" finished-at="2026-01-01T16:29:44 IST" duration-ms="1813" status="PASS">
          <reporter-output>
          </reporter-output>
        </test-method> <!-- setup -->
        <test-method signature="testEditContactSuccessfully()[pri:1, instance:testcases.EditContactTest@459e9125]" started-at="2026-01-01T16:29:44 IST" name="testEditContactSuccessfully" finished-at="2026-01-01T16:30:01 IST" duration-ms="17321" status="FAIL">
          <exception class="org.openqa.selenium.TimeoutException">
            <message>
              <![CDATA[Expected condition failed: waiting for text ('update1767265188615@test.com') to be present in element [[ChromeDriver: chrome on windows (9523b789ec5c79afe7a13f71c92b2c54)] -> id: email] (tried for 10 second(s) with 500 milliseconds interval)
Build info: version: '4.39.0', revision: '126f156aee'
System info: os.name: 'Windows 11', os.arch: 'amd64', os.version: '10.0', java.version: '25'
Driver info: org.openqa.selenium.chrome.ChromeDriver
Capabilities {acceptInsecureCerts: false, browserName: chrome, browserVersion: 143.0.7499.170, chrome: {chromedriverVersion: 143.0.7499.169 (164b20aab62..., userDataDir: C:\Users\KARTHI~1\AppData\L...}, fedcm:accounts: true, goog:chromeOptions: {debuggerAddress: localhost:61611}, goog:processID: 28332, networkConnectionEnabled: false, pageLoadStrategy: normal, platformName: windows, proxy: Proxy(), se:cdp: ws://localhost:61611/devtoo..., se:cdpVersion: 143.0.7499.170, setWindowRect: true, strictFileInteractability: false, timeouts: {implicit: 0, pageLoad: 300000, script: 30000}, unhandledPromptBehavior: dismiss and notify, webauthn:extension:credBlob: true, webauthn:extension:largeBlob: true, webauthn:extension:minPinLength: true, webauthn:extension:prf: true, webauthn:virtualAuthenticators: true}
Session ID: 9523b789ec5c79afe7a13f71c92b2c54]]>
            </message>
            <full-stacktrace>
              <![CDATA[org.openqa.selenium.TimeoutException: Expected condition failed: waiting for text ('update1767265188615@test.com') to be present in element [[ChromeDriver: chrome on windows (9523b789ec5c79afe7a13f71c92b2c54)] -> id: email] (tried for 10 second(s) with 500 milliseconds interval)
Build info: version: '4.39.0', revision: '126f156aee'
System info: os.name: 'Windows 11', os.arch: 'amd64', os.version: '10.0', java.version: '25'
Driver info: org.openqa.selenium.chrome.ChromeDriver
Capabilities {acceptInsecureCerts: false, browserName: chrome, browserVersion: 143.0.7499.170, chrome: {chromedriverVersion: 143.0.7499.169 (164b20aab62..., userDataDir: C:\Users\KARTHI~1\AppData\L...}, fedcm:accounts: true, goog:chromeOptions: {debuggerAddress: localhost:61611}, goog:processID: 28332, networkConnectionEnabled: false, pageLoadStrategy: normal, platformName: windows, proxy: Proxy(), se:cdp: ws://localhost:61611/devtoo..., se:cdpVersion: 143.0.7499.170, setWindowRect: true, strictFileInteractability: false, timeouts: {implicit: 0, pageLoad: 300000, script: 30000}, unhandledPromptBehavior: dismiss and notify, webauthn:extension:credBlob: true, webauthn:extension:largeBlob: true, webauthn:extension:minPinLength: true, webauthn:extension:prf: true, webauthn:virtualAuthenticators: true}
Session ID: 9523b789ec5c79afe7a13f71c92b2c54
at org.openqa.selenium.support.ui.WebDriverWait.timeoutException(WebDriverWait.java:84)
at org.openqa.selenium.support.ui.FluentWait.until(FluentWait.java:228)
at pageclass.ContactDetailsPage.waitForUpdatedEmail(ContactDetailsPage.java:45)
at testcases.EditContactTest.testEditContactSuccessfully(EditContactTest.java:61)
at java.base/jdk.internal.reflect.DirectMethodHandleAccessor.invoke(DirectMethodHandleAccessor.java:104)
at java.base/java.lang.reflect.Method.invoke(Method.java:565)
at org.testng.internal.invokers.MethodInvocationHelper.invokeMethod(MethodInvocationHelper.java:141)
at org.testng.internal.invokers.TestInvoker.invokeMethod(TestInvoker.java:687)
at org.testng.internal.invokers.TestInvoker.invokeTestMethod(TestInvoker.java:230)
at org.testng.internal.invokers.MethodRunner.runInSequence(MethodRunner.java:63)
at org.testng.internal.invokers.TestInvoker$MethodInvocationAgent.invoke(TestInvoker.java:995)
at org.testng.internal.invokers.TestInvoker.invokeTestMethods(TestInvoker.java:203)
at org.testng.internal.invokers.TestMethodWorker.invokeTestMethods(TestMethodWorker.java:154)
at org.testng.internal.invokers.TestMethodWorker.run(TestMethodWorker.java:134)
at java.base/java.util.ArrayList.forEach(ArrayList.java:1604)
at org.testng.TestRunner.privateRun(TestRunner.java:741)
at org.testng.TestRunner.run(TestRunner.java:616)
at org.testng.SuiteRunner.runTest(SuiteRunner.java:421)
at org.testng.SuiteRunner$SuiteWorker.run(SuiteRunner.java:463)
at org.testng.internal.thread.ThreadUtil.lambda$execute$0(ThreadUtil.java:64)
at java.base/java.util.concurrent.FutureTask.run(FutureTask.java:328)
at java.base/java.util.concurrent.ThreadPoolExecutor.runWorker(ThreadPoolExecutor.java:1090)
at java.base/java.util.concurrent.ThreadPoolExecutor$Worker.run(ThreadPoolExecutor.java:614)
at java.base/java.lang.Thread.run(Thread.java:1474)
]]>
            </full-stacktrace>
          </exception> <!-- org.openqa.selenium.TimeoutException -->
          <reporter-output>
          </reporter-output>
        </test-method> <!-- testEditContactSuccessfully -->
[...]
      </class> <!-- testcases.LoginTest -->
      <class name="testcases.DeleteContactTest">
        <test-method is-config="true" signature="setup(java.lang.String)[pri:0, instance:testcases.DeleteContactTest@128d2484]" started-at="2026-01-01T16:30:18 IST" name="setup" finished-at="2026-01-01T16:30:24 IST" duration-ms="5484" status="PASS">
          <params>
            <param index="0">
              <value>
                <![CDATA[chrome]]>
              </value>
            </param>
          </params>
          <reporter-output>
          </reporter-output>
        </test-method> <!-- setup -->
        <test-method is-config="true" signature="setup()[pri:0, instance:testcases.DeleteContactTest@128d2484]" started-at="2026-01-01T16:30:24 IST" name="setup" finished-at="2026-01-01T16:30:28 IST" duration-ms="4782" status="PASS">
          <reporter-output>
          </reporter-output>
        </test-method> <!-- setup -->
        <test-method signature="testSelectSpecificContact()[pri:1, instance:testcases.DeleteContactTest@128d2484]" started-at="2026-01-01T16:30:28 IST" name="testSelectSpecificContact" finished-at="2026-01-01T16:30:33 IST" duration-ms="4485" status="PASS">
          <reporter-output>
          </reporter-output>
        </test-method> <!-- testSelectSpecificContact -->
        <test-method is-config="true" signature="tearDown()[pri:0, instance:testcases.DeleteContactTest@128d2484]" started-at="2026-01-01T16:30:33 IST" name="tearDown" finished-at="2026-01-01T16:30:35 IST" duration-ms="1869" status="PASS">
          <reporter-output>
          </reporter-output>
        </test-method> <!-- tearDown -->
        <test-method is-config="true" signature="setup(java.lang.String)[pri:0, instance:testcases.DeleteContactTest@128d2484]" started-at="2026-01-01T16:31:38 IST" name="setup" finished-at="2026-01-01T16:31:42 IST" duration-ms="4375" status="PASS">
          <params>
            <param index="0">
              <value>
                <![CDATA[chrome]]>
              </value>
            </param>
          </params>
          <reporter-output>
          </reporter-output>
        </test-method> <!-- setup -->
        <test-method is-config="true" signature="setup()[pri:0, instance:testcases.DeleteContactTest@128d2484]" started-at="2026-01-01T16:31:42 IST" name="setup" finished-at="2026-01-01T16:32:00 IST" duration-ms="18088" status="PASS">
          <reporter-output>
          </reporter-output>
        </test-method> <!-- setup -->
        <test-method signature="testDeleteContactAlert()[pri:2, instance:testcases.DeleteContactTest@128d2484]" started-at="2026-01-01T16:32:00 IST" name="testDeleteContactAlert" finished-at="2026-01-01T16:32:01 IST" duration-ms="1005" status="PASS">
          <reporter-output>
          </reporter-output>
        </test-method> <!-- testDeleteContactAlert -->
        <test-method is-config="true" signature="tearDown()[pri:0, instance:testcases.DeleteContactTest@128d2484]" started-at="2026-01-01T16:32:01 IST" name="tearDown" finished-at="2026-01-01T16:32:02 IST" duration-ms="907" status="PASS">
          <reporter-output>
          </reporter-output>
        </test-method> <!-- tearDown -->
        <test-method is-config="true" signature="setup(java.lang.String)[pri:0, instance:testcases.DeleteContactTest@128d2484]" started-at="2026-01-01T16:33:25 IST" name="setup" finished-at="2026-01-01T16:33:32 IST" duration-ms="7004" status="PASS">
          <params>
            <param index="0">
              <value>
                <![CDATA[chrome]]>
              </value>
            </param>
          </params>
          <reporter-output>
          </reporter-output>
        </test-method> <!-- setup -->
        <test-method is-config="true" signature="setup()[pri:0, instance:testcases.DeleteContactTest@128d2484]" started-at="2026-01-01T16:33:32 IST" name="setup" finished-at="2026-01-01T16:33:34 IST" duration-ms="2068" status="PASS">
          <reporter-output>
          </reporter-output>
        </test-method> <!-- setup -->
        <test-method signature="testDeleteContactPermanently()[pri:5, instance:testcases.DeleteContactTest@128d2484]" started-at="2026-01-01T16:33:34 IST" name="testDeleteContactPermanently" finished-at="2026-01-01T16:33:59 IST" duration-ms="25818" status="PASS">
          <reporter-output>
          </reporter-output>
        </test-method> <!-- testDeleteContactPermanently -->
        <test-method is-config="true" signature="tearDown()[pri:0, instance:testcases.DeleteContactTest@128d2484]" started-at="2026-01-01T16:34:00 IST" name="tearDown" finished-at="2026-01-01T16:34:00 IST" duration-ms="544" status="PASS">
          <reporter-output>
          </reporter-output>
        </test-method> <!-- tearDown -->
      </class> <!-- testcases.DeleteContactTest -->
      <class name="testcases.RegistrationTest">
        <test-method is-config="true" signature="setup(java.lang.String)[pri:0, instance:testcases.RegistrationTest@7d8995e]" started-at="2026-01-01T16:25:19 IST" name="setup" finished-at="2026-01-01T16:25:24 IST" duration-ms="4590" status="PASS">
          <params>
            <param index="0">
              <value>
                <![CDATA[chrome]]>
              </value>
            </param>
          </params>
          <reporter-output>
          </reporter-output>
        </test-method> <!-- setup -->
        <test-method signature="testInvalidRegistrationScenarios(java.lang.String,java.lang.String,java.lang.String,java.lang.String,java.lang.String)[pri:0, instance:testcases.RegistrationTest@7d8995e]" started-at="2026-01-01T16:25:24 IST" name="testInvalidRegistrationScenarios" data-provider="invalidRegistrationData" finished-at="2026-01-01T16:25:27 IST" duration-ms="3213" status="PASS">
          <params>
            <param index="0">
              <value>
                <![CDATA[]]>
              </value>
            </param>
            <param index="1">
              <value>
                <![CDATA[vel]]>
              </value>
            </param>
            <param index="2">
              <value>
                <![CDATA[valid1767264919415@test.com]]>
              </value>
            </param>
            <param index="3">
              <value>
                <![CDATA[Password123!]]>
              </value>
            </param>
            <param index="4">
              <value>
                <![CDATA[firstName` is required]]>
              </value>
            </param>
          </params>
          <reporter-output>
          </reporter-output>
        </test-method> <!-- testInvalidRegistrationScenarios -->
        <test-method is-config="true" signature="tearDown()[pri:0, instance:testcases.RegistrationTest@7d8995e]" started-at="2026-01-01T16:25:27 IST" name="tearDown" finished-at="2026-01-01T16:25:27 IST" duration-ms="525" status="PASS">
          <reporter-output>
          </reporter-output>
        </test-method> <!-- tearDown -->
        <test-method is-config="true" signature="setup(java.lang.String)[pri:0, instance:testcases.RegistrationTest@7d8995e]" started-at="2026-01-01T16:25:27 IST" name="setup" finished-at="2026-01-01T16:25:32 IST" duration-ms="4967" status="PASS">
          <params>
            <param index="0">
              <value>
                <![CDATA[chrome]]>
              </value>
            </param>
          </params>
          <reporter-output>
          </reporter-output>
        </test-method> <!-- setup -->
        <test-method signature="testInvalidRegistrationScenarios(java.lang.String,java.lang.String,java.lang.String,java.lang.String,java.lang.String)[pri:0, instance:testcases.RegistrationTest@7d8995e]" started-at="2026-01-01T16:25:32 IST" name="testInvalidRegistrationScenarios" data-provider="invalidRegistrationData" finished-at="2026-01-01T16:25:35 IST" duration-ms="2567" status="PASS">
          <params>
            <param index="0">
              <value>
                <![CDATA[Kadamba]]>
              </value>
            </param>
            <param index="1">
              <value>
                <![CDATA[]]>
              </value>
            </param>
            <param index="2">
              <value>
                <![CDATA[valid1767264919415@test.com]]>
              </value>
            </param>
            <param index="3">
              <value>
                <![CDATA[Password123!]]>
              </value>
            </param>
            <param index="4">
              <value>
                <![CDATA[lastName` is required]]>
              </value>
            </param>
          </params>
          <reporter-output>
          </reporter-output>
        </test-method> <!-- testInvalidRegistrationScenarios -->
        <test-method is-config="true" signature="tearDown()[pri:0, instance:testcases.RegistrationTest@7d8995e]" started-at="2026-01-01T16:25:35 IST" name="tearDown" finished-at="2026-01-01T16:25:36 IST" duration-ms="781" status="PASS">
          <reporter-output>
          </reporter-output>
        </test-method> <!-- tearDown -->
        <test-method is-config="true" signature="setup(java.lang.String)[pri:0, instance:testcases.RegistrationTest@7d8995e]" started-at="2026-01-01T16:25:36 IST" name="setup" finished-at="2026-01-01T16:25:42 IST" duration-ms="6627" status="PASS">
          <params>
            <param index="0">
              <value>
                <![CDATA[chrome]]>
              </value>
            </param>
          </params>
          <reporter-output>
          </reporter-output>
        </test-method> <!-- setup -->
        <test-method signature="testInvalidRegistrationScenarios(java.lang.String,java.lang.String,java.lang.String,java.lang.String,java.lang.String)[pri:0, instance:testcases.RegistrationTest@7d8995e]" started-at="2026-01-01T16:25:42 IST" name="testInvalidRegistrationScenarios" data-provider="invalidRegistrationData" finished-at="2026-01-01T16:25:46 IST" duration-ms="3264" status="PASS">
          <params>
            <param index="0">
              <value>
                <![CDATA[Kadamba]]>
              </value>
            </param>
            <param index="1">
              <value>
                <![CDATA[vel]]>
              </value>
            </param>
            <param index="2">
              <value>
                <![CDATA[]]>
              </value>
            </param>
            <param index="3">
              <value>
                <![CDATA[Password123!]]>
              </value>
            </param>
            <param index="4">
              <value>
                <![CDATA[Email is invalid]]>
              </value>
            </param>
          </params>
          <reporter-output>
          </reporter-output>
        </test-method> <!-- testInvalidRegistrationScenarios -->
        <test-method is-config="true" signature="tearDown()[pri:0, instance:testcases.RegistrationTest@7d8995e]" started-at="2026-01-01T16:25:46 IST" name="tearDown" finished-at="2026-01-01T16:25:46 IST" duration-ms="407" status="PASS">
          <reporter-output>
          </reporter-output>
        </test-method> <!-- tearDown -->
        <test-method is-config="true" signature="setup(java.lang.String)[pri:0, instance:testcases.RegistrationTest@7d8995e]" started-at="2026-01-01T16:25:46 IST" name="setup" finished-at="2026-01-01T16:25:51 IST" duration-ms="4706" status="PASS">
          <params>
            <param index="0">
              <value>
                <![CDATA[chrome]]>
              </value>
            </param>
          </params>
          <reporter-output>
          </reporter-output>
        </test-method> <!-- setup -->
        <test-method signature="testInvalidRegistrationScenarios(java.lang.String,java.lang.String,java.lang.String,java.lang.String,java.lang.String)[pri:0, instance:testcases.RegistrationTest@7d8995e]" started-at="2026-01-01T16:25:51 IST" name="testInvalidRegistrationScenarios" data-provider="invalidRegistrationData" finished-at="2026-01-01T16:25:55 IST" duration-ms="4130" status="PASS">
          <params>
            <param index="0">
              <value>
                <![CDATA[Kadamba]]>
              </value>
            </param>
            <param index="1">
              <value>
                <![CDATA[vel]]>
              </value>
            </param>
            <param index="2">
              <value>
                <![CDATA[valid1767264919415@test.com]]>
              </value>
            </param>
            <param index="3">
              <value>
                <![CDATA[]]>
              </value>
            </param>
            <param index="4">
              <value>
                <![CDATA[password` is required]]>
              </value>
            </param>
          </params>
          <reporter-output>
          </reporter-output>
        </test-method> <!-- testInvalidRegistrationScenarios -->
        <test-method is-config="true" signature="tearDown()[pri:0, instance:testcases.RegistrationTest@7d8995e]" started-at="2026-01-01T16:25:55 IST" name="tearDown" finished-at="2026-01-01T16:25:56 IST" duration-ms="560" status="PASS">
          <reporter-output>
          </reporter-output>
        </test-method> <!-- tearDown -->
        <test-method is-config="true" signature="setup(java.lang.String)[pri:0, instance:testcases.RegistrationTest@7d8995e]" started-at="2026-01-01T16:25:56 IST" name="setup" finished-at="2026-01-01T16:26:01 IST" duration-ms="5005" status="PASS">
          <params>
            <param index="0">
              <value>
                <![CDATA[chrome]]>
              </value>
            </param>
          </params>
          <reporter-output>
          </reporter-output>
        </test-method> <!-- setup -->
        <test-method signature="testInvalidRegistrationScenarios(java.lang.String,java.lang.String,java.lang.String,java.lang.String,java.lang.String)[pri:0, instance:testcases.RegistrationTest@7d8995e]" started-at="2026-01-01T16:26:01 IST" name="testInvalidRegistrationScenarios" data-provider="invalidRegistrationData" finished-at="2026-01-01T16:26:06 IST" duration-ms="5364" status="PASS">
          <params>
            <param index="0">
              <value>
                <![CDATA[Kadamba]]>
              </value>
            </param>
            <param index="1">
              <value>
                <![CDATA[vel]]>
              </value>
            </param>
            <param index="2">
              <value>
                <![CDATA[valid1767264919415@test.com]]>
              </value>
            </param>
            <param index="3">
              <value>
                <![CDATA[123]]>
              </value>
            </param>
            <param index="4">
              <value>
                <![CDATA[is shorter than the minimum allowed length (7)]]>
              </value>
            </param>
          </params>
          <reporter-output>
          </reporter-output>
        </test-method> <!-- testInvalidRegistrationScenarios -->
        <test-method is-config="true" signature="tearDown()[pri:0, instance:testcases.RegistrationTest@7d8995e]" started-at="2026-01-01T16:26:06 IST" name="tearDown" finished-at="2026-01-01T16:26:07 IST" duration-ms="567" status="PASS">
          <reporter-output>
          </reporter-output>
        </test-method> <!-- tearDown -->
        <test-method is-config="true" signature="setup(java.lang.String)[pri:0, instance:testcases.RegistrationTest@7d8995e]" started-at="2026-01-01T16:26:07 IST" name="setup" finished-at="2026-01-01T16:26:16 IST" duration-ms="8570" status="PASS">
          <params>
            <param index="0">
              <value>
                <![CDATA[chrome]]>
              </value>
            </param>
          </params>
          <reporter-output>
          </reporter-output>
        </test-method> <!-- setup -->
        <test-method signature="testInvalidRegistrationScenarios(java.lang.String,java.lang.String,java.lang.String,java.lang.String,java.lang.String)[pri:0, instance:testcases.RegistrationTest@7d8995e]" started-at="2026-01-01T16:26:16 IST" name="testInvalidRegistrationScenarios" data-provider="invalidRegistrationData" finished-at="2026-01-01T16:26:20 IST" duration-ms="4678" status="PASS">
          <params>
            <param index="0">
              <value>
                <![CDATA[Kadamba]]>
              </value>
            </param>
            <param index="1">
              <value>
                <![CDATA[vel]]>
              </value>
            </param>
            <param index="2">
              <value>
                <![CDATA[valid1767264919415@valid]]>
              </value>
            </param>
            <param index="3">
              <value>
                <![CDATA[Password123$]]>
              </value>
            </param>
            <param index="4">
              <value>
                <![CDATA[Email is invalid]]>
              </value>
            </param>
          </params>
          <reporter-output>
          </reporter-output>
        </test-method> <!-- testInvalidRegistrationScenarios -->
        <test-method is-config="true" signature="tearDown()[pri:0, instance:testcases.RegistrationTest@7d8995e]" started-at="2026-01-01T16:26:20 IST" name="tearDown" finished-at="2026-01-01T16:26:21 IST" duration-ms="582" status="PASS">
          <reporter-output>
          </reporter-output>
        </test-method> <!-- tearDown -->
        <test-method is-config="true" signature="setup(java.lang.String)[pri:0, instance:testcases.RegistrationTest@7d8995e]" started-at="2026-01-01T16:27:20 IST" name="setup" finished-at="2026-01-01T16:27:25 IST" duration-ms="5067" status="PASS">
          <params>
            <param index="0">
              <value>
                <![CDATA[chrome]]>
              </value>
            </param>
          </params>
          <reporter-output>
          </reporter-output>
        </test-method> <!-- setup -->
        <test-method signature="testRegistrationWithExistingEmail()[pri:0, instance:testcases.RegistrationTest@7d8995e]" started-at="2026-01-01T16:27:25 IST" name="testRegistrationWithExistingEmail" finished-at="2026-01-01T16:27:38 IST" duration-ms="13596" status="PASS">
          <reporter-output>
          </reporter-output>
        </test-method> <!-- testRegistrationWithExistingEmail -->
        <test-method is-config="true" signature="tearDown()[pri:0, instance:testcases.RegistrationTest@7d8995e]" started-at="2026-01-01T16:27:38 IST" name="tearDown" finished-at="2026-01-01T16:27:39 IST" duration-ms="839" status="PASS">
          <reporter-output>
          </reporter-output>
        </test-method> <!-- tearDown -->
        <test-method is-config="true" signature="setup(java.lang.String)[pri:0, instance:testcases.RegistrationTest@7d8995e]" started-at="2026-01-01T16:27:47 IST" name="setup" finished-at="2026-01-01T16:27:52 IST" duration-ms="4709" status="PASS">
          <params>
            <param index="0">
              <value>
                <![CDATA[chrome]]>
              </value>
            </param>
          </params>
          <reporter-output>
          </reporter-output>
        </test-method> <!-- setup -->
        <test-method signature="testValidSignup()[pri:0, instance:testcases.RegistrationTest@7d8995e]" started-at="2026-01-01T16:27:52 IST" name="testValidSignup" finished-at="2026-01-01T16:27:56 IST" duration-ms="3951" status="PASS">
          <reporter-output>
          </reporter-output>
        </test-method> <!-- testValidSignup -->
        <test-method is-config="true" signature="tearDown()[pri:0, instance:testcases.RegistrationTest@7d8995e]" started-at="2026-01-01T16:27:56 IST" name="tearDown" finished-at="2026-01-01T16:27:57 IST" duration-ms="1663" status="PASS">
          <reporter-output>
          </reporter-output>
        </test-method> <!-- tearDown -->
      </class> <!-- testcases.RegistrationTest -->
    </test> <!-- Chrome Test -->
  </suite> <!-- MasterMergedSuite -->
</testng-results>
