<?xml version="1.0" encoding="UTF-8"?>
<!-- Generated by org.testng.reporters.JUnitReportReporter -->
<testsuite hostname="NMS-Karthick" failures="0" tests="10" name="testcases.LoginTest" time="136.875" errors="0" timestamp="2025-12-26T17:37:56 IST" skipped="0">
  <testcase classname="testcases.LoginTest" name="testInvalidEmailFormat" time="7.613"/>
  <testcase classname="testcases.LoginTest" name="testValidLogin" time="11.151"/>
  <testcase classname="testcases.LoginTest" name="testPasswordMasking" time="14.932"/>
  <testcase classname="testcases.LoginTest" name="testPasswordMasking" time="8.361"/>
  <testcase classname="testcases.LoginTest" name="testLoginWithEmptyFields" time="9.177"/>
  <testcase classname="testcases.LoginTest" name="testLoginWithEmptyFields" time="16.557"/>
  <testcase classname="testcases.LoginTest" name="testInvalidEmailFormat" time="14.047"/>
  <testcase classname="testcases.LoginTest" name="testLoginWithIncorrectPassword" time="25.706"/>
  <testcase classname="testcases.LoginTest" name="testValidLogin" time="14.377"/>
  <testcase classname="testcases.LoginTest" name="testLoginWithIncorrectPassword" time="14.954"/>
</testsuite> <!-- testcases.LoginTest -->
