<?xml version="1.0" encoding="UTF-8"?>
<!-- Generated by org.testng.reporters.JUnitReportReporter -->
<testsuite hostname="NMS-Karthick" failures="0" tests="4" name="testcases.InputValidationTest" time="81.992" errors="0" timestamp="2026-01-01T16:34:19 IST" skipped="0">
  <testcase classname="testcases.InputValidationTest" name="testMaxCharacterLimit" time="18.954"/>
  <testcase classname="testcases.InputValidationTest" name="testMaxCharacterLimit" time="15.228"/>
  <testcase classname="testcases.InputValidationTest" name="testUnicodeAndEmojis" time="24.025"/>
  <testcase classname="testcases.InputValidationTest" name="testUnicodeAndEmojis" time="23.785"/>
</testsuite> <!-- testcases.InputValidationTest -->
