<?xml version="1.0" encoding="UTF-8"?>
<!-- Generated by org.testng.reporters.JUnitReportReporter -->
<testsuite hostname="NMS-Karthick" failures="0" tests="10" name="testcases.AddContactTest" time="207.351" errors="0" timestamp="2026-01-01T16:34:19 IST" skipped="0">
  <testcase classname="testcases.AddContactTest" name="testAddValidContact" time="21.414"/>
  <testcase classname="testcases.AddContactTest" name="testAddValidContact" time="16.713"/>
  <testcase classname="testcases.AddContactTest" name="testAddContactMissingRequiredFields" time="31.139"/>
  <testcase classname="testcases.AddContactTest" name="testAddContactMissingRequiredFields" time="15.518"/>
  <testcase classname="testcases.AddContactTest" name="testInvalidPhoneInput" time="17.623"/>
  <testcase classname="testcases.AddContactTest" name="testInvalidPhoneInput" time="34.913"/>
  <testcase classname="testcases.AddContactTest" name="testDuplicateContactBehavior" time="25.285"/>
  <testcase classname="testcases.AddContactTest" name="testDuplicateContactBehavior" time="15.459"/>
  <testcase classname="testcases.AddContactTest" name="testFormResetAfterAddition" time="14.008"/>
  <testcase classname="testcases.AddContactTest" name="testFormResetAfterAddition" time="15.279"/>
</testsuite> <!-- testcases.AddContactTest -->
