<?xml version="1.0" encoding="UTF-8"?>
<!-- Generated by org.testng.reporters.JUnitReportReporter -->
<testsuite hostname="NMS-Karthick" failures="0" tests="5" name="p1_cms.LoginTest" time="22.668" errors="0" timestamp="2025-12-12T11:51:14 IST" skipped="0">
  <testcase classname="p1_cms.LoginTest" name="testValidLogin" time="4.761"/>
  <testcase classname="p1_cms.LoginTest" name="testLoginWithIncorrectPassword" time="4.409"/>
  <testcase classname="p1_cms.LoginTest" name="testLoginWithEmptyFields" time="4.185"/>
  <testcase classname="p1_cms.LoginTest" name="testInvalidEmailFormat" time="4.922"/>
  <testcase classname="p1_cms.LoginTest" name="testPasswordMasking" time="4.391"/>
</testsuite> <!-- p1_cms.LoginTest -->
