<?xml version="1.0" encoding="UTF-8"?>
<!-- Generated by org.testng.reporters.JUnitReportReporter -->
<testsuite hostname="NMS-Karthick" failures="0" tests="10" name="testcases.LoginTest" time="108.748" errors="0" timestamp="2026-01-01T16:34:19 IST" skipped="0">
  <testcase classname="testcases.LoginTest" name="testPasswordMasking" time="6.162"/>
  <testcase classname="testcases.LoginTest" name="testLoginWithIncorrectPassword" time="7.106"/>
  <testcase classname="testcases.LoginTest" name="testPasswordMasking" time="29.785"/>
  <testcase classname="testcases.LoginTest" name="testInvalidEmailFormat" time="6.935"/>
  <testcase classname="testcases.LoginTest" name="testLoginWithIncorrectPassword" time="8.204"/>
  <testcase classname="testcases.LoginTest" name="testValidLogin" time="8.692"/>
  <testcase classname="testcases.LoginTest" name="testLoginWithEmptyFields" time="8.994"/>
  <testcase classname="testcases.LoginTest" name="testValidLogin" time="7.905"/>
  <testcase classname="testcases.LoginTest" name="testLoginWithEmptyFields" time="6.312"/>
  <testcase classname="testcases.LoginTest" name="testInvalidEmailFormat" time="18.653"/>
</testsuite> <!-- testcases.LoginTest -->
