<?xml version="1.0" encoding="UTF-8"?>
<!-- Generated by org.testng.reporters.JUnitReportReporter -->
<testsuite hostname="NMS-Karthick" failures="1" tests="6" name="testcases.DeleteContactTest" time="117.840" errors="0" timestamp="2026-01-01T16:34:19 IST" skipped="0">
  <testcase classname="testcases.DeleteContactTest" name="testSelectSpecificContact" time="11.835"/>
  <testcase classname="testcases.DeleteContactTest" name="testSelectSpecificContact" time="13.736"/>
  <testcase classname="testcases.DeleteContactTest" name="testDeleteContactAlert" time="13.140"/>
  <testcase classname="testcases.DeleteContactTest" name="testDeleteContactAlert" time="13.818"/>
  <testcase classname="testcases.DeleteContactTest" name="testDeleteContactPermanently" time="51.454"/>
  <testcase classname="testcases.DeleteContactTest" name="testDeleteContactPermanently" time="13.857">
    <failure message="Contact was not deleted successfully." type="java.lang.AssertionError">
      <![CDATA[java.lang.AssertionError: Contact was not deleted successfully.
at org.testng.Assert.fail(Assert.java:111)
at testcases.DeleteContactTest.testDeleteContactPermanently(DeleteContactTest.java:146)
at java.base/jdk.internal.reflect.DirectMethodHandleAccessor.invoke(DirectMethodHandleAccessor.java:104)
at java.base/java.lang.reflect.Method.invoke(Method.java:565)
at org.testng.internal.invokers.MethodInvocationHelper.invokeMethod(MethodInvocationHelper.java:141)
at org.testng.internal.invokers.TestInvoker.invokeMethod(TestInvoker.java:687)
at org.testng.internal.invokers.TestInvoker.invokeTestMethod(TestInvoker.java:230)
at org.testng.internal.invokers.MethodRunner.runInSequence(MethodRunner.java:63)
at org.testng.internal.invokers.TestInvoker$MethodInvocationAgent.invoke(TestInvoker.java:995)
at org.testng.internal.invokers.TestInvoker.invokeTestMethods(TestInvoker.java:203)
at org.testng.internal.invokers.TestMethodWorker.invokeTestMethods(TestMethodWorker.java:154)
at org.testng.internal.invokers.TestMethodWorker.run(TestMethodWorker.java:134)
at java.base/java.util.ArrayList.forEach(ArrayList.java:1604)
at org.testng.TestRunner.privateRun(TestRunner.java:741)
at org.testng.TestRunner.run(TestRunner.java:616)
at org.testng.SuiteRunner.runTest(SuiteRunner.java:421)
at org.testng.SuiteRunner$SuiteWorker.run(SuiteRunner.java:463)
at org.testng.internal.thread.ThreadUtil.lambda$execute$0(ThreadUtil.java:64)
at java.base/java.util.concurrent.FutureTask.run(FutureTask.java:328)
at java.base/java.util.concurrent.ThreadPoolExecutor.runWorker(ThreadPoolExecutor.java:1090)
at java.base/java.util.concurrent.ThreadPoolExecutor$Worker.run(ThreadPoolExecutor.java:614)
at java.base/java.lang.Thread.run(Thread.java:1474)
]]>
    </failure>
  </testcase> <!-- testDeleteContactPermanently -->
</testsuite> <!-- testcases.DeleteContactTest -->
