<?xml version="1.0" encoding="UTF-8"?>
<!-- Generated by org.testng.reporters.JUnitReportReporter -->
<testsuite hostname="NMS-Karthick" failures="0" tests="4" name="testcases.InputValidationTest" time="68.450" errors="0" timestamp="2025-12-26T17:37:56 IST" skipped="0">
  <testcase classname="testcases.InputValidationTest" name="testMaxCharacterLimit" time="18.244"/>
  <testcase classname="testcases.InputValidationTest" name="testMaxCharacterLimit" time="10.753"/>
  <testcase classname="testcases.InputValidationTest" name="testUnicodeAndEmojis" time="23.535"/>
  <testcase classname="testcases.InputValidationTest" name="testUnicodeAndEmojis" time="15.918"/>
</testsuite> <!-- testcases.InputValidationTest -->
