<?xml version="1.0" encoding="UTF-8"?>
<!-- Generated by org.testng.reporters.JUnitReportReporter -->
<testsuite hostname="NMS-Karthick" failures="0" tests="10" name="testcases.AddContactTest" time="155.871" errors="0" timestamp="2025-12-26T17:37:56 IST" skipped="0">
  <testcase classname="testcases.AddContactTest" name="testAddValidContact" time="12.560"/>
  <testcase classname="testcases.AddContactTest" name="testAddValidContact" time="19.287"/>
  <testcase classname="testcases.AddContactTest" name="testAddContactMissingRequiredFields" time="16.771"/>
  <testcase classname="testcases.AddContactTest" name="testAddContactMissingRequiredFields" time="11.134"/>
  <testcase classname="testcases.AddContactTest" name="testInvalidPhoneInput" time="11.608"/>
  <testcase classname="testcases.AddContactTest" name="testInvalidPhoneInput" time="18.119"/>
  <testcase classname="testcases.AddContactTest" name="testDuplicateContactBehavior" time="23.373"/>
  <testcase classname="testcases.AddContactTest" name="testDuplicateContactBehavior" time="13.770"/>
  <testcase classname="testcases.AddContactTest" name="testFormResetAfterAddition" time="11.575"/>
  <testcase classname="testcases.AddContactTest" name="testFormResetAfterAddition" time="17.674"/>
</testsuite> <!-- testcases.AddContactTest -->
