<?xml version="1.0" encoding="UTF-8"?>
<!-- Generated by org.testng.reporters.JUnitReportReporter -->
<testsuite hostname="NMS-Karthick" failures="0" tests="16" name="testcases.RegistrationTest" time="202.666" errors="0" timestamp="2026-01-01T16:34:19 IST" skipped="0">
  <testcase classname="testcases.RegistrationTest" name="testInvalidRegistrationScenarios" time="27.346"/>
  <testcase classname="testcases.RegistrationTest" name="testInvalidRegistrationScenarios" time="10.630"/>
  <testcase classname="testcases.RegistrationTest" name="testRegistrationWithExistingEmail" time="19.968"/>
  <testcase classname="testcases.RegistrationTest" name="testInvalidRegistrationScenarios" time="12.144"/>
  <testcase classname="testcases.RegistrationTest" name="testInvalidRegistrationScenarios" time="12.365"/>
  <testcase classname="testcases.RegistrationTest" name="testInvalidRegistrationScenarios" time="13.433"/>
  <testcase classname="testcases.RegistrationTest" name="testInvalidRegistrationScenarios" time="12.119"/>
  <testcase classname="testcases.RegistrationTest" name="testInvalidRegistrationScenarios" time="10.350"/>
  <testcase classname="testcases.RegistrationTest" name="testValidSignup" time="9.363"/>
  <testcase classname="testcases.RegistrationTest" name="testInvalidRegistrationScenarios" time="9.501"/>
  <testcase classname="testcases.RegistrationTest" name="testValidSignup" time="12.338"/>
  <testcase classname="testcases.RegistrationTest" name="testInvalidRegistrationScenarios" time="8.856"/>
  <testcase classname="testcases.RegistrationTest" name="testInvalidRegistrationScenarios" time="11.372"/>
  <testcase classname="testcases.RegistrationTest" name="testInvalidRegistrationScenarios" time="8.327"/>
  <testcase classname="testcases.RegistrationTest" name="testInvalidRegistrationScenarios" time="8.101"/>
  <testcase classname="testcases.RegistrationTest" name="testRegistrationWithExistingEmail" time="16.453"/>
</testsuite> <!-- testcases.RegistrationTest -->
