<?xml version="1.0" encoding="UTF-8"?>
<!-- Generated by org.testng.reporters.JUnitXMLReporter -->
<testsuite ignored="0" hostname="NMS-Karthick" failures="0" tests="6" name="Edge Test" time="85.11" errors="0" timestamp="2025-12-16T14:33:51 IST">
  <testcase classname="testcases.LoginTest" name="testInvalidEmailFormat" time="0.0">
    <skipped/>
  </testcase> <!-- testInvalidEmailFormat -->
  <testcase classname="testcases.LoginTest" name="testLoginWithEmptyFields" time="0.0">
    <skipped/>
  </testcase> <!-- testLoginWithEmptyFields -->
  <testcase classname="testcases.LoginTest" name="testLoginWithIncorrectPassword" time="0.0">
    <skipped/>
  </testcase> <!-- testLoginWithIncorrectPassword -->
  <testcase classname="testcases.LoginTest" name="testPasswordMasking" time="0.005">
    <skipped/>
  </testcase> <!-- testPasswordMasking -->
  <testcase classname="testcases.LoginTest" name="testValidLogin" time="0.0">
    <skipped/>
  </testcase> <!-- testValidLogin -->
  <testcase classname="testcases.RegistrationTest" name="testValidSignup" time="0.001">
    <skipped/>
  </testcase> <!-- testValidSignup -->
</testsuite> <!-- Edge Test -->
